<?xml version="1.0" encoding="UTF-8"?>
<testsuite xmlns:xsi="http://www.w3.org/2001/XMLSchema-instance" xsi:noNamespaceSchemaLocation="https://maven.apache.org/surefire/maven-surefire-plugin/xsd/surefire-test-report-3.0.xsd" version="3.0" name="com.segroup8.platform.integration.OrderRefundUc14IntegrationTest(domain-c-uc14-20260827100804207)" time="1.981" tests="5" errors="0" skipped="0" failures="0">
  <properties>
[...]
</properties>
  <testcase name="concurrentSellerAndAdminApproval_hasAtMostOneRefundSideEffect" classname="com.segroup8.platform.integration.OrderRefundUc14IntegrationTest(domain-c-uc14-20260827100804207)" time="0.113">
    <system-out><![CDATA[2026-08-27T18:08:32.110+08:00  INFO 49420 --- [segroup8-platform] [           main] t.c.s.AnnotationConfigContextLoaderUtils : Could not detect default configuration classes for test class [com.segroup8.platform.integration.OrderRefundUc14IntegrationTest]: OrderRefundUc14IntegrationTest does not declare any static, non-private, non-final, nested classes annotated with @Configuration.
2026-08-27T18:08:32.112+08:00  INFO 49420 --- [segroup8-platform] [           main] .b.t.c.SpringBootTestContextBootstrapper : Found @SpringBootConfiguration com.segroup8.platform.PlatformApplication for test class com.segroup8.platform.integration.OrderRefundUc14IntegrationTest

  .   ____          _            __ _ _
 /\\ / ___'_ __ _ _(_)_ __  __ _ \ \ \ \
( ( )\___ | '_ | '_| | '_ \/ _` | \ \ \ \
 \\/  ___)| |_)| | | | | || (_| |  ) ) ) )
  '  |____| .__|_| |_|_| |_\__, | / / / /
 =========|_|==============|___/=/_/_/_/

 :: Spring Boot ::                (v3.3.4)

2026-08-27T18:08:32.165+08:00  INFO 49420 --- [segroup8-platform] [           main] c.s.p.i.OrderRefundUc14IntegrationTest   : Starting OrderRefundUc14IntegrationTest using Java 17.0.7 with PID 49420 (started by 29382 in C:\Users\29382\Desktop\VSCode\software\SEGroup8\backend)
2026-08-27T18:08:32.166+08:00  INFO 49420 --- [segroup8-platform] [           main] c.s.p.i.OrderRefundUc14IntegrationTest   : The following 1 profile is active: "test"
Logging initialized using 'class org.apache.ibatis.logging.stdout.StdOutImpl' adapter.
Get /172.24.192.1 network interface 
Get network interface info: name:eth25 (Hyper-V Virtual Ethernet Adapter)
Initialization Sequence datacenterId:18 workerId:6
 _ _   |_  _ _|_. ___ _ |    _ 
| | |\/|_)(_| | |_\  |_)||_|_\ 
     /               |         
                        3.5.7 
2026-08-27T18:08:32.951+08:00  INFO 49420 --- [segroup8-platform] [           main] com.zaxxer.hikari.HikariDataSource       : HikariPool-2 - Starting...
2026-08-27T18:08:32.953+08:00  INFO 49420 --- [segroup8-platform] [           main] com.zaxxer.hikari.pool.HikariPool        : HikariPool-2 - Added connection conn10: url=jdbc:h2:mem:segroup8_test user=SA
2026-08-27T18:08:32.953+08:00  INFO 49420 --- [segroup8-platform] [           main] com.zaxxer.hikari.HikariDataSource       : HikariPool-2 - Start completed.
2026-08-27T18:08:33.641+08:00  INFO 49420 --- [segroup8-platform] [           main] o.s.b.a.e.web.EndpointLinksResolver      : Exposing 2 endpoints beneath base path '/actuator'
Creating a new SqlSession
SqlSession [org.apache.ibatis.session.defaults.DefaultSqlSession@e302ec7] was not registered for synchronization because synchronization is not active
JDBC Connection [HikariProxyConnection@168799193 wrapping conn10: url=jdbc:h2:mem:segroup8_test user=SA] will not be managed by Spring
==>  Preparing: DELETE FROM idempotency_record WHERE (expire_time < ?)
2026-08-27T18:08:33.665+08:00  INFO 49420 --- [segroup8-platform] [           main] c.s.p.i.OrderRefundUc14IntegrationTest   : Started OrderRefundUc14IntegrationTest in 1.546 seconds (process running for 14.817)
==> Parameters: 2026-08-27T18:08:33.664342500(LocalDateTime)
<==    Updates: 0
Closing non transactional SqlSession [org.apache.ibatis.session.defaults.DefaultSqlSession@e302ec7]
Creating a new SqlSession
Registering transaction synchronization for SqlSession [org.apache.ibatis.session.defaults.DefaultSqlSession@15d94f22]
JDBC Connection [HikariProxyConnection@439059377 wrapping conn10: url=jdbc:h2:mem:segroup8_test user=SA] will be managed by Spring
==>  Preparing: SELECT id,order_no,buyer_user_id,total_amount,pay_status,order_status,refund_status,refund_reason,refund_proof_urls,receiver_name,receiver_phone,receiver_province,receiver_city,receiver_detail_address,pay_method,delivery_no,remark,create_time,paid_time,shipped_time,received_time,completed_time,closed_time,refund_apply_time,refund_decision_time,refund_decision_user_id,refund_decision_remark,refund_decision_source,logistics_template_id,logistics_status,logistics_current_index,can_refund,after_sales_deadline,delivery_time,arrival_time,auto_confirm_deadline,refund_mode,voucher_id,voucher_discount_amount,seller_bear_amount,platform_bear_amount,payable_amount,version,update_time FROM order_info WHERE id=?
==> Parameters: 301(Long)
<==    Columns: id, order_no, buyer_user_id, total_amount, pay_status, order_status, refund_status, refund_reason, refund_proof_urls, receiver_name, receiver_phone, receiver_province, receiver_city, receiver_detail_address, pay_method, delivery_no, remark, create_time, paid_time, shipped_time, received_time, completed_time, closed_time, refund_apply_time, refund_decision_time, refund_decision_user_id, refund_decision_remark, refund_decision_source, logistics_template_id, logistics_status, logistics_current_index, can_refund, after_sales_deadline, delivery_time, arrival_time, auto_confirm_deadline, refund_mode, voucher_id, voucher_discount_amount, seller_bear_amount, platform_bear_amount, payable_amount, version, update_time
<==        Row: 301, ORD_FLOW_301, 1, 120.00, 1, 2, 0, null, null, null, null, null, null, null, null, null, null, 2026-08-27 18:08:33.697641, null, null, null, null, null, null, null, null, null, null, null, ARRIVED, 2, 1, null, null, null, 2026-08-27 16:08:33.697641, null, null, null, null, null, null, 0, 2026-08-27 18:08:33.697641
<==      Total: 1
Releasing transactional SqlSession [org.apache.ibatis.session.defaults.DefaultSqlSession@15d94f22]
Fetched SqlSession [org.apache.ibatis.session.defaults.DefaultSqlSession@15d94f22] from current transaction
==>  Preparing: UPDATE order_info SET refund_status=?,refund_apply_time=?,refund_mode=?,refund_reason=?,version = version + 1 WHERE (id = ? AND buyer_user_id = ? AND refund_status IN (?,?) AND order_status <> ? AND order_status <> ? AND version = ?)
==> Parameters: 1(Integer), 2026-08-27T18:08:33.705233800(LocalDateTime), RETURN_REFUND(String), 并发审核(String), 301(Long), 1(Long), 0(Integer), 3(Integer), 0(Integer), 9(Integer), 0(Integer)
<==    Updates: 1
Releasing transactional SqlSession [org.apache.ibatis.session.defaults.DefaultSqlSession@15d94f22]
Fetched SqlSession [org.apache.ibatis.session.defaults.DefaultSqlSession@15d94f22] from current transaction
==>  Preparing: SELECT id,order_id,action,operator_user_id,operator_role,remark,create_time FROM order_after_sale_log WHERE (order_id = ? AND action = ? AND operator_user_id = ? AND operator_role = ?) ORDER BY id DESC limit 1
==> Parameters: 301(Long), APPLY(String), 1(Long), BUYER(String)
<==      Total: 0
Releasing transactional SqlSession [org.apache.ibatis.session.defaults.DefaultSqlSession@15d94f22]
Fetched SqlSession [org.apache.ibatis.session.defaults.DefaultSqlSession@15d94f22] from current transaction
==>  Preparing: INSERT INTO order_after_sale_log ( order_id, action, operator_user_id, operator_role, remark, create_time ) VALUES ( ?, ?, ?, ?, ?, ? )
==> Parameters: 301(Long), APPLY(String), 1(Long), BUYER(String), 并发审核(String), 2026-08-27T18:08:33.713327300(LocalDateTime)
<==    Updates: 1
Releasing transactional SqlSession [org.apache.ibatis.session.defaults.DefaultSqlSession@15d94f22]
Fetched SqlSession [org.apache.ibatis.session.defaults.DefaultSqlSession@15d94f22] from current transaction
==>  Preparing: SELECT id,order_id,product_type,product_id,product_name,price,quantity,status,create_time,update_time FROM order_item WHERE (order_id = ?)
==> Parameters: 301(Long)
<==    Columns: id, order_id, product_type, product_id, product_name, price, quantity, status, create_time, update_time
<==        Row: 30101, 301, NEW, 401, 鑷姩纭娴嬭瘯鍟嗗搧, 60.00, 2, 1, 2026-08-27 18:08:33.697641, 2026-08-27 18:08:33.697641
<==      Total: 1
Releasing transactional SqlSession [org.apache.ibatis.session.defaults.DefaultSqlSession@15d94f22]
Fetched SqlSession [org.apache.ibatis.session.defaults.DefaultSqlSession@15d94f22] from current transaction
==>  Preparing: SELECT id,shop_id,name,cover,images,description,price,category_id,sub_category_id,stock,status,create_time,update_time FROM product WHERE id=?
==> Parameters: 401(Long)
<==    Columns: id, shop_id, name, cover, images, description, price, category_id, sub_category_id, stock, status, create_time, update_time
<==        Row: 401, 501, 鑷姩纭娴嬭瘯鍟嗗搧, null, null, null, 60.00, null, null, 100, 1, 2026-08-27 18:08:33.697641, 2026-08-27 18:08:33.697641
<==      Total: 1
Releasing transactional SqlSession [org.apache.ibatis.session.defaults.DefaultSqlSession@15d94f22]
Fetched SqlSession [org.apache.ibatis.session.defaults.DefaultSqlSession@15d94f22] from current transaction
==>  Preparing: SELECT id,owner_user_id,name,logo,description,region,contact_name,contact_phone,id_card_no_masked,warehouse_addr,decoration_json,status FROM shop WHERE id=?
==> Parameters: 501(Long)
<==    Columns: id, owner_user_id, name, logo, description, region, contact_name, contact_phone, id_card_no_masked, warehouse_addr, decoration_json, status
<==        Row: 501, 10, 鍟嗗A搴楅摵, null, null, null, null, null, null, null, null, 1
<==      Total: 1
Releasing transactional SqlSession [org.apache.ibatis.session.defaults.DefaultSqlSession@15d94f22]
Fetched SqlSession [org.apache.ibatis.session.defaults.DefaultSqlSession@15d94f22] from current transaction
Releasing transactional SqlSession [org.apache.ibatis.session.defaults.DefaultSqlSession@15d94f22]
Fetched SqlSession [org.apache.ibatis.session.defaults.DefaultSqlSession@15d94f22] from current transaction
==>  Preparing: INSERT INTO notification ( user_id, title, content, target_path, is_read, create_time ) VALUES ( ?, ?, ?, ?, ?, ? )
==> Parameters: 10(Long), 收到退款申请(String), 订单号：ORD_FLOW_301，买家申请退款，请及时处理。原因：并发审核(String), /merchant/orders/301(String), 0(Integer), 2026-08-27T18:08:33.724925200(LocalDateTime)
<==    Updates: 1
Releasing transactional SqlSession [org.apache.ibatis.session.defaults.DefaultSqlSession@15d94f22]
Fetched SqlSession [org.apache.ibatis.session.defaults.DefaultSqlSession@15d94f22] from current transaction
==>  Preparing: SELECT id,order_no,buyer_user_id,total_amount,pay_status,order_status,refund_status,refund_reason,refund_proof_urls,receiver_name,receiver_phone,receiver_province,receiver_city,receiver_detail_address,pay_method,delivery_no,remark,create_time,paid_time,shipped_time,received_time,completed_time,closed_time,refund_apply_time,refund_decision_time,refund_decision_user_id,refund_decision_remark,refund_decision_source,logistics_template_id,logistics_status,logistics_current_index,can_refund,after_sales_deadline,delivery_time,arrival_time,auto_confirm_deadline,refund_mode,voucher_id,voucher_discount_amount,seller_bear_amount,platform_bear_amount,payable_amount,version,update_time FROM order_info WHERE id=?
==> Parameters: 301(Long)
<==    Columns: id, order_no, buyer_user_id, total_amount, pay_status, order_status, refund_status, refund_reason, refund_proof_urls, receiver_name, receiver_phone, receiver_province, receiver_city, receiver_detail_address, pay_method, delivery_no, remark, create_time, paid_time, shipped_time, received_time, completed_time, closed_time, refund_apply_time, refund_decision_time, refund_decision_user_id, refund_decision_remark, refund_decision_source, logistics_template_id, logistics_status, logistics_current_index, can_refund, after_sales_deadline, delivery_time, arrival_time, auto_confirm_deadline, refund_mode, voucher_id, voucher_discount_amount, seller_bear_amount, platform_bear_amount, payable_amount, version, update_time
<==        Row: 301, ORD_FLOW_301, 1, 120.00, 1, 2, 1, 并发审核, null, null, null, null, null, null, null, null, null, 2026-08-27 18:08:33.697641, null, null, null, null, null, 2026-08-27 18:08:33.705234, null, null, null, null, null, ARRIVED, 2, 1, null, null, null, 2026-08-27 16:08:33.697641, RETURN_REFUND, null, null, null, null, null, 1, 2026-08-27 18:08:33.697641
<==      Total: 1
Releasing transactional SqlSession [org.apache.ibatis.session.defaults.DefaultSqlSession@15d94f22]
Fetched SqlSession [org.apache.ibatis.session.defaults.DefaultSqlSession@15d94f22] from current transaction
==>  Preparing: SELECT id,order_id,product_type,product_id,product_name,price,quantity,status,create_time,update_time FROM order_item WHERE (order_id = ?) ORDER BY id ASC
==> Parameters: 301(Long)
<==    Columns: id, order_id, product_type, product_id, product_name, price, quantity, status, create_time, update_time
<==        Row: 30101, 301, NEW, 401, 鑷姩纭娴嬭瘯鍟嗗搧, 60.00, 2, 1, 2026-08-27 18:08:33.697641, 2026-08-27 18:08:33.697641
<==      Total: 1
Releasing transactional SqlSession [org.apache.ibatis.session.defaults.DefaultSqlSession@15d94f22]
Fetched SqlSession [org.apache.ibatis.session.defaults.DefaultSqlSession@15d94f22] from current transaction
==>  Preparing: SELECT id,shop_id,name,cover,images,description,price,category_id,sub_category_id,stock,status,create_time,update_time FROM product WHERE id=?
==> Parameters: 401(Long)
<==    Columns: id, shop_id, name, cover, images, description, price, category_id, sub_category_id, stock, status, create_time, update_time
<==        Row: 401, 501, 鑷姩纭娴嬭瘯鍟嗗搧, null, null, null, 60.00, null, null, 100, 1, 2026-08-27 18:08:33.697641, 2026-08-27 18:08:33.697641
<==      Total: 1
Releasing transactional SqlSession [org.apache.ibatis.session.defaults.DefaultSqlSession@15d94f22]
Fetched SqlSession [org.apache.ibatis.session.defaults.DefaultSqlSession@15d94f22] from current transaction
==>  Preparing: SELECT id,owner_user_id,name,logo,description,region,contact_name,contact_phone,id_card_no_masked,warehouse_addr,decoration_json,status FROM shop WHERE id=?
==> Parameters: 501(Long)
<==    Columns: id, owner_user_id, name, logo, description, region, contact_name, contact_phone, id_card_no_masked, warehouse_addr, decoration_json, status
<==        Row: 501, 10, 鍟嗗A搴楅摵, null, null, null, null, null, null, null, null, 1
<==      Total: 1
Releasing transactional SqlSession [org.apache.ibatis.session.defaults.DefaultSqlSession@15d94f22]
Transaction synchronization committing SqlSession [org.apache.ibatis.session.defaults.DefaultSqlSession@15d94f22]
Transaction synchronization deregistering SqlSession [org.apache.ibatis.session.defaults.DefaultSqlSession@15d94f22]
Transaction synchronization closing SqlSession [org.apache.ibatis.session.defaults.DefaultSqlSession@15d94f22]
Creating a new SqlSession
Registering transaction synchronization for SqlSession [org.apache.ibatis.session.defaults.DefaultSqlSession@181695dd]
Creating a new SqlSession
JDBC Connection [HikariProxyConnection@317652653 wrapping conn10: url=jdbc:h2:mem:segroup8_test user=SA] will be managed by Spring
==>  Preparing: SELECT id,order_no,buyer_user_id,total_amount,pay_status,order_status,refund_status,refund_reason,refund_proof_urls,receiver_name,receiver_phone,receiver_province,receiver_city,receiver_detail_address,pay_method,delivery_no,remark,create_time,paid_time,shipped_time,received_time,completed_time,closed_time,refund_apply_time,refund_decision_time,refund_decision_user_id,refund_decision_remark,refund_decision_source,logistics_template_id,logistics_status,logistics_current_index,can_refund,after_sales_deadline,delivery_time,arrival_time,auto_confirm_deadline,refund_mode,voucher_id,voucher_discount_amount,seller_bear_amount,platform_bear_amount,payable_amount,version,update_time FROM order_info WHERE id=?
Registering transaction synchronization for SqlSession [org.apache.ibatis.session.defaults.DefaultSqlSession@709ada5c]
==> Parameters: 301(Long)
JDBC Connection [HikariProxyConnection@2053288236 wrapping conn11: url=jdbc:h2:mem:segroup8_test user=SA] will be managed by Spring
==>  Preparing: SELECT id,order_no,buyer_user_id,total_amount,pay_status,order_status,refund_status,refund_reason,refund_proof_urls,receiver_name,receiver_phone,receiver_province,receiver_city,receiver_detail_address,pay_method,delivery_no,remark,create_time,paid_time,shipped_time,received_time,completed_time,closed_time,refund_apply_time,refund_decision_time,refund_decision_user_id,refund_decision_remark,refund_decision_source,logistics_template_id,logistics_status,logistics_current_index,can_refund,after_sales_deadline,delivery_time,arrival_time,auto_confirm_deadline,refund_mode,voucher_id,voucher_discount_amount,seller_bear_amount,platform_bear_amount,payable_amount,version,update_time FROM order_info WHERE id=?
<==    Columns: id, order_no, buyer_user_id, total_amount, pay_status, order_status, refund_status, refund_reason, refund_proof_urls, receiver_name, receiver_phone, receiver_province, receiver_city, receiver_detail_address, pay_method, delivery_no, remark, create_time, paid_time, shipped_time, received_time, completed_time, closed_time, refund_apply_time, refund_decision_time, refund_decision_user_id, refund_decision_remark, refund_decision_source, logistics_template_id, logistics_status, logistics_current_index, can_refund, after_sales_deadline, delivery_time, arrival_time, auto_confirm_deadline, refund_mode, voucher_id, voucher_discount_amount, seller_bear_amount, platform_bear_amount, payable_amount, version, update_time
<==        Row: 301, ORD_FLOW_301, 1, 120.00, 1, 2, 1, 并发审核, null, null, null, null, null, null, null, null, null, 2026-08-27 18:08:33.697641, null, null, null, null, null, 2026-08-27 18:08:33.705234, null, null, null, null, null, ARRIVED, 2, 1, null, null, null, 2026-08-27 16:08:33.697641, RETURN_REFUND, null, null, null, null, null, 1, 2026-08-27 18:08:33.697641
==> Parameters: 301(Long)
<==    Columns: id, order_no, buyer_user_id, total_amount, pay_status, order_status, refund_status, refund_reason, refund_proof_urls, receiver_name, receiver_phone, receiver_province, receiver_city, receiver_detail_address, pay_method, delivery_no, remark, create_time, paid_time, shipped_time, received_time, completed_time, closed_time, refund_apply_time, refund_decision_time, refund_decision_user_id, refund_decision_remark, refund_decision_source, logistics_template_id, logistics_status, logistics_current_index, can_refund, after_sales_deadline, delivery_time, arrival_time, auto_confirm_deadline, refund_mode, voucher_id, voucher_discount_amount, seller_bear_amount, platform_bear_amount, payable_amount, version, update_time
<==        Row: 301, ORD_FLOW_301, 1, 120.00, 1, 2, 1, 并发审核, null, null, null, null, null, null, null, null, null, 2026-08-27 18:08:33.697641, null, null, null, null, null, 2026-08-27 18:08:33.705234, null, null, null, null, null, ARRIVED, 2, 1, null, null, null, 2026-08-27 16:08:33.697641, RETURN_REFUND, null, null, null, null, null, 1, 2026-08-27 18:08:33.697641
<==      Total: 1
Releasing transactional SqlSession [org.apache.ibatis.session.defaults.DefaultSqlSession@181695dd]
<==      Total: 1
Releasing transactional SqlSession [org.apache.ibatis.session.defaults.DefaultSqlSession@709ada5c]
Fetched SqlSession [org.apache.ibatis.session.defaults.DefaultSqlSession@709ada5c] from current transaction
Fetched SqlSession [org.apache.ibatis.session.defaults.DefaultSqlSession@181695dd] from current transaction
==>  Preparing: SELECT id,order_id,product_type,product_id,product_name,price,quantity,status,create_time,update_time FROM order_item WHERE (order_id = ?) ORDER BY id ASC
==> Parameters: 301(Long)
<==    Columns: id, order_id, product_type, product_id, product_name, price, quantity, status, create_time, update_time
<==        Row: 30101, 301, NEW, 401, 鑷姩纭娴嬭瘯鍟嗗搧, 60.00, 2, 1, 2026-08-27 18:08:33.697641, 2026-08-27 18:08:33.697641
<==      Total: 1
Releasing transactional SqlSession [org.apache.ibatis.session.defaults.DefaultSqlSession@709ada5c]
Fetched SqlSession [org.apache.ibatis.session.defaults.DefaultSqlSession@709ada5c] from current transaction
==>  Preparing: UPDATE order_info SET refund_status=?,order_status=?,refund_decision_time=?,refund_decision_user_id=?,refund_decision_remark=?,refund_decision_source=?,closed_time=?,can_refund=?,version = version + 1 WHERE (id = ? AND refund_status = ? AND version = ?)
==> Parameters: 2(Integer), 9(Integer), 2026-08-27T18:08:33.746120500(LocalDateTime), 2(Long), 管理员并发审核(String), ADMIN(String), 2026-08-27T18:08:33.746120500(LocalDateTime), 0(Integer), 301(Long), 1(Integer), 1(Integer)
==>  Preparing: SELECT id,order_id,product_type,product_id,product_name,price,quantity,status,create_time,update_time FROM order_item WHERE (order_id = ?) ORDER BY id ASC
==> Parameters: 301(Long)
<==    Updates: 1
<==    Columns: id, order_id, product_type, product_id, product_name, price, quantity, status, create_time, update_time
Releasing transactional SqlSession [org.apache.ibatis.session.defaults.DefaultSqlSession@709ada5c]
<==        Row: 30101, 301, NEW, 401, 鑷姩纭娴嬭瘯鍟嗗搧, 60.00, 2, 1, 2026-08-27 18:08:33.697641, 2026-08-27 18:08:33.697641
Fetched SqlSession [org.apache.ibatis.session.defaults.DefaultSqlSession@709ada5c] from current transaction
<==      Total: 1
Releasing transactional SqlSession [org.apache.ibatis.session.defaults.DefaultSqlSession@181695dd]
==>  Preparing: SELECT user_id,personal_balance,business_balance,version,create_time,update_time FROM balance WHERE user_id=?
==> Parameters: 1(Long)
<==    Columns: user_id, personal_balance, business_balance, version, create_time, update_time
<==        Row: 1, 0.00, 0.00, 0, 2026-08-27 18:08:33.697641, 2026-08-27 18:08:33.697641
<==      Total: 1
Releasing transactional SqlSession [org.apache.ibatis.session.defaults.DefaultSqlSession@709ada5c]
Fetched SqlSession [org.apache.ibatis.session.defaults.DefaultSqlSession@709ada5c] from current transaction
==>  Preparing: UPDATE balance SET personal_balance=?,business_balance=?,version = version + 1 WHERE (user_id = ? AND version = ?)
==> Parameters: 120.00(BigDecimal), 0.00(BigDecimal), 1(Long), 0(Integer)
<==    Updates: 1
Releasing transactional SqlSession [org.apache.ibatis.session.defaults.DefaultSqlSession@709ada5c]
Fetched SqlSession [org.apache.ibatis.session.defaults.DefaultSqlSession@709ada5c] from current transaction
Fetched SqlSession [org.apache.ibatis.session.defaults.DefaultSqlSession@181695dd] from current transaction
==>  Preparing: SELECT id,shop_id,name,cover,images,description,price,category_id,sub_category_id,stock,status,create_time,update_time FROM product WHERE id=?
==> Parameters: 401(Long)
==>  Preparing: INSERT INTO transaction_record ( order_id, user_id, account_type, change_type, trade_type, amount, balance_after, remark, create_time ) VALUES ( ?, ?, ?, ?, ?, ?, ?, ?, ? )
<==    Columns: id, shop_id, name, cover, images, description, price, category_id, sub_category_id, stock, status, create_time, update_time
<==        Row: 401, 501, 鑷姩纭娴嬭瘯鍟嗗搧, null, null, null, 60.00, null, null, 100, 1, 2026-08-27 18:08:33.697641, 2026-08-27 18:08:33.697641
<==      Total: 1
Releasing transactional SqlSession [org.apache.ibatis.session.defaults.DefaultSqlSession@181695dd]
Fetched SqlSession [org.apache.ibatis.session.defaults.DefaultSqlSession@181695dd] from current transaction
==>  Preparing: SELECT id,owner_user_id,name,logo,description,region,contact_name,contact_phone,id_card_no_masked,warehouse_addr,decoration_json,status FROM shop WHERE id=?
==> Parameters: 501(Long)
<==    Columns: id, owner_user_id, name, logo, description, region, contact_name, contact_phone, id_card_no_masked, warehouse_addr, decoration_json, status
<==        Row: 501, 10, 鍟嗗A搴楅摵, null, null, null, null, null, null, null, null, 1
==> Parameters: 301(Long), 1(Long), PERSONAL(String), REFUND_ADMIN(String), REFUND_BACKFLOW(String), 120.00(BigDecimal), 120.00(BigDecimal), 管理员并发审核(String), 2026-08-27T18:08:33.750946500(LocalDateTime)
<==      Total: 1
Releasing transactional SqlSession [org.apache.ibatis.session.defaults.DefaultSqlSession@181695dd]
Fetched SqlSession [org.apache.ibatis.session.defaults.DefaultSqlSession@181695dd] from current transaction
<==    Updates: 1
==>  Preparing: UPDATE order_info SET refund_status=?,order_status=?,refund_decision_time=?,refund_decision_user_id=?,refund_decision_remark=?,refund_decision_source=?,closed_time=?,can_refund=?,version = version + 1 WHERE (id = ? AND refund_status = ? AND version = ?)
Releasing transactional SqlSession [org.apache.ibatis.session.defaults.DefaultSqlSession@709ada5c]
Fetched SqlSession [org.apache.ibatis.session.defaults.DefaultSqlSession@709ada5c] from current transaction
==>  Preparing: SELECT id,order_id,action,operator_user_id,operator_role,remark,create_time FROM order_after_sale_log WHERE (order_id = ? AND action = ? AND operator_user_id = ? AND operator_role = ?) ORDER BY id DESC limit 1
==> Parameters: 301(Long), APPROVE(String), 2(Long), ADMIN(String)
<==      Total: 0
Releasing transactional SqlSession [org.apache.ibatis.session.defaults.DefaultSqlSession@709ada5c]
Fetched SqlSession [org.apache.ibatis.session.defaults.DefaultSqlSession@709ada5c] from current transaction
==>  Preparing: INSERT INTO order_after_sale_log ( order_id, action, operator_user_id, operator_role, remark, create_time ) VALUES ( ?, ?, ?, ?, ?, ? )
==> Parameters: 301(Long), APPROVE(String), 2(Long), ADMIN(String), 管理员并发审核(String), 2026-08-27T18:08:33.754607(LocalDateTime)
==> Parameters: 2(Integer), 9(Integer), 2026-08-27T18:08:33.751997500(LocalDateTime), 10(Long), 卖家同意退货(String), SELLER(String), 2026-08-27T18:08:33.751997500(LocalDateTime), 0(Integer), 301(Long), 1(Integer), 1(Integer)
<==    Updates: 1
Releasing transactional SqlSession [org.apache.ibatis.session.defaults.DefaultSqlSession@709ada5c]
Fetched SqlSession [org.apache.ibatis.session.defaults.DefaultSqlSession@709ada5c] from current transaction
==>  Preparing: SELECT id,order_id,product_type,product_id,product_name,price,quantity,status,create_time,update_time FROM order_item WHERE (order_id = ?)
==> Parameters: 301(Long)
<==    Columns: id, order_id, product_type, product_id, product_name, price, quantity, status, create_time, update_time
<==        Row: 30101, 301, NEW, 401, 鑷姩纭娴嬭瘯鍟嗗搧, 60.00, 2, 1, 2026-08-27 18:08:33.697641, 2026-08-27 18:08:33.697641
<==      Total: 1
Releasing transactional SqlSession [org.apache.ibatis.session.defaults.DefaultSqlSession@709ada5c]
Fetched SqlSession [org.apache.ibatis.session.defaults.DefaultSqlSession@709ada5c] from current transaction
==>  Preparing: SELECT id,shop_id,name,cover,images,description,price,category_id,sub_category_id,stock,status,create_time,update_time FROM product WHERE id=?
==> Parameters: 401(Long)
<==    Columns: id, shop_id, name, cover, images, description, price, category_id, sub_category_id, stock, status, create_time, update_time
<==        Row: 401, 501, 鑷姩纭娴嬭瘯鍟嗗搧, null, null, null, 60.00, null, null, 100, 1, 2026-08-27 18:08:33.697641, 2026-08-27 18:08:33.697641
<==      Total: 1
Releasing transactional SqlSession [org.apache.ibatis.session.defaults.DefaultSqlSession@709ada5c]
Fetched SqlSession [org.apache.ibatis.session.defaults.DefaultSqlSession@709ada5c] from current transaction
==>  Preparing: SELECT id,owner_user_id,name,logo,description,region,contact_name,contact_phone,id_card_no_masked,warehouse_addr,decoration_json,status FROM shop WHERE id=?
==> Parameters: 501(Long)
<==    Columns: id, owner_user_id, name, logo, description, region, contact_name, contact_phone, id_card_no_masked, warehouse_addr, decoration_json, status
<==        Row: 501, 10, 鍟嗗A搴楅摵, null, null, null, null, null, null, null, null, 1
<==      Total: 1
Releasing transactional SqlSession [org.apache.ibatis.session.defaults.DefaultSqlSession@709ada5c]
Fetched SqlSession [org.apache.ibatis.session.defaults.DefaultSqlSession@709ada5c] from current transaction
==>  Preparing: INSERT INTO notification ( user_id, title, content, target_path, is_read, create_time ) VALUES ( ?, ?, ?, ?, ?, ? )
==> Parameters: 1(Long), 退款申请已通过(String), 订单号：ORD_FLOW_301，管理员已同意退款。处理说明：管理员并发审核(String), /order/301(String), 0(Integer), 2026-08-27T18:08:33.759643800(LocalDateTime)
<==    Updates: 1
Releasing transactional SqlSession [org.apache.ibatis.session.defaults.DefaultSqlSession@709ada5c]
Fetched SqlSession [org.apache.ibatis.session.defaults.DefaultSqlSession@709ada5c] from current transaction
==>  Preparing: SELECT id,order_id,product_type,product_id,product_name,price,quantity,status,create_time,update_time FROM order_item WHERE (order_id = ?)
==> Parameters: 301(Long)
<==    Columns: id, order_id, product_type, product_id, product_name, price, quantity, status, create_time, update_time
<==        Row: 30101, 301, NEW, 401, 鑷姩纭娴嬭瘯鍟嗗搧, 60.00, 2, 1, 2026-08-27 18:08:33.697641, 2026-08-27 18:08:33.697641
<==      Total: 1
Releasing transactional SqlSession [org.apache.ibatis.session.defaults.DefaultSqlSession@709ada5c]
Fetched SqlSession [org.apache.ibatis.session.defaults.DefaultSqlSession@709ada5c] from current transaction
==>  Preparing: INSERT INTO notification ( user_id, title, content, target_path, is_read, create_time ) VALUES ( ?, ?, ?, ?, ?, ? )
==> Parameters: 10(Long), 管理员已处理退款(String), 订单号：ORD_FLOW_301，管理员已同意退款。(String), /merchant/orders/301(String), 0(Integer), 2026-08-27T18:08:33.760644500(LocalDateTime)
<==    Updates: 1
Releasing transactional SqlSession [org.apache.ibatis.session.defaults.DefaultSqlSession@709ada5c]
Transaction synchronization committing SqlSession [org.apache.ibatis.session.defaults.DefaultSqlSession@709ada5c]
Transaction synchronization deregistering SqlSession [org.apache.ibatis.session.defaults.DefaultSqlSession@709ada5c]
Transaction synchronization closing SqlSession [org.apache.ibatis.session.defaults.DefaultSqlSession@709ada5c]
<==    Updates: 0
Releasing transactional SqlSession [org.apache.ibatis.session.defaults.DefaultSqlSession@181695dd]
Transaction synchronization deregistering SqlSession [org.apache.ibatis.session.defaults.DefaultSqlSession@181695dd]
Transaction synchronization closing SqlSession [org.apache.ibatis.session.defaults.DefaultSqlSession@181695dd]
Creating a new SqlSession
SqlSession [org.apache.ibatis.session.defaults.DefaultSqlSession@69a4249] was not registered for synchronization because synchronization is not active
JDBC Connection [HikariProxyConnection@136667318 wrapping conn10: url=jdbc:h2:mem:segroup8_test user=SA] will not be managed by Spring
==>  Preparing: SELECT id,order_no,buyer_user_id,total_amount,pay_status,order_status,refund_status,refund_reason,refund_proof_urls,receiver_name,receiver_phone,receiver_province,receiver_city,receiver_detail_address,pay_method,delivery_no,remark,create_time,paid_time,shipped_time,received_time,completed_time,closed_time,refund_apply_time,refund_decision_time,refund_decision_user_id,refund_decision_remark,refund_decision_source,logistics_template_id,logistics_status,logistics_current_index,can_refund,after_sales_deadline,delivery_time,arrival_time,auto_confirm_deadline,refund_mode,voucher_id,voucher_discount_amount,seller_bear_amount,platform_bear_amount,payable_amount,version,update_time FROM order_info WHERE id=?
==> Parameters: 301(Long)
<==    Columns: id, order_no, buyer_user_id, total_amount, pay_status, order_status, refund_status, refund_reason, refund_proof_urls, receiver_name, receiver_phone, receiver_province, receiver_city, receiver_detail_address, pay_method, delivery_no, remark, create_time, paid_time, shipped_time, received_time, completed_time, closed_time, refund_apply_time, refund_decision_time, refund_decision_user_id, refund_decision_remark, refund_decision_source, logistics_template_id, logistics_status, logistics_current_index, can_refund, after_sales_deadline, delivery_time, arrival_time, auto_confirm_deadline, refund_mode, voucher_id, voucher_discount_amount, seller_bear_amount, platform_bear_amount, payable_amount, version, update_time
<==        Row: 301, ORD_FLOW_301, 1, 120.00, 1, 9, 2, 并发审核, null, null, null, null, null, null, null, null, null, 2026-08-27 18:08:33.697641, null, null, null, null, 2026-08-27 18:08:33.746121, 2026-08-27 18:08:33.705234, 2026-08-27 18:08:33.746121, 2, 管理员并发审核, ADMIN, null, ARRIVED, 2, 0, null, null, null, 2026-08-27 16:08:33.697641, RETURN_REFUND, null, null, null, null, null, 2, 2026-08-27 18:08:33.697641
<==      Total: 1
Closing non transactional SqlSession [org.apache.ibatis.session.defaults.DefaultSqlSession@69a4249]
Creating a new SqlSession
SqlSession [org.apache.ibatis.session.defaults.DefaultSqlSession@1cd3ec2d] was not registered for synchronization because synchronization is not active
JDBC Connection [HikariProxyConnection@266073741 wrapping conn10: url=jdbc:h2:mem:segroup8_test user=SA] will not be managed by Spring
==>  Preparing: SELECT id,order_id,user_id,account_type,change_type,trade_type,amount,balance_after,remark,create_time FROM transaction_record WHERE (order_id = ? AND trade_type = ?)
==> Parameters: 301(Long), REFUND_BACKFLOW(String)
<==    Columns: id, order_id, user_id, account_type, change_type, trade_type, amount, balance_after, remark, create_time
<==        Row: 1, 301, 1, PERSONAL, REFUND_ADMIN, REFUND_BACKFLOW, 120.00, 120.00, 管理员并发审核, 2026-08-27 18:08:33.750947
<==      Total: 1
Closing non transactional SqlSession [org.apache.ibatis.session.defaults.DefaultSqlSession@1cd3ec2d]
]]></system-out>
  </testcase>
  <testcase name="refundModes_areValidated_andReturnRefundRequiresEligibleState" classname="com.segroup8.platform.integration.OrderRefundUc14IntegrationTest(domain-c-uc14-20260827100804207)" time="0.041">
    <system-out><![CDATA[Creating a new SqlSession
Registering transaction synchronization for SqlSession [org.apache.ibatis.session.defaults.DefaultSqlSession@71a4c959]
JDBC Connection [HikariProxyConnection@588626443 wrapping conn10: url=jdbc:h2:mem:segroup8_test user=SA] will be managed by Spring
==>  Preparing: SELECT id,order_no,buyer_user_id,total_amount,pay_status,order_status,refund_status,refund_reason,refund_proof_urls,receiver_name,receiver_phone,receiver_province,receiver_city,receiver_detail_address,pay_method,delivery_no,remark,create_time,paid_time,shipped_time,received_time,completed_time,closed_time,refund_apply_time,refund_decision_time,refund_decision_user_id,refund_decision_remark,refund_decision_source,logistics_template_id,logistics_status,logistics_current_index,can_refund,after_sales_deadline,delivery_time,arrival_time,auto_confirm_deadline,refund_mode,voucher_id,voucher_discount_amount,seller_bear_amount,platform_bear_amount,payable_amount,version,update_time FROM order_info WHERE id=?
==> Parameters: 301(Long)
<==    Columns: id, order_no, buyer_user_id, total_amount, pay_status, order_status, refund_status, refund_reason, refund_proof_urls, receiver_name, receiver_phone, receiver_province, receiver_city, receiver_detail_address, pay_method, delivery_no, remark, create_time, paid_time, shipped_time, received_time, completed_time, closed_time, refund_apply_time, refund_decision_time, refund_decision_user_id, refund_decision_remark, refund_decision_source, logistics_template_id, logistics_status, logistics_current_index, can_refund, after_sales_deadline, delivery_time, arrival_time, auto_confirm_deadline, refund_mode, voucher_id, voucher_discount_amount, seller_bear_amount, platform_bear_amount, payable_amount, version, update_time
<==        Row: 301, ORD_FLOW_301, 1, 120.00, 1, 2, 0, null, null, null, null, null, null, null, null, null, null, 2026-08-27 18:08:33.794785, null, null, null, null, null, null, null, null, null, null, null, ARRIVED, 2, 1, null, null, null, 2026-08-27 16:08:33.794785, null, null, null, null, null, null, 0, 2026-08-27 18:08:33.794785
<==      Total: 1
Releasing transactional SqlSession [org.apache.ibatis.session.defaults.DefaultSqlSession@71a4c959]
Transaction synchronization deregistering SqlSession [org.apache.ibatis.session.defaults.DefaultSqlSession@71a4c959]
Transaction synchronization closing SqlSession [org.apache.ibatis.session.defaults.DefaultSqlSession@71a4c959]
Creating a new SqlSession
SqlSession [org.apache.ibatis.session.defaults.DefaultSqlSession@1ecc1a99] was not registered for synchronization because synchronization is not active
JDBC Connection [HikariProxyConnection@1232467480 wrapping conn10: url=jdbc:h2:mem:segroup8_test user=SA] will not be managed by Spring
==>  Preparing: SELECT id,order_no,buyer_user_id,total_amount,pay_status,order_status,refund_status,refund_reason,refund_proof_urls,receiver_name,receiver_phone,receiver_province,receiver_city,receiver_detail_address,pay_method,delivery_no,remark,create_time,paid_time,shipped_time,received_time,completed_time,closed_time,refund_apply_time,refund_decision_time,refund_decision_user_id,refund_decision_remark,refund_decision_source,logistics_template_id,logistics_status,logistics_current_index,can_refund,after_sales_deadline,delivery_time,arrival_time,auto_confirm_deadline,refund_mode,voucher_id,voucher_discount_amount,seller_bear_amount,platform_bear_amount,payable_amount,version,update_time FROM order_info WHERE id=?
==> Parameters: 301(Long)
<==    Columns: id, order_no, buyer_user_id, total_amount, pay_status, order_status, refund_status, refund_reason, refund_proof_urls, receiver_name, receiver_phone, receiver_province, receiver_city, receiver_detail_address, pay_method, delivery_no, remark, create_time, paid_time, shipped_time, received_time, completed_time, closed_time, refund_apply_time, refund_decision_time, refund_decision_user_id, refund_decision_remark, refund_decision_source, logistics_template_id, logistics_status, logistics_current_index, can_refund, after_sales_deadline, delivery_time, arrival_time, auto_confirm_deadline, refund_mode, voucher_id, voucher_discount_amount, seller_bear_amount, platform_bear_amount, payable_amount, version, update_time
<==        Row: 301, ORD_FLOW_301, 1, 120.00, 1, 2, 0, null, null, null, null, null, null, null, null, null, null, 2026-08-27 18:08:33.794785, null, null, null, null, null, null, null, null, null, null, null, ARRIVED, 2, 1, null, null, null, 2026-08-27 16:08:33.794785, null, null, null, null, null, null, 0, 2026-08-27 18:08:33.794785
<==      Total: 1
Closing non transactional SqlSession [org.apache.ibatis.session.defaults.DefaultSqlSession@1ecc1a99]
Creating a new SqlSession
Registering transaction synchronization for SqlSession [org.apache.ibatis.session.defaults.DefaultSqlSession@f9c0e80]
JDBC Connection [HikariProxyConnection@2133975803 wrapping conn10: url=jdbc:h2:mem:segroup8_test user=SA] will be managed by Spring
==>  Preparing: SELECT id,order_no,buyer_user_id,total_amount,pay_status,order_status,refund_status,refund_reason,refund_proof_urls,receiver_name,receiver_phone,receiver_province,receiver_city,receiver_detail_address,pay_method,delivery_no,remark,create_time,paid_time,shipped_time,received_time,completed_time,closed_time,refund_apply_time,refund_decision_time,refund_decision_user_id,refund_decision_remark,refund_decision_source,logistics_template_id,logistics_status,logistics_current_index,can_refund,after_sales_deadline,delivery_time,arrival_time,auto_confirm_deadline,refund_mode,voucher_id,voucher_discount_amount,seller_bear_amount,platform_bear_amount,payable_amount,version,update_time FROM order_info WHERE id=?
==> Parameters: 301(Long)
<==    Columns: id, order_no, buyer_user_id, total_amount, pay_status, order_status, refund_status, refund_reason, refund_proof_urls, receiver_name, receiver_phone, receiver_province, receiver_city, receiver_detail_address, pay_method, delivery_no, remark, create_time, paid_time, shipped_time, received_time, completed_time, closed_time, refund_apply_time, refund_decision_time, refund_decision_user_id, refund_decision_remark, refund_decision_source, logistics_template_id, logistics_status, logistics_current_index, can_refund, after_sales_deadline, delivery_time, arrival_time, auto_confirm_deadline, refund_mode, voucher_id, voucher_discount_amount, seller_bear_amount, platform_bear_amount, payable_amount, version, update_time
<==        Row: 301, ORD_FLOW_301, 1, 120.00, 1, 2, 0, null, null, null, null, null, null, null, null, null, null, 2026-08-27 18:08:33.794785, null, null, null, null, null, null, null, null, null, null, null, ARRIVED, 2, 1, null, null, null, 2026-08-27 16:08:33.794785, null, null, null, null, null, null, 0, 2026-08-27 18:08:33.794785
<==      Total: 1
Releasing transactional SqlSession [org.apache.ibatis.session.defaults.DefaultSqlSession@f9c0e80]
Fetched SqlSession [org.apache.ibatis.session.defaults.DefaultSqlSession@f9c0e80] from current transaction
==>  Preparing: UPDATE order_info SET refund_status=?,refund_apply_time=?,refund_mode=?,refund_reason=?,version = version + 1 WHERE (id = ? AND buyer_user_id = ? AND refund_status IN (?,?) AND order_status <> ? AND order_status <> ? AND version = ?)
==> Parameters: 1(Integer), 2026-08-27T18:08:33.806267700(LocalDateTime), RETURN_REFUND(String), 申请退货退款(String), 301(Long), 1(Long), 0(Integer), 3(Integer), 0(Integer), 9(Integer), 0(Integer)
<==    Updates: 1
Releasing transactional SqlSession [org.apache.ibatis.session.defaults.DefaultSqlSession@f9c0e80]
Fetched SqlSession [org.apache.ibatis.session.defaults.DefaultSqlSession@f9c0e80] from current transaction
==>  Preparing: SELECT id,order_id,action,operator_user_id,operator_role,remark,create_time FROM order_after_sale_log WHERE (order_id = ? AND action = ? AND operator_user_id = ? AND operator_role = ?) ORDER BY id DESC limit 1
==> Parameters: 301(Long), APPLY(String), 1(Long), BUYER(String)
<==      Total: 0
Releasing transactional SqlSession [org.apache.ibatis.session.defaults.DefaultSqlSession@f9c0e80]
Fetched SqlSession [org.apache.ibatis.session.defaults.DefaultSqlSession@f9c0e80] from current transaction
==>  Preparing: INSERT INTO order_after_sale_log ( order_id, action, operator_user_id, operator_role, remark, create_time ) VALUES ( ?, ?, ?, ?, ?, ? )
==> Parameters: 301(Long), APPLY(String), 1(Long), BUYER(String), 申请退货退款(String), 2026-08-27T18:08:33.809782(LocalDateTime)
<==    Updates: 1
Releasing transactional SqlSession [org.apache.ibatis.session.defaults.DefaultSqlSession@f9c0e80]
Fetched SqlSession [org.apache.ibatis.session.defaults.DefaultSqlSession@f9c0e80] from current transaction
==>  Preparing: SELECT id,order_id,product_type,product_id,product_name,price,quantity,status,create_time,update_time FROM order_item WHERE (order_id = ?)
==> Parameters: 301(Long)
<==    Columns: id, order_id, product_type, product_id, product_name, price, quantity, status, create_time, update_time
<==        Row: 30101, 301, NEW, 401, 鑷姩纭娴嬭瘯鍟嗗搧, 60.00, 2, 1, 2026-08-27 18:08:33.795782, 2026-08-27 18:08:33.795782
<==      Total: 1
Releasing transactional SqlSession [org.apache.ibatis.session.defaults.DefaultSqlSession@f9c0e80]
Fetched SqlSession [org.apache.ibatis.session.defaults.DefaultSqlSession@f9c0e80] from current transaction
==>  Preparing: SELECT id,shop_id,name,cover,images,description,price,category_id,sub_category_id,stock,status,create_time,update_time FROM product WHERE id=?
==> Parameters: 401(Long)
<==    Columns: id, shop_id, name, cover, images, description, price, category_id, sub_category_id, stock, status, create_time, update_time
<==        Row: 401, 501, 鑷姩纭娴嬭瘯鍟嗗搧, null, null, null, 60.00, null, null, 100, 1, 2026-08-27 18:08:33.794785, 2026-08-27 18:08:33.794785
<==      Total: 1
Releasing transactional SqlSession [org.apache.ibatis.session.defaults.DefaultSqlSession@f9c0e80]
Fetched SqlSession [org.apache.ibatis.session.defaults.DefaultSqlSession@f9c0e80] from current transaction
==>  Preparing: SELECT id,owner_user_id,name,logo,description,region,contact_name,contact_phone,id_card_no_masked,warehouse_addr,decoration_json,status FROM shop WHERE id=?
==> Parameters: 501(Long)
<==    Columns: id, owner_user_id, name, logo, description, region, contact_name, contact_phone, id_card_no_masked, warehouse_addr, decoration_json, status
<==        Row: 501, 10, 鍟嗗A搴楅摵, null, null, null, null, null, null, null, null, 1
<==      Total: 1
Releasing transactional SqlSession [org.apache.ibatis.session.defaults.DefaultSqlSession@f9c0e80]
Fetched SqlSession [org.apache.ibatis.session.defaults.DefaultSqlSession@f9c0e80] from current transaction
Releasing transactional SqlSession [org.apache.ibatis.session.defaults.DefaultSqlSession@f9c0e80]
Fetched SqlSession [org.apache.ibatis.session.defaults.DefaultSqlSession@f9c0e80] from current transaction
==>  Preparing: INSERT INTO notification ( user_id, title, content, target_path, is_read, create_time ) VALUES ( ?, ?, ?, ?, ?, ? )
==> Parameters: 10(Long), 收到退款申请(String), 订单号：ORD_FLOW_301，买家申请退款，请及时处理。原因：申请退货退款(String), /merchant/orders/301(String), 0(Integer), 2026-08-27T18:08:33.814379200(LocalDateTime)
<==    Updates: 1
Releasing transactional SqlSession [org.apache.ibatis.session.defaults.DefaultSqlSession@f9c0e80]
Fetched SqlSession [org.apache.ibatis.session.defaults.DefaultSqlSession@f9c0e80] from current transaction
==>  Preparing: SELECT id,order_no,buyer_user_id,total_amount,pay_status,order_status,refund_status,refund_reason,refund_proof_urls,receiver_name,receiver_phone,receiver_province,receiver_city,receiver_detail_address,pay_method,delivery_no,remark,create_time,paid_time,shipped_time,received_time,completed_time,closed_time,refund_apply_time,refund_decision_time,refund_decision_user_id,refund_decision_remark,refund_decision_source,logistics_template_id,logistics_status,logistics_current_index,can_refund,after_sales_deadline,delivery_time,arrival_time,auto_confirm_deadline,refund_mode,voucher_id,voucher_discount_amount,seller_bear_amount,platform_bear_amount,payable_amount,version,update_time FROM order_info WHERE id=?
==> Parameters: 301(Long)
<==    Columns: id, order_no, buyer_user_id, total_amount, pay_status, order_status, refund_status, refund_reason, refund_proof_urls, receiver_name, receiver_phone, receiver_province, receiver_city, receiver_detail_address, pay_method, delivery_no, remark, create_time, paid_time, shipped_time, received_time, completed_time, closed_time, refund_apply_time, refund_decision_time, refund_decision_user_id, refund_decision_remark, refund_decision_source, logistics_template_id, logistics_status, logistics_current_index, can_refund, after_sales_deadline, delivery_time, arrival_time, auto_confirm_deadline, refund_mode, voucher_id, voucher_discount_amount, seller_bear_amount, platform_bear_amount, payable_amount, version, update_time
<==        Row: 301, ORD_FLOW_301, 1, 120.00, 1, 2, 1, 申请退货退款, null, null, null, null, null, null, null, null, null, 2026-08-27 18:08:33.794785, null, null, null, null, null, 2026-08-27 18:08:33.806268, null, null, null, null, null, ARRIVED, 2, 1, null, null, null, 2026-08-27 16:08:33.794785, RETURN_REFUND, null, null, null, null, null, 1, 2026-08-27 18:08:33.794785
<==      Total: 1
Releasing transactional SqlSession [org.apache.ibatis.session.defaults.DefaultSqlSession@f9c0e80]
Fetched SqlSession [org.apache.ibatis.session.defaults.DefaultSqlSession@f9c0e80] from current transaction
==>  Preparing: SELECT id,order_id,product_type,product_id,product_name,price,quantity,status,create_time,update_time FROM order_item WHERE (order_id = ?) ORDER BY id ASC
==> Parameters: 301(Long)
<==    Columns: id, order_id, product_type, product_id, product_name, price, quantity, status, create_time, update_time
<==        Row: 30101, 301, NEW, 401, 鑷姩纭娴嬭瘯鍟嗗搧, 60.00, 2, 1, 2026-08-27 18:08:33.795782, 2026-08-27 18:08:33.795782
<==      Total: 1
Releasing transactional SqlSession [org.apache.ibatis.session.defaults.DefaultSqlSession@f9c0e80]
Fetched SqlSession [org.apache.ibatis.session.defaults.DefaultSqlSession@f9c0e80] from current transaction
==>  Preparing: SELECT id,shop_id,name,cover,images,description,price,category_id,sub_category_id,stock,status,create_time,update_time FROM product WHERE id=?
==> Parameters: 401(Long)
<==    Columns: id, shop_id, name, cover, images, description, price, category_id, sub_category_id, stock, status, create_time, update_time
<==        Row: 401, 501, 鑷姩纭娴嬭瘯鍟嗗搧, null, null, null, 60.00, null, null, 100, 1, 2026-08-27 18:08:33.794785, 2026-08-27 18:08:33.794785
<==      Total: 1
Releasing transactional SqlSession [org.apache.ibatis.session.defaults.DefaultSqlSession@f9c0e80]
Fetched SqlSession [org.apache.ibatis.session.defaults.DefaultSqlSession@f9c0e80] from current transaction
==>  Preparing: SELECT id,owner_user_id,name,logo,description,region,contact_name,contact_phone,id_card_no_masked,warehouse_addr,decoration_json,status FROM shop WHERE id=?
==> Parameters: 501(Long)
<==    Columns: id, owner_user_id, name, logo, description, region, contact_name, contact_phone, id_card_no_masked, warehouse_addr, decoration_json, status
<==        Row: 501, 10, 鍟嗗A搴楅摵, null, null, null, null, null, null, null, null, 1
<==      Total: 1
Releasing transactional SqlSession [org.apache.ibatis.session.defaults.DefaultSqlSession@f9c0e80]
Transaction synchronization committing SqlSession [org.apache.ibatis.session.defaults.DefaultSqlSession@f9c0e80]
Transaction synchronization deregistering SqlSession [org.apache.ibatis.session.defaults.DefaultSqlSession@f9c0e80]
Transaction synchronization closing SqlSession [org.apache.ibatis.session.defaults.DefaultSqlSession@f9c0e80]
Creating a new SqlSession
SqlSession [org.apache.ibatis.session.defaults.DefaultSqlSession@95a02c0] was not registered for synchronization because synchronization is not active
JDBC Connection [HikariProxyConnection@2021353610 wrapping conn10: url=jdbc:h2:mem:segroup8_test user=SA] will not be managed by Spring
==>  Preparing: SELECT id,order_no,buyer_user_id,total_amount,pay_status,order_status,refund_status,refund_reason,refund_proof_urls,receiver_name,receiver_phone,receiver_province,receiver_city,receiver_detail_address,pay_method,delivery_no,remark,create_time,paid_time,shipped_time,received_time,completed_time,closed_time,refund_apply_time,refund_decision_time,refund_decision_user_id,refund_decision_remark,refund_decision_source,logistics_template_id,logistics_status,logistics_current_index,can_refund,after_sales_deadline,delivery_time,arrival_time,auto_confirm_deadline,refund_mode,voucher_id,voucher_discount_amount,seller_bear_amount,platform_bear_amount,payable_amount,version,update_time FROM order_info WHERE id=?
==> Parameters: 301(Long)
<==    Columns: id, order_no, buyer_user_id, total_amount, pay_status, order_status, refund_status, refund_reason, refund_proof_urls, receiver_name, receiver_phone, receiver_province, receiver_city, receiver_detail_address, pay_method, delivery_no, remark, create_time, paid_time, shipped_time, received_time, completed_time, closed_time, refund_apply_time, refund_decision_time, refund_decision_user_id, refund_decision_remark, refund_decision_source, logistics_template_id, logistics_status, logistics_current_index, can_refund, after_sales_deadline, delivery_time, arrival_time, auto_confirm_deadline, refund_mode, voucher_id, voucher_discount_amount, seller_bear_amount, platform_bear_amount, payable_amount, version, update_time
<==        Row: 301, ORD_FLOW_301, 1, 120.00, 1, 2, 1, 申请退货退款, null, null, null, null, null, null, null, null, null, 2026-08-27 18:08:33.794785, null, null, null, null, null, 2026-08-27 18:08:33.806268, null, null, null, null, null, ARRIVED, 2, 1, null, null, null, 2026-08-27 16:08:33.794785, RETURN_REFUND, null, null, null, null, null, 1, 2026-08-27 18:08:33.794785
<==      Total: 1
Closing non transactional SqlSession [org.apache.ibatis.session.defaults.DefaultSqlSession@95a02c0]
]]></system-out>
  </testcase>
  <testcase name="buyerApply_thenSellerReject_thenReapplyAndAdminApprove_recordsOrderedLogs" classname="com.segroup8.platform.integration.OrderRefundUc14IntegrationTest(domain-c-uc14-20260827100804207)" time="0.104">
    <system-out><![CDATA[Creating a new SqlSession
Registering transaction synchronization for SqlSession [org.apache.ibatis.session.defaults.DefaultSqlSession@4ea9666b]
JDBC Connection [HikariProxyConnection@260661207 wrapping conn10: url=jdbc:h2:mem:segroup8_test user=SA] will be managed by Spring
==>  Preparing: SELECT id,order_no,buyer_user_id,total_amount,pay_status,order_status,refund_status,refund_reason,refund_proof_urls,receiver_name,receiver_phone,receiver_province,receiver_city,receiver_detail_address,pay_method,delivery_no,remark,create_time,paid_time,shipped_time,received_time,completed_time,closed_time,refund_apply_time,refund_decision_time,refund_decision_user_id,refund_decision_remark,refund_decision_source,logistics_template_id,logistics_status,logistics_current_index,can_refund,after_sales_deadline,delivery_time,arrival_time,auto_confirm_deadline,refund_mode,voucher_id,voucher_discount_amount,seller_bear_amount,platform_bear_amount,payable_amount,version,update_time FROM order_info WHERE id=?
==> Parameters: 301(Long)
<==    Columns: id, order_no, buyer_user_id, total_amount, pay_status, order_status, refund_status, refund_reason, refund_proof_urls, receiver_name, receiver_phone, receiver_province, receiver_city, receiver_detail_address, pay_method, delivery_no, remark, create_time, paid_time, shipped_time, received_time, completed_time, closed_time, refund_apply_time, refund_decision_time, refund_decision_user_id, refund_decision_remark, refund_decision_source, logistics_template_id, logistics_status, logistics_current_index, can_refund, after_sales_deadline, delivery_time, arrival_time, auto_confirm_deadline, refund_mode, voucher_id, voucher_discount_amount, seller_bear_amount, platform_bear_amount, payable_amount, version, update_time
<==        Row: 301, ORD_FLOW_301, 1, 120.00, 1, 2, 0, null, null, null, null, null, null, null, null, null, null, 2026-08-27 18:08:33.833203, null, null, null, null, null, null, null, null, null, null, null, ARRIVED, 2, 1, null, null, null, 2026-08-27 16:08:33.833203, null, null, null, null, null, null, 0, 2026-08-27 18:08:33.833203
<==      Total: 1
Releasing transactional SqlSession [org.apache.ibatis.session.defaults.DefaultSqlSession@4ea9666b]
Fetched SqlSession [org.apache.ibatis.session.defaults.DefaultSqlSession@4ea9666b] from current transaction
==>  Preparing: UPDATE order_info SET refund_status=?,refund_apply_time=?,refund_mode=?,refund_reason=?,version = version + 1 WHERE (id = ? AND buyer_user_id = ? AND refund_status IN (?,?) AND order_status <> ? AND order_status <> ? AND version = ?)
==> Parameters: 1(Integer), 2026-08-27T18:08:33.838203500(LocalDateTime), RETURN_REFUND(String), 商品存在瑕疵(String), 301(Long), 1(Long), 0(Integer), 3(Integer), 0(Integer), 9(Integer), 0(Integer)
<==    Updates: 1
Releasing transactional SqlSession [org.apache.ibatis.session.defaults.DefaultSqlSession@4ea9666b]
Fetched SqlSession [org.apache.ibatis.session.defaults.DefaultSqlSession@4ea9666b] from current transaction
==>  Preparing: SELECT id,order_id,action,operator_user_id,operator_role,remark,create_time FROM order_after_sale_log WHERE (order_id = ? AND action = ? AND operator_user_id = ? AND operator_role = ?) ORDER BY id DESC limit 1
==> Parameters: 301(Long), APPLY(String), 1(Long), BUYER(String)
<==      Total: 0
Releasing transactional SqlSession [org.apache.ibatis.session.defaults.DefaultSqlSession@4ea9666b]
Fetched SqlSession [org.apache.ibatis.session.defaults.DefaultSqlSession@4ea9666b] from current transaction
==>  Preparing: INSERT INTO order_after_sale_log ( order_id, action, operator_user_id, operator_role, remark, create_time ) VALUES ( ?, ?, ?, ?, ?, ? )
==> Parameters: 301(Long), APPLY(String), 1(Long), BUYER(String), 商品存在瑕疵(String), 2026-08-27T18:08:33.843359200(LocalDateTime)
<==    Updates: 1
Releasing transactional SqlSession [org.apache.ibatis.session.defaults.DefaultSqlSession@4ea9666b]
Fetched SqlSession [org.apache.ibatis.session.defaults.DefaultSqlSession@4ea9666b] from current transaction
==>  Preparing: SELECT id,order_id,product_type,product_id,product_name,price,quantity,status,create_time,update_time FROM order_item WHERE (order_id = ?)
==> Parameters: 301(Long)
<==    Columns: id, order_id, product_type, product_id, product_name, price, quantity, status, create_time, update_time
<==        Row: 30101, 301, NEW, 401, 鑷姩纭娴嬭瘯鍟嗗搧, 60.00, 2, 1, 2026-08-27 18:08:33.834203, 2026-08-27 18:08:33.834203
<==      Total: 1
Releasing transactional SqlSession [org.apache.ibatis.session.defaults.DefaultSqlSession@4ea9666b]
Fetched SqlSession [org.apache.ibatis.session.defaults.DefaultSqlSession@4ea9666b] from current transaction
==>  Preparing: SELECT id,shop_id,name,cover,images,description,price,category_id,sub_category_id,stock,status,create_time,update_time FROM product WHERE id=?
==> Parameters: 401(Long)
<==    Columns: id, shop_id, name, cover, images, description, price, category_id, sub_category_id, stock, status, create_time, update_time
<==        Row: 401, 501, 鑷姩纭娴嬭瘯鍟嗗搧, null, null, null, 60.00, null, null, 100, 1, 2026-08-27 18:08:33.833203, 2026-08-27 18:08:33.833203
<==      Total: 1
Releasing transactional SqlSession [org.apache.ibatis.session.defaults.DefaultSqlSession@4ea9666b]
Fetched SqlSession [org.apache.ibatis.session.defaults.DefaultSqlSession@4ea9666b] from current transaction
==>  Preparing: SELECT id,owner_user_id,name,logo,description,region,contact_name,contact_phone,id_card_no_masked,warehouse_addr,decoration_json,status FROM shop WHERE id=?
==> Parameters: 501(Long)
<==    Columns: id, owner_user_id, name, logo, description, region, contact_name, contact_phone, id_card_no_masked, warehouse_addr, decoration_json, status
<==        Row: 501, 10, 鍟嗗A搴楅摵, null, null, null, null, null, null, null, null, 1
<==      Total: 1
Releasing transactional SqlSession [org.apache.ibatis.session.defaults.DefaultSqlSession@4ea9666b]
Fetched SqlSession [org.apache.ibatis.session.defaults.DefaultSqlSession@4ea9666b] from current transaction
Releasing transactional SqlSession [org.apache.ibatis.session.defaults.DefaultSqlSession@4ea9666b]
Fetched SqlSession [org.apache.ibatis.session.defaults.DefaultSqlSession@4ea9666b] from current transaction
==>  Preparing: INSERT INTO notification ( user_id, title, content, target_path, is_read, create_time ) VALUES ( ?, ?, ?, ?, ?, ? )
==> Parameters: 10(Long), 收到退款申请(String), 订单号：ORD_FLOW_301，买家申请退款，请及时处理。原因：商品存在瑕疵(String), /merchant/orders/301(String), 0(Integer), 2026-08-27T18:08:33.852385300(LocalDateTime)
<==    Updates: 1
Releasing transactional SqlSession [org.apache.ibatis.session.defaults.DefaultSqlSession@4ea9666b]
Fetched SqlSession [org.apache.ibatis.session.defaults.DefaultSqlSession@4ea9666b] from current transaction
==>  Preparing: SELECT id,order_no,buyer_user_id,total_amount,pay_status,order_status,refund_status,refund_reason,refund_proof_urls,receiver_name,receiver_phone,receiver_province,receiver_city,receiver_detail_address,pay_method,delivery_no,remark,create_time,paid_time,shipped_time,received_time,completed_time,closed_time,refund_apply_time,refund_decision_time,refund_decision_user_id,refund_decision_remark,refund_decision_source,logistics_template_id,logistics_status,logistics_current_index,can_refund,after_sales_deadline,delivery_time,arrival_time,auto_confirm_deadline,refund_mode,voucher_id,voucher_discount_amount,seller_bear_amount,platform_bear_amount,payable_amount,version,update_time FROM order_info WHERE id=?
==> Parameters: 301(Long)
<==    Columns: id, order_no, buyer_user_id, total_amount, pay_status, order_status, refund_status, refund_reason, refund_proof_urls, receiver_name, receiver_phone, receiver_province, receiver_city, receiver_detail_address, pay_method, delivery_no, remark, create_time, paid_time, shipped_time, received_time, completed_time, closed_time, refund_apply_time, refund_decision_time, refund_decision_user_id, refund_decision_remark, refund_decision_source, logistics_template_id, logistics_status, logistics_current_index, can_refund, after_sales_deadline, delivery_time, arrival_time, auto_confirm_deadline, refund_mode, voucher_id, voucher_discount_amount, seller_bear_amount, platform_bear_amount, payable_amount, version, update_time
<==        Row: 301, ORD_FLOW_301, 1, 120.00, 1, 2, 1, 商品存在瑕疵, null, null, null, null, null, null, null, null, null, 2026-08-27 18:08:33.833203, null, null, null, null, null, 2026-08-27 18:08:33.838204, null, null, null, null, null, ARRIVED, 2, 1, null, null, null, 2026-08-27 16:08:33.833203, RETURN_REFUND, null, null, null, null, null, 1, 2026-08-27 18:08:33.833203
<==      Total: 1
Releasing transactional SqlSession [org.apache.ibatis.session.defaults.DefaultSqlSession@4ea9666b]
Fetched SqlSession [org.apache.ibatis.session.defaults.DefaultSqlSession@4ea9666b] from current transaction
==>  Preparing: SELECT id,order_id,product_type,product_id,product_name,price,quantity,status,create_time,update_time FROM order_item WHERE (order_id = ?) ORDER BY id ASC
==> Parameters: 301(Long)
<==    Columns: id, order_id, product_type, product_id, product_name, price, quantity, status, create_time, update_time
<==        Row: 30101, 301, NEW, 401, 鑷姩纭娴嬭瘯鍟嗗搧, 60.00, 2, 1, 2026-08-27 18:08:33.834203, 2026-08-27 18:08:33.834203
<==      Total: 1
Releasing transactional SqlSession [org.apache.ibatis.session.defaults.DefaultSqlSession@4ea9666b]
Fetched SqlSession [org.apache.ibatis.session.defaults.DefaultSqlSession@4ea9666b] from current transaction
==>  Preparing: SELECT id,shop_id,name,cover,images,description,price,category_id,sub_category_id,stock,status,create_time,update_time FROM product WHERE id=?
==> Parameters: 401(Long)
<==    Columns: id, shop_id, name, cover, images, description, price, category_id, sub_category_id, stock, status, create_time, update_time
<==        Row: 401, 501, 鑷姩纭娴嬭瘯鍟嗗搧, null, null, null, 60.00, null, null, 100, 1, 2026-08-27 18:08:33.833203, 2026-08-27 18:08:33.833203
<==      Total: 1
Releasing transactional SqlSession [org.apache.ibatis.session.defaults.DefaultSqlSession@4ea9666b]
Fetched SqlSession [org.apache.ibatis.session.defaults.DefaultSqlSession@4ea9666b] from current transaction
==>  Preparing: SELECT id,owner_user_id,name,logo,description,region,contact_name,contact_phone,id_card_no_masked,warehouse_addr,decoration_json,status FROM shop WHERE id=?
==> Parameters: 501(Long)
<==    Columns: id, owner_user_id, name, logo, description, region, contact_name, contact_phone, id_card_no_masked, warehouse_addr, decoration_json, status
<==        Row: 501, 10, 鍟嗗A搴楅摵, null, null, null, null, null, null, null, null, 1
<==      Total: 1
Releasing transactional SqlSession [org.apache.ibatis.session.defaults.DefaultSqlSession@4ea9666b]
Transaction synchronization committing SqlSession [org.apache.ibatis.session.defaults.DefaultSqlSession@4ea9666b]
Transaction synchronization deregistering SqlSession [org.apache.ibatis.session.defaults.DefaultSqlSession@4ea9666b]
Transaction synchronization closing SqlSession [org.apache.ibatis.session.defaults.DefaultSqlSession@4ea9666b]
Creating a new SqlSession
Registering transaction synchronization for SqlSession [org.apache.ibatis.session.defaults.DefaultSqlSession@4e6eb11d]
JDBC Connection [HikariProxyConnection@1324786429 wrapping conn10: url=jdbc:h2:mem:segroup8_test user=SA] will be managed by Spring
==>  Preparing: SELECT id,order_no,buyer_user_id,total_amount,pay_status,order_status,refund_status,refund_reason,refund_proof_urls,receiver_name,receiver_phone,receiver_province,receiver_city,receiver_detail_address,pay_method,delivery_no,remark,create_time,paid_time,shipped_time,received_time,completed_time,closed_time,refund_apply_time,refund_decision_time,refund_decision_user_id,refund_decision_remark,refund_decision_source,logistics_template_id,logistics_status,logistics_current_index,can_refund,after_sales_deadline,delivery_time,arrival_time,auto_confirm_deadline,refund_mode,voucher_id,voucher_discount_amount,seller_bear_amount,platform_bear_amount,payable_amount,version,update_time FROM order_info WHERE id=?
==> Parameters: 301(Long)
<==    Columns: id, order_no, buyer_user_id, total_amount, pay_status, order_status, refund_status, refund_reason, refund_proof_urls, receiver_name, receiver_phone, receiver_province, receiver_city, receiver_detail_address, pay_method, delivery_no, remark, create_time, paid_time, shipped_time, received_time, completed_time, closed_time, refund_apply_time, refund_decision_time, refund_decision_user_id, refund_decision_remark, refund_decision_source, logistics_template_id, logistics_status, logistics_current_index, can_refund, after_sales_deadline, delivery_time, arrival_time, auto_confirm_deadline, refund_mode, voucher_id, voucher_discount_amount, seller_bear_amount, platform_bear_amount, payable_amount, version, update_time
<==        Row: 301, ORD_FLOW_301, 1, 120.00, 1, 2, 1, 商品存在瑕疵, null, null, null, null, null, null, null, null, null, 2026-08-27 18:08:33.833203, null, null, null, null, null, 2026-08-27 18:08:33.838204, null, null, null, null, null, ARRIVED, 2, 1, null, null, null, 2026-08-27 16:08:33.833203, RETURN_REFUND, null, null, null, null, null, 1, 2026-08-27 18:08:33.833203
<==      Total: 1
Releasing transactional SqlSession [org.apache.ibatis.session.defaults.DefaultSqlSession@4e6eb11d]
Fetched SqlSession [org.apache.ibatis.session.defaults.DefaultSqlSession@4e6eb11d] from current transaction
==>  Preparing: SELECT id,order_id,product_type,product_id,product_name,price,quantity,status,create_time,update_time FROM order_item WHERE (order_id = ?) ORDER BY id ASC
==> Parameters: 301(Long)
<==    Columns: id, order_id, product_type, product_id, product_name, price, quantity, status, create_time, update_time
<==        Row: 30101, 301, NEW, 401, 鑷姩纭娴嬭瘯鍟嗗搧, 60.00, 2, 1, 2026-08-27 18:08:33.834203, 2026-08-27 18:08:33.834203
<==      Total: 1
Releasing transactional SqlSession [org.apache.ibatis.session.defaults.DefaultSqlSession@4e6eb11d]
Fetched SqlSession [org.apache.ibatis.session.defaults.DefaultSqlSession@4e6eb11d] from current transaction
==>  Preparing: SELECT id,shop_id,name,cover,images,description,price,category_id,sub_category_id,stock,status,create_time,update_time FROM product WHERE id=?
==> Parameters: 401(Long)
<==    Columns: id, shop_id, name, cover, images, description, price, category_id, sub_category_id, stock, status, create_time, update_time
<==        Row: 401, 501, 鑷姩纭娴嬭瘯鍟嗗搧, null, null, null, 60.00, null, null, 100, 1, 2026-08-27 18:08:33.833203, 2026-08-27 18:08:33.833203
<==      Total: 1
Releasing transactional SqlSession [org.apache.ibatis.session.defaults.DefaultSqlSession@4e6eb11d]
Fetched SqlSession [org.apache.ibatis.session.defaults.DefaultSqlSession@4e6eb11d] from current transaction
==>  Preparing: SELECT id,owner_user_id,name,logo,description,region,contact_name,contact_phone,id_card_no_masked,warehouse_addr,decoration_json,status FROM shop WHERE id=?
==> Parameters: 501(Long)
<==    Columns: id, owner_user_id, name, logo, description, region, contact_name, contact_phone, id_card_no_masked, warehouse_addr, decoration_json, status
<==        Row: 501, 10, 鍟嗗A搴楅摵, null, null, null, null, null, null, null, null, 1
<==      Total: 1
Releasing transactional SqlSession [org.apache.ibatis.session.defaults.DefaultSqlSession@4e6eb11d]
Fetched SqlSession [org.apache.ibatis.session.defaults.DefaultSqlSession@4e6eb11d] from current transaction
==>  Preparing: UPDATE order_info SET refund_status=?,refund_decision_time=?,refund_decision_user_id=?,refund_decision_remark=?,refund_decision_source=?,version = version + 1 WHERE (id = ? AND refund_status = ? AND version = ?)
==> Parameters: 3(Integer), 2026-08-27T18:08:33.866161900(LocalDateTime), 10(Long), 卖家拒绝退货(String), SELLER(String), 301(Long), 1(Integer), 1(Integer)
<==    Updates: 1
Releasing transactional SqlSession [org.apache.ibatis.session.defaults.DefaultSqlSession@4e6eb11d]
Fetched SqlSession [org.apache.ibatis.session.defaults.DefaultSqlSession@4e6eb11d] from current transaction
==>  Preparing: SELECT id,order_id,action,operator_user_id,operator_role,remark,create_time FROM order_after_sale_log WHERE (order_id = ? AND action = ? AND operator_user_id = ? AND operator_role = ?) ORDER BY id DESC limit 1
==> Parameters: 301(Long), REJECT(String), 10(Long), SELLER(String)
<==      Total: 0
Releasing transactional SqlSession [org.apache.ibatis.session.defaults.DefaultSqlSession@4e6eb11d]
Fetched SqlSession [org.apache.ibatis.session.defaults.DefaultSqlSession@4e6eb11d] from current transaction
==>  Preparing: INSERT INTO order_after_sale_log ( order_id, action, operator_user_id, operator_role, remark, create_time ) VALUES ( ?, ?, ?, ?, ?, ? )
==> Parameters: 301(Long), REJECT(String), 10(Long), SELLER(String), 卖家拒绝退货(String), 2026-08-27T18:08:33.870671300(LocalDateTime)
<==    Updates: 1
Releasing transactional SqlSession [org.apache.ibatis.session.defaults.DefaultSqlSession@4e6eb11d]
Fetched SqlSession [org.apache.ibatis.session.defaults.DefaultSqlSession@4e6eb11d] from current transaction
==>  Preparing: INSERT INTO notification ( user_id, title, content, target_path, is_read, create_time ) VALUES ( ?, ?, ?, ?, ?, ? )
==> Parameters: 1(Long), 退款申请未通过(String), 订单号：ORD_FLOW_301，卖家拒绝了退款申请。处理说明：卖家拒绝退货(String), /order/301(String), 0(Integer), 2026-08-27T18:08:33.872317300(LocalDateTime)
<==    Updates: 1
Releasing transactional SqlSession [org.apache.ibatis.session.defaults.DefaultSqlSession@4e6eb11d]
Transaction synchronization committing SqlSession [org.apache.ibatis.session.defaults.DefaultSqlSession@4e6eb11d]
Transaction synchronization deregistering SqlSession [org.apache.ibatis.session.defaults.DefaultSqlSession@4e6eb11d]
Transaction synchronization closing SqlSession [org.apache.ibatis.session.defaults.DefaultSqlSession@4e6eb11d]
Creating a new SqlSession
SqlSession [org.apache.ibatis.session.defaults.DefaultSqlSession@46978465] was not registered for synchronization because synchronization is not active
JDBC Connection [HikariProxyConnection@1811005420 wrapping conn10: url=jdbc:h2:mem:segroup8_test user=SA] will not be managed by Spring
==>  Preparing: SELECT id,order_no,buyer_user_id,total_amount,pay_status,order_status,refund_status,refund_reason,refund_proof_urls,receiver_name,receiver_phone,receiver_province,receiver_city,receiver_detail_address,pay_method,delivery_no,remark,create_time,paid_time,shipped_time,received_time,completed_time,closed_time,refund_apply_time,refund_decision_time,refund_decision_user_id,refund_decision_remark,refund_decision_source,logistics_template_id,logistics_status,logistics_current_index,can_refund,after_sales_deadline,delivery_time,arrival_time,auto_confirm_deadline,refund_mode,voucher_id,voucher_discount_amount,seller_bear_amount,platform_bear_amount,payable_amount,version,update_time FROM order_info WHERE id=?
==> Parameters: 301(Long)
<==    Columns: id, order_no, buyer_user_id, total_amount, pay_status, order_status, refund_status, refund_reason, refund_proof_urls, receiver_name, receiver_phone, receiver_province, receiver_city, receiver_detail_address, pay_method, delivery_no, remark, create_time, paid_time, shipped_time, received_time, completed_time, closed_time, refund_apply_time, refund_decision_time, refund_decision_user_id, refund_decision_remark, refund_decision_source, logistics_template_id, logistics_status, logistics_current_index, can_refund, after_sales_deadline, delivery_time, arrival_time, auto_confirm_deadline, refund_mode, voucher_id, voucher_discount_amount, seller_bear_amount, platform_bear_amount, payable_amount, version, update_time
<==        Row: 301, ORD_FLOW_301, 1, 120.00, 1, 2, 3, 商品存在瑕疵, null, null, null, null, null, null, null, null, null, 2026-08-27 18:08:33.833203, null, null, null, null, null, 2026-08-27 18:08:33.838204, 2026-08-27 18:08:33.866162, 10, 卖家拒绝退货, SELLER, null, ARRIVED, 2, 1, null, null, null, 2026-08-27 16:08:33.833203, RETURN_REFUND, null, null, null, null, null, 2, 2026-08-27 18:08:33.833203
<==      Total: 1
Closing non transactional SqlSession [org.apache.ibatis.session.defaults.DefaultSqlSession@46978465]
Creating a new SqlSession
Registering transaction synchronization for SqlSession [org.apache.ibatis.session.defaults.DefaultSqlSession@33ce57f4]
JDBC Connection [HikariProxyConnection@1227219757 wrapping conn10: url=jdbc:h2:mem:segroup8_test user=SA] will be managed by Spring
==>  Preparing: SELECT id,order_no,buyer_user_id,total_amount,pay_status,order_status,refund_status,refund_reason,refund_proof_urls,receiver_name,receiver_phone,receiver_province,receiver_city,receiver_detail_address,pay_method,delivery_no,remark,create_time,paid_time,shipped_time,received_time,completed_time,closed_time,refund_apply_time,refund_decision_time,refund_decision_user_id,refund_decision_remark,refund_decision_source,logistics_template_id,logistics_status,logistics_current_index,can_refund,after_sales_deadline,delivery_time,arrival_time,auto_confirm_deadline,refund_mode,voucher_id,voucher_discount_amount,seller_bear_amount,platform_bear_amount,payable_amount,version,update_time FROM order_info WHERE id=?
==> Parameters: 301(Long)
<==    Columns: id, order_no, buyer_user_id, total_amount, pay_status, order_status, refund_status, refund_reason, refund_proof_urls, receiver_name, receiver_phone, receiver_province, receiver_city, receiver_detail_address, pay_method, delivery_no, remark, create_time, paid_time, shipped_time, received_time, completed_time, closed_time, refund_apply_time, refund_decision_time, refund_decision_user_id, refund_decision_remark, refund_decision_source, logistics_template_id, logistics_status, logistics_current_index, can_refund, after_sales_deadline, delivery_time, arrival_time, auto_confirm_deadline, refund_mode, voucher_id, voucher_discount_amount, seller_bear_amount, platform_bear_amount, payable_amount, version, update_time
<==        Row: 301, ORD_FLOW_301, 1, 120.00, 1, 2, 3, 商品存在瑕疵, null, null, null, null, null, null, null, null, null, 2026-08-27 18:08:33.833203, null, null, null, null, null, 2026-08-27 18:08:33.838204, 2026-08-27 18:08:33.866162, 10, 卖家拒绝退货, SELLER, null, ARRIVED, 2, 1, null, null, null, 2026-08-27 16:08:33.833203, RETURN_REFUND, null, null, null, null, null, 2, 2026-08-27 18:08:33.833203
<==      Total: 1
Releasing transactional SqlSession [org.apache.ibatis.session.defaults.DefaultSqlSession@33ce57f4]
Fetched SqlSession [org.apache.ibatis.session.defaults.DefaultSqlSession@33ce57f4] from current transaction
==>  Preparing: UPDATE order_info SET refund_status=?,refund_apply_time=?,refund_mode=?,refund_reason=?,version = version + 1 WHERE (id = ? AND buyer_user_id = ? AND refund_status IN (?,?) AND order_status <> ? AND order_status <> ? AND version = ?)
==> Parameters: 1(Integer), 2026-08-27T18:08:33.882601500(LocalDateTime), RETURN_REFUND(String), 补充凭证后再次申请(String), 301(Long), 1(Long), 0(Integer), 3(Integer), 0(Integer), 9(Integer), 2(Integer)
<==    Updates: 1
Releasing transactional SqlSession [org.apache.ibatis.session.defaults.DefaultSqlSession@33ce57f4]
Fetched SqlSession [org.apache.ibatis.session.defaults.DefaultSqlSession@33ce57f4] from current transaction
==>  Preparing: SELECT id,order_id,action,operator_user_id,operator_role,remark,create_time FROM order_after_sale_log WHERE (order_id = ? AND action = ? AND operator_user_id = ? AND operator_role = ?) ORDER BY id DESC limit 1
==> Parameters: 301(Long), APPLY(String), 1(Long), BUYER(String)
<==    Columns: id, order_id, action, operator_user_id, operator_role, remark, create_time
<==        Row: 4, 301, APPLY, 1, BUYER, 商品存在瑕疵, 2026-08-27 18:08:33.843359
<==      Total: 1
Releasing transactional SqlSession [org.apache.ibatis.session.defaults.DefaultSqlSession@33ce57f4]
Fetched SqlSession [org.apache.ibatis.session.defaults.DefaultSqlSession@33ce57f4] from current transaction
==>  Preparing: INSERT INTO order_after_sale_log ( order_id, action, operator_user_id, operator_role, remark, create_time ) VALUES ( ?, ?, ?, ?, ?, ? )
==> Parameters: 301(Long), APPLY(String), 1(Long), BUYER(String), 补充凭证后再次申请(String), 2026-08-27T18:08:33.885603300(LocalDateTime)
<==    Updates: 1
Releasing transactional SqlSession [org.apache.ibatis.session.defaults.DefaultSqlSession@33ce57f4]
Fetched SqlSession [org.apache.ibatis.session.defaults.DefaultSqlSession@33ce57f4] from current transaction
==>  Preparing: SELECT id,order_id,product_type,product_id,product_name,price,quantity,status,create_time,update_time FROM order_item WHERE (order_id = ?)
==> Parameters: 301(Long)
<==    Columns: id, order_id, product_type, product_id, product_name, price, quantity, status, create_time, update_time
<==        Row: 30101, 301, NEW, 401, 鑷姩纭娴嬭瘯鍟嗗搧, 60.00, 2, 1, 2026-08-27 18:08:33.834203, 2026-08-27 18:08:33.834203
<==      Total: 1
Releasing transactional SqlSession [org.apache.ibatis.session.defaults.DefaultSqlSession@33ce57f4]
Fetched SqlSession [org.apache.ibatis.session.defaults.DefaultSqlSession@33ce57f4] from current transaction
==>  Preparing: SELECT id,shop_id,name,cover,images,description,price,category_id,sub_category_id,stock,status,create_time,update_time FROM product WHERE id=?
==> Parameters: 401(Long)
<==    Columns: id, shop_id, name, cover, images, description, price, category_id, sub_category_id, stock, status, create_time, update_time
<==        Row: 401, 501, 鑷姩纭娴嬭瘯鍟嗗搧, null, null, null, 60.00, null, null, 100, 1, 2026-08-27 18:08:33.833203, 2026-08-27 18:08:33.833203
<==      Total: 1
Releasing transactional SqlSession [org.apache.ibatis.session.defaults.DefaultSqlSession@33ce57f4]
Fetched SqlSession [org.apache.ibatis.session.defaults.DefaultSqlSession@33ce57f4] from current transaction
==>  Preparing: SELECT id,owner_user_id,name,logo,description,region,contact_name,contact_phone,id_card_no_masked,warehouse_addr,decoration_json,status FROM shop WHERE id=?
==> Parameters: 501(Long)
<==    Columns: id, owner_user_id, name, logo, description, region, contact_name, contact_phone, id_card_no_masked, warehouse_addr, decoration_json, status
<==        Row: 501, 10, 鍟嗗A搴楅摵, null, null, null, null, null, null, null, null, 1
<==      Total: 1
Releasing transactional SqlSession [org.apache.ibatis.session.defaults.DefaultSqlSession@33ce57f4]
Fetched SqlSession [org.apache.ibatis.session.defaults.DefaultSqlSession@33ce57f4] from current transaction
Releasing transactional SqlSession [org.apache.ibatis.session.defaults.DefaultSqlSession@33ce57f4]
Fetched SqlSession [org.apache.ibatis.session.defaults.DefaultSqlSession@33ce57f4] from current transaction
==>  Preparing: INSERT INTO notification ( user_id, title, content, target_path, is_read, create_time ) VALUES ( ?, ?, ?, ?, ?, ? )
==> Parameters: 10(Long), 收到退款申请(String), 订单号：ORD_FLOW_301，买家申请退款，请及时处理。原因：补充凭证后再次申请(String), /merchant/orders/301(String), 0(Integer), 2026-08-27T18:08:33.890740300(LocalDateTime)
<==    Updates: 1
Releasing transactional SqlSession [org.apache.ibatis.session.defaults.DefaultSqlSession@33ce57f4]
Fetched SqlSession [org.apache.ibatis.session.defaults.DefaultSqlSession@33ce57f4] from current transaction
[...]
<==        Row: 302, ORD_FLOW_302, 1, 50.00, 1, 1, 0, null, null, null, null, null, null, null, null, null, null, 2026-08-27 18:08:34.033633, null, null, null, null, null, null, null, null, null, null, null, null, null, 1, null, null, null, null, null, null, null, null, null, null, 0, 2026-08-27 18:08:34.033633
<==      Total: 1
Releasing transactional SqlSession [org.apache.ibatis.session.defaults.DefaultSqlSession@7ffb60a4]
Fetched SqlSession [org.apache.ibatis.session.defaults.DefaultSqlSession@7ffb60a4] from current transaction
==>  Preparing: UPDATE order_info SET refund_status=?,refund_apply_time=?,refund_mode=?,refund_reason=?,version = version + 1 WHERE (id = ? AND buyer_user_id = ? AND refund_status IN (?,?) AND order_status <> ? AND order_status <> ? AND version = ?)
==> Parameters: 1(Integer), 2026-08-27T18:08:34.038152300(LocalDateTime), ONLY_REFUND(String), 未发货取消(String), 302(Long), 1(Long), 0(Integer), 3(Integer), 0(Integer), 9(Integer), 0(Integer)
<==    Updates: 1
Releasing transactional SqlSession [org.apache.ibatis.session.defaults.DefaultSqlSession@7ffb60a4]
Fetched SqlSession [org.apache.ibatis.session.defaults.DefaultSqlSession@7ffb60a4] from current transaction
==>  Preparing: SELECT user_id,personal_balance,business_balance,version,create_time,update_time FROM balance WHERE user_id=?
==> Parameters: 1(Long)
<==    Columns: user_id, personal_balance, business_balance, version, create_time, update_time
<==        Row: 1, 0.00, 0.00, 0, 2026-08-27 18:08:34.033633, 2026-08-27 18:08:34.033633
<==      Total: 1
Releasing transactional SqlSession [org.apache.ibatis.session.defaults.DefaultSqlSession@7ffb60a4]
Fetched SqlSession [org.apache.ibatis.session.defaults.DefaultSqlSession@7ffb60a4] from current transaction
==>  Preparing: UPDATE balance SET personal_balance=?,business_balance=?,version = version + 1 WHERE (user_id = ? AND version = ?)
==> Parameters: 50.00(BigDecimal), 0.00(BigDecimal), 1(Long), 0(Integer)
<==    Updates: 1
Releasing transactional SqlSession [org.apache.ibatis.session.defaults.DefaultSqlSession@7ffb60a4]
Fetched SqlSession [org.apache.ibatis.session.defaults.DefaultSqlSession@7ffb60a4] from current transaction
==>  Preparing: INSERT INTO transaction_record ( order_id, user_id, account_type, change_type, trade_type, amount, balance_after, remark, create_time ) VALUES ( ?, ?, ?, ?, ?, ?, ?, ?, ? )
==> Parameters: 302(Long), 1(Long), PERSONAL(String), REFUND_ONLY(String), REFUND_BACKFLOW(String), 50.00(BigDecimal), 50.00(BigDecimal), 仅退款回流(String), 2026-08-27T18:08:34.041147500(LocalDateTime)
<==    Updates: 1
Releasing transactional SqlSession [org.apache.ibatis.session.defaults.DefaultSqlSession@7ffb60a4]
Fetched SqlSession [org.apache.ibatis.session.defaults.DefaultSqlSession@7ffb60a4] from current transaction
==>  Preparing: UPDATE order_info SET refund_status=?,order_status=?,refund_decision_time=?,refund_decision_user_id=?,refund_decision_remark=?,refund_decision_source=?,closed_time=?,can_refund=? WHERE (id = ?)
==> Parameters: 2(Integer), 9(Integer), 2026-08-27T18:08:34.038152300(LocalDateTime), 0(Long), 未发货，仅退款自动通过(String), SYSTEM(String), 2026-08-27T18:08:34.038152300(LocalDateTime), 0(Integer), 302(Long)
<==    Updates: 1
Releasing transactional SqlSession [org.apache.ibatis.session.defaults.DefaultSqlSession@7ffb60a4]
Fetched SqlSession [org.apache.ibatis.session.defaults.DefaultSqlSession@7ffb60a4] from current transaction
==>  Preparing: SELECT id,order_id,product_type,product_id,product_name,price,quantity,status,create_time,update_time FROM order_item WHERE (order_id = ?)
==> Parameters: 302(Long)
<==    Columns: id, order_id, product_type, product_id, product_name, price, quantity, status, create_time, update_time
<==        Row: 30201, 302, NEW, 402, 浠呴��娆炬祴璇曞晢鍝�, 50.00, 1, 1, 2026-08-27 18:08:34.033633, 2026-08-27 18:08:34.033633
<==      Total: 1
Releasing transactional SqlSession [org.apache.ibatis.session.defaults.DefaultSqlSession@7ffb60a4]
Fetched SqlSession [org.apache.ibatis.session.defaults.DefaultSqlSession@7ffb60a4] from current transaction
==>  Preparing: SELECT id,shop_id,name,cover,images,description,price,category_id,sub_category_id,stock,status,create_time,update_time FROM product WHERE id=?
==> Parameters: 402(Long)
<==    Columns: id, shop_id, name, cover, images, description, price, category_id, sub_category_id, stock, status, create_time, update_time
<==        Row: 402, 501, 浠呴��娆炬祴璇曞晢鍝�, null, null, null, 50.00, null, null, 100, 1, 2026-08-27 18:08:34.032633, 2026-08-27 18:08:34.032633
<==      Total: 1
Releasing transactional SqlSession [org.apache.ibatis.session.defaults.DefaultSqlSession@7ffb60a4]
Fetched SqlSession [org.apache.ibatis.session.defaults.DefaultSqlSession@7ffb60a4] from current transaction
==>  Preparing: UPDATE product SET shop_id=?, name=?, price=?, stock=?, status=?, create_time=?, update_time=? WHERE id=?
==> Parameters: 501(Long), 浠呴��娆炬祴璇曞晢鍝�(String), 50.00(BigDecimal), 101(Integer), 1(Integer), 2026-08-27T18:08:34.032633(LocalDateTime), 2026-08-27T18:08:34.032633(LocalDateTime), 402(Long)
<==    Updates: 1
Releasing transactional SqlSession [org.apache.ibatis.session.defaults.DefaultSqlSession@7ffb60a4]
Fetched SqlSession [org.apache.ibatis.session.defaults.DefaultSqlSession@7ffb60a4] from current transaction
==>  Preparing: SELECT id,order_id,action,operator_user_id,operator_role,remark,create_time FROM order_after_sale_log WHERE (order_id = ? AND action = ? AND operator_user_id = ? AND operator_role = ?) ORDER BY id DESC limit 1
==> Parameters: 302(Long), APPLY(String), 1(Long), BUYER(String)
<==      Total: 0
Releasing transactional SqlSession [org.apache.ibatis.session.defaults.DefaultSqlSession@7ffb60a4]
Fetched SqlSession [org.apache.ibatis.session.defaults.DefaultSqlSession@7ffb60a4] from current transaction
==>  Preparing: INSERT INTO order_after_sale_log ( order_id, action, operator_user_id, operator_role, remark, create_time ) VALUES ( ?, ?, ?, ?, ?, ? )
==> Parameters: 302(Long), APPLY(String), 1(Long), BUYER(String), 未发货取消(String), 2026-08-27T18:08:34.053447200(LocalDateTime)
<==    Updates: 1
Releasing transactional SqlSession [org.apache.ibatis.session.defaults.DefaultSqlSession@7ffb60a4]
Fetched SqlSession [org.apache.ibatis.session.defaults.DefaultSqlSession@7ffb60a4] from current transaction
==>  Preparing: SELECT id,order_id,action,operator_user_id,operator_role,remark,create_time FROM order_after_sale_log WHERE (order_id = ? AND action = ? AND operator_user_id = ? AND operator_role = ?) ORDER BY id DESC limit 1
==> Parameters: 302(Long), APPROVE(String), 0(Long), ADMIN(String)
<==      Total: 0
Releasing transactional SqlSession [org.apache.ibatis.session.defaults.DefaultSqlSession@7ffb60a4]
Fetched SqlSession [org.apache.ibatis.session.defaults.DefaultSqlSession@7ffb60a4] from current transaction
==>  Preparing: INSERT INTO order_after_sale_log ( order_id, action, operator_user_id, operator_role, remark, create_time ) VALUES ( ?, ?, ?, ?, ?, ? )
==> Parameters: 302(Long), APPROVE(String), 0(Long), ADMIN(String), 未发货，仅退款自动通过(String), 2026-08-27T18:08:34.055030300(LocalDateTime)
<==    Updates: 1
Releasing transactional SqlSession [org.apache.ibatis.session.defaults.DefaultSqlSession@7ffb60a4]
Fetched SqlSession [org.apache.ibatis.session.defaults.DefaultSqlSession@7ffb60a4] from current transaction
==>  Preparing: SELECT id,order_id,product_type,product_id,product_name,price,quantity,status,create_time,update_time FROM order_item WHERE (order_id = ?)
==> Parameters: 302(Long)
<==    Columns: id, order_id, product_type, product_id, product_name, price, quantity, status, create_time, update_time
<==        Row: 30201, 302, NEW, 402, 浠呴��娆炬祴璇曞晢鍝�, 50.00, 1, 1, 2026-08-27 18:08:34.033633, 2026-08-27 18:08:34.033633
<==      Total: 1
Releasing transactional SqlSession [org.apache.ibatis.session.defaults.DefaultSqlSession@7ffb60a4]
Fetched SqlSession [org.apache.ibatis.session.defaults.DefaultSqlSession@7ffb60a4] from current transaction
==>  Preparing: SELECT id,shop_id,name,cover,images,description,price,category_id,sub_category_id,stock,status,create_time,update_time FROM product WHERE id=?
==> Parameters: 402(Long)
<==    Columns: id, shop_id, name, cover, images, description, price, category_id, sub_category_id, stock, status, create_time, update_time
<==        Row: 402, 501, 浠呴��娆炬祴璇曞晢鍝�, null, null, null, 50.00, null, null, 101, 1, 2026-08-27 18:08:34.032633, 2026-08-27 18:08:34.032633
<==      Total: 1
Releasing transactional SqlSession [org.apache.ibatis.session.defaults.DefaultSqlSession@7ffb60a4]
Fetched SqlSession [org.apache.ibatis.session.defaults.DefaultSqlSession@7ffb60a4] from current transaction
==>  Preparing: SELECT id,owner_user_id,name,logo,description,region,contact_name,contact_phone,id_card_no_masked,warehouse_addr,decoration_json,status FROM shop WHERE id=?
==> Parameters: 501(Long)
<==    Columns: id, owner_user_id, name, logo, description, region, contact_name, contact_phone, id_card_no_masked, warehouse_addr, decoration_json, status
<==        Row: 501, 10, 鍟嗗A搴楅摵, null, null, null, null, null, null, null, null, 1
<==      Total: 1
Releasing transactional SqlSession [org.apache.ibatis.session.defaults.DefaultSqlSession@7ffb60a4]
Fetched SqlSession [org.apache.ibatis.session.defaults.DefaultSqlSession@7ffb60a4] from current transaction
==>  Preparing: INSERT INTO notification ( user_id, title, content, target_path, is_read, create_time ) VALUES ( ?, ?, ?, ?, ?, ? )
==> Parameters: 1(Long), 退款已完成(String), 订单号：ORD_FLOW_302，未发货订单已自动退款。(String), /order/302(String), 0(Integer), 2026-08-27T18:08:34.057129200(LocalDateTime)
<==    Updates: 1
Releasing transactional SqlSession [org.apache.ibatis.session.defaults.DefaultSqlSession@7ffb60a4]
Fetched SqlSession [org.apache.ibatis.session.defaults.DefaultSqlSession@7ffb60a4] from current transaction
==>  Preparing: SELECT id,order_id,product_type,product_id,product_name,price,quantity,status,create_time,update_time FROM order_item WHERE (order_id = ?)
==> Parameters: 302(Long)
<==    Columns: id, order_id, product_type, product_id, product_name, price, quantity, status, create_time, update_time
<==        Row: 30201, 302, NEW, 402, 浠呴��娆炬祴璇曞晢鍝�, 50.00, 1, 1, 2026-08-27 18:08:34.033633, 2026-08-27 18:08:34.033633
<==      Total: 1
Releasing transactional SqlSession [org.apache.ibatis.session.defaults.DefaultSqlSession@7ffb60a4]
Fetched SqlSession [org.apache.ibatis.session.defaults.DefaultSqlSession@7ffb60a4] from current transaction
==>  Preparing: INSERT INTO notification ( user_id, title, content, target_path, is_read, create_time ) VALUES ( ?, ?, ?, ?, ?, ? )
==> Parameters: 10(Long), 订单已退款(String), 订单号：ORD_FLOW_302，买家申请未发货退款，系统已自动处理。(String), /merchant/orders/302(String), 0(Integer), 2026-08-27T18:08:34.058288(LocalDateTime)
<==    Updates: 1
Releasing transactional SqlSession [org.apache.ibatis.session.defaults.DefaultSqlSession@7ffb60a4]
Fetched SqlSession [org.apache.ibatis.session.defaults.DefaultSqlSession@7ffb60a4] from current transaction
==>  Preparing: SELECT id,order_no,buyer_user_id,total_amount,pay_status,order_status,refund_status,refund_reason,refund_proof_urls,receiver_name,receiver_phone,receiver_province,receiver_city,receiver_detail_address,pay_method,delivery_no,remark,create_time,paid_time,shipped_time,received_time,completed_time,closed_time,refund_apply_time,refund_decision_time,refund_decision_user_id,refund_decision_remark,refund_decision_source,logistics_template_id,logistics_status,logistics_current_index,can_refund,after_sales_deadline,delivery_time,arrival_time,auto_confirm_deadline,refund_mode,voucher_id,voucher_discount_amount,seller_bear_amount,platform_bear_amount,payable_amount,version,update_time FROM order_info WHERE id=?
==> Parameters: 302(Long)
<==    Columns: id, order_no, buyer_user_id, total_amount, pay_status, order_status, refund_status, refund_reason, refund_proof_urls, receiver_name, receiver_phone, receiver_province, receiver_city, receiver_detail_address, pay_method, delivery_no, remark, create_time, paid_time, shipped_time, received_time, completed_time, closed_time, refund_apply_time, refund_decision_time, refund_decision_user_id, refund_decision_remark, refund_decision_source, logistics_template_id, logistics_status, logistics_current_index, can_refund, after_sales_deadline, delivery_time, arrival_time, auto_confirm_deadline, refund_mode, voucher_id, voucher_discount_amount, seller_bear_amount, platform_bear_amount, payable_amount, version, update_time
<==        Row: 302, ORD_FLOW_302, 1, 50.00, 1, 9, 2, 未发货取消, null, null, null, null, null, null, null, null, null, 2026-08-27 18:08:34.033633, null, null, null, null, 2026-08-27 18:08:34.038152, 2026-08-27 18:08:34.038152, 2026-08-27 18:08:34.038152, 0, 未发货，仅退款自动通过, SYSTEM, null, null, null, 0, null, null, null, null, ONLY_REFUND, null, null, null, null, null, 1, 2026-08-27 18:08:34.033633
<==      Total: 1
Releasing transactional SqlSession [org.apache.ibatis.session.defaults.DefaultSqlSession@7ffb60a4]
Fetched SqlSession [org.apache.ibatis.session.defaults.DefaultSqlSession@7ffb60a4] from current transaction
==>  Preparing: SELECT id,order_id,product_type,product_id,product_name,price,quantity,status,create_time,update_time FROM order_item WHERE (order_id = ?) ORDER BY id ASC
==> Parameters: 302(Long)
<==    Columns: id, order_id, product_type, product_id, product_name, price, quantity, status, create_time, update_time
<==        Row: 30201, 302, NEW, 402, 浠呴��娆炬祴璇曞晢鍝�, 50.00, 1, 1, 2026-08-27 18:08:34.033633, 2026-08-27 18:08:34.033633
<==      Total: 1
Releasing transactional SqlSession [org.apache.ibatis.session.defaults.DefaultSqlSession@7ffb60a4]
Fetched SqlSession [org.apache.ibatis.session.defaults.DefaultSqlSession@7ffb60a4] from current transaction
==>  Preparing: SELECT id,shop_id,name,cover,images,description,price,category_id,sub_category_id,stock,status,create_time,update_time FROM product WHERE id=?
==> Parameters: 402(Long)
<==    Columns: id, shop_id, name, cover, images, description, price, category_id, sub_category_id, stock, status, create_time, update_time
<==        Row: 402, 501, 浠呴��娆炬祴璇曞晢鍝�, null, null, null, 50.00, null, null, 101, 1, 2026-08-27 18:08:34.032633, 2026-08-27 18:08:34.032633
<==      Total: 1
Releasing transactional SqlSession [org.apache.ibatis.session.defaults.DefaultSqlSession@7ffb60a4]
Fetched SqlSession [org.apache.ibatis.session.defaults.DefaultSqlSession@7ffb60a4] from current transaction
==>  Preparing: SELECT id,owner_user_id,name,logo,description,region,contact_name,contact_phone,id_card_no_masked,warehouse_addr,decoration_json,status FROM shop WHERE id=?
==> Parameters: 501(Long)
<==    Columns: id, owner_user_id, name, logo, description, region, contact_name, contact_phone, id_card_no_masked, warehouse_addr, decoration_json, status
<==        Row: 501, 10, 鍟嗗A搴楅摵, null, null, null, null, null, null, null, null, 1
<==      Total: 1
Releasing transactional SqlSession [org.apache.ibatis.session.defaults.DefaultSqlSession@7ffb60a4]
Transaction synchronization committing SqlSession [org.apache.ibatis.session.defaults.DefaultSqlSession@7ffb60a4]
Transaction synchronization deregistering SqlSession [org.apache.ibatis.session.defaults.DefaultSqlSession@7ffb60a4]
Transaction synchronization closing SqlSession [org.apache.ibatis.session.defaults.DefaultSqlSession@7ffb60a4]
Creating a new SqlSession
SqlSession [org.apache.ibatis.session.defaults.DefaultSqlSession@74e17634] was not registered for synchronization because synchronization is not active
JDBC Connection [HikariProxyConnection@1856272458 wrapping conn10: url=jdbc:h2:mem:segroup8_test user=SA] will not be managed by Spring
==>  Preparing: SELECT id,order_no,buyer_user_id,total_amount,pay_status,order_status,refund_status,refund_reason,refund_proof_urls,receiver_name,receiver_phone,receiver_province,receiver_city,receiver_detail_address,pay_method,delivery_no,remark,create_time,paid_time,shipped_time,received_time,completed_time,closed_time,refund_apply_time,refund_decision_time,refund_decision_user_id,refund_decision_remark,refund_decision_source,logistics_template_id,logistics_status,logistics_current_index,can_refund,after_sales_deadline,delivery_time,arrival_time,auto_confirm_deadline,refund_mode,voucher_id,voucher_discount_amount,seller_bear_amount,platform_bear_amount,payable_amount,version,update_time FROM order_info WHERE id=?
==> Parameters: 302(Long)
<==    Columns: id, order_no, buyer_user_id, total_amount, pay_status, order_status, refund_status, refund_reason, refund_proof_urls, receiver_name, receiver_phone, receiver_province, receiver_city, receiver_detail_address, pay_method, delivery_no, remark, create_time, paid_time, shipped_time, received_time, completed_time, closed_time, refund_apply_time, refund_decision_time, refund_decision_user_id, refund_decision_remark, refund_decision_source, logistics_template_id, logistics_status, logistics_current_index, can_refund, after_sales_deadline, delivery_time, arrival_time, auto_confirm_deadline, refund_mode, voucher_id, voucher_discount_amount, seller_bear_amount, platform_bear_amount, payable_amount, version, update_time
<==        Row: 302, ORD_FLOW_302, 1, 50.00, 1, 9, 2, 未发货取消, null, null, null, null, null, null, null, null, null, 2026-08-27 18:08:34.033633, null, null, null, null, 2026-08-27 18:08:34.038152, 2026-08-27 18:08:34.038152, 2026-08-27 18:08:34.038152, 0, 未发货，仅退款自动通过, SYSTEM, null, null, null, 0, null, null, null, null, ONLY_REFUND, null, null, null, null, null, 1, 2026-08-27 18:08:34.033633
<==      Total: 1
Closing non transactional SqlSession [org.apache.ibatis.session.defaults.DefaultSqlSession@74e17634]
Creating a new SqlSession
SqlSession [org.apache.ibatis.session.defaults.DefaultSqlSession@54dc3d0a] was not registered for synchronization because synchronization is not active
JDBC Connection [HikariProxyConnection@1811531351 wrapping conn10: url=jdbc:h2:mem:segroup8_test user=SA] will not be managed by Spring
==>  Preparing: SELECT user_id,personal_balance,business_balance,version,create_time,update_time FROM balance WHERE user_id=?
==> Parameters: 1(Long)
<==    Columns: user_id, personal_balance, business_balance, version, create_time, update_time
<==        Row: 1, 50.00, 0.00, 1, 2026-08-27 18:08:34.033633, 2026-08-27 18:08:34.033633
<==      Total: 1
Closing non transactional SqlSession [org.apache.ibatis.session.defaults.DefaultSqlSession@54dc3d0a]
Creating a new SqlSession
SqlSession [org.apache.ibatis.session.defaults.DefaultSqlSession@597d1122] was not registered for synchronization because synchronization is not active
JDBC Connection [HikariProxyConnection@1828475754 wrapping conn10: url=jdbc:h2:mem:segroup8_test user=SA] will not be managed by Spring
==>  Preparing: SELECT id,order_id,action,operator_user_id,operator_role,remark,create_time FROM order_after_sale_log WHERE (order_id = ?)
==> Parameters: 302(Long)
<==    Columns: id, order_id, action, operator_user_id, operator_role, remark, create_time
<==        Row: 10, 302, APPLY, 1, BUYER, 未发货取消, 2026-08-27 18:08:34.053447
<==        Row: 11, 302, APPROVE, 0, ADMIN, 未发货，仅退款自动通过, 2026-08-27 18:08:34.05503
<==      Total: 2
Closing non transactional SqlSession [org.apache.ibatis.session.defaults.DefaultSqlSession@597d1122]
]]></system-out>
  </testcase>
</testsuite>