<?xml version="1.0" encoding="UTF-8"?>
<testsuite xmlns:xsi="http://www.w3.org/2001/XMLSchema-instance" xsi:noNamespaceSchemaLocation="https://maven.apache.org/surefire/maven-surefire-plugin/xsd/surefire-test-report-3.0.xsd" version="3.0" name="com.segroup8.platform.integration.OrderSettlementRefundFlowIntegrationTest(domain-c-uc14-20260827100804207)" time="0.105" tests="2" errors="0" skipped="0" failures="0">
  <properties>
[...]
</properties>
  <testcase name="deliveredToAutoConfirmShouldSettleAndKeepAccountIsolation" classname="com.segroup8.platform.integration.OrderSettlementRefundFlowIntegrationTest(domain-c-uc14-20260827100804207)" time="0.041">
    <system-out><![CDATA[2026-08-27T18:08:34.093+08:00  INFO 49420 --- [segroup8-platform] [           main] t.c.s.AnnotationConfigContextLoaderUtils : Could not detect default configuration classes for test class [com.segroup8.platform.integration.OrderSettlementRefundFlowIntegrationTest]: OrderSettlementRefundFlowIntegrationTest does not declare any static, non-private, non-final, nested classes annotated with @Configuration.
2026-08-27T18:08:34.095+08:00  INFO 49420 --- [segroup8-platform] [           main] .b.t.c.SpringBootTestContextBootstrapper : Found @SpringBootConfiguration com.segroup8.platform.PlatformApplication for test class com.segroup8.platform.integration.OrderSettlementRefundFlowIntegrationTest
Creating a new SqlSession
Registering transaction synchronization for SqlSession [org.apache.ibatis.session.defaults.DefaultSqlSession@5ceca60]
JDBC Connection [HikariProxyConnection@191539177 wrapping conn10: url=jdbc:h2:mem:segroup8_test user=SA] will be managed by Spring
==>  Preparing: SELECT id,order_no,buyer_user_id,total_amount,pay_status,order_status,refund_status,refund_reason,refund_proof_urls,receiver_name,receiver_phone,receiver_province,receiver_city,receiver_detail_address,pay_method,delivery_no,remark,create_time,paid_time,shipped_time,received_time,completed_time,closed_time,refund_apply_time,refund_decision_time,refund_decision_user_id,refund_decision_remark,refund_decision_source,logistics_template_id,logistics_status,logistics_current_index,can_refund,after_sales_deadline,delivery_time,arrival_time,auto_confirm_deadline,refund_mode,voucher_id,voucher_discount_amount,seller_bear_amount,platform_bear_amount,payable_amount,version,update_time FROM order_info WHERE id=?
==> Parameters: 301(Long)
<==    Columns: id, order_no, buyer_user_id, total_amount, pay_status, order_status, refund_status, refund_reason, refund_proof_urls, receiver_name, receiver_phone, receiver_province, receiver_city, receiver_detail_address, pay_method, delivery_no, remark, create_time, paid_time, shipped_time, received_time, completed_time, closed_time, refund_apply_time, refund_decision_time, refund_decision_user_id, refund_decision_remark, refund_decision_source, logistics_template_id, logistics_status, logistics_current_index, can_refund, after_sales_deadline, delivery_time, arrival_time, auto_confirm_deadline, refund_mode, voucher_id, voucher_discount_amount, seller_bear_amount, platform_bear_amount, payable_amount, version, update_time
<==        Row: 301, ORD_FLOW_301, 1, 120.00, 1, 2, 0, null, null, null, null, null, null, null, null, null, null, 2026-08-27 18:08:34.11107, null, null, null, null, null, null, null, null, null, null, null, ARRIVED, 2, 1, null, null, null, 2026-08-27 16:08:34.11107, null, null, null, null, null, null, 0, 2026-08-27 18:08:34.11107
<==      Total: 1
Releasing transactional SqlSession [org.apache.ibatis.session.defaults.DefaultSqlSession@5ceca60]
Fetched SqlSession [org.apache.ibatis.session.defaults.DefaultSqlSession@5ceca60] from current transaction
==>  Preparing: UPDATE order_info SET order_status=?,received_time=?,version = version + 1 WHERE (id = ? AND order_status = ? AND version = ?)
==> Parameters: 3(Integer), 2026-08-27T18:08:34.116070100(LocalDateTime), 301(Long), 2(Integer), 0(Integer)
<==    Updates: 1
Releasing transactional SqlSession [org.apache.ibatis.session.defaults.DefaultSqlSession@5ceca60]
Fetched SqlSession [org.apache.ibatis.session.defaults.DefaultSqlSession@5ceca60] from current transaction
==>  Preparing: SELECT id,order_id,product_type,product_id,product_name,price,quantity,status,create_time,update_time FROM order_item WHERE (order_id = ?) ORDER BY id ASC
==> Parameters: 301(Long)
<==    Columns: id, order_id, product_type, product_id, product_name, price, quantity, status, create_time, update_time
<==        Row: 30101, 301, NEW, 401, 鑷姩纭娴嬭瘯鍟嗗搧, 60.00, 2, 1, 2026-08-27 18:08:34.11107, 2026-08-27 18:08:34.11107
<==      Total: 1
Releasing transactional SqlSession [org.apache.ibatis.session.defaults.DefaultSqlSession@5ceca60]
Fetched SqlSession [org.apache.ibatis.session.defaults.DefaultSqlSession@5ceca60] from current transaction
==>  Preparing: SELECT id,shop_id,name,cover,images,description,price,category_id,sub_category_id,stock,status,create_time,update_time FROM product WHERE id=?
==> Parameters: 401(Long)
<==    Columns: id, shop_id, name, cover, images, description, price, category_id, sub_category_id, stock, status, create_time, update_time
<==        Row: 401, 501, 鑷姩纭娴嬭瘯鍟嗗搧, null, null, null, 60.00, null, null, 100, 1, 2026-08-27 18:08:34.11107, 2026-08-27 18:08:34.11107
<==      Total: 1
Releasing transactional SqlSession [org.apache.ibatis.session.defaults.DefaultSqlSession@5ceca60]
Fetched SqlSession [org.apache.ibatis.session.defaults.DefaultSqlSession@5ceca60] from current transaction
==>  Preparing: SELECT id,owner_user_id,name,logo,description,region,contact_name,contact_phone,id_card_no_masked,warehouse_addr,decoration_json,status FROM shop WHERE id=?
==> Parameters: 501(Long)
<==    Columns: id, owner_user_id, name, logo, description, region, contact_name, contact_phone, id_card_no_masked, warehouse_addr, decoration_json, status
<==        Row: 501, 10, 鍟嗗A搴楅摵, null, null, null, null, null, null, null, null, 1
<==      Total: 1
Releasing transactional SqlSession [org.apache.ibatis.session.defaults.DefaultSqlSession@5ceca60]
Fetched SqlSession [org.apache.ibatis.session.defaults.DefaultSqlSession@5ceca60] from current transaction
==>  Preparing: SELECT user_id,personal_balance,business_balance,version,create_time,update_time FROM balance WHERE user_id=?
==> Parameters: 10(Long)
<==    Columns: user_id, personal_balance, business_balance, version, create_time, update_time
<==        Row: 10, 0.00, 0.00, 0, 2026-08-27 18:08:34.11107, 2026-08-27 18:08:34.11107
<==      Total: 1
Releasing transactional SqlSession [org.apache.ibatis.session.defaults.DefaultSqlSession@5ceca60]
Fetched SqlSession [org.apache.ibatis.session.defaults.DefaultSqlSession@5ceca60] from current transaction
==>  Preparing: UPDATE balance SET personal_balance=?,business_balance=?,version = version + 1 WHERE (user_id = ? AND version = ?)
==> Parameters: 0.00(BigDecimal), 120.00(BigDecimal), 10(Long), 0(Integer)
<==    Updates: 1
Releasing transactional SqlSession [org.apache.ibatis.session.defaults.DefaultSqlSession@5ceca60]
Fetched SqlSession [org.apache.ibatis.session.defaults.DefaultSqlSession@5ceca60] from current transaction
==>  Preparing: INSERT INTO transaction_record ( order_id, user_id, account_type, change_type, trade_type, amount, balance_after, remark, create_time ) VALUES ( ?, ?, ?, ?, ?, ?, ?, ?, ? )
==> Parameters: 301(Long), 10(Long), BUSINESS(String), ESCROW_RELEASE_BUSINESS(String), INCOME_BUSINESS(String), 120.00(BigDecimal), 120.00(BigDecimal), 担保交易确认收货后释放资金(String), 2026-08-27T18:08:34.123662500(LocalDateTime)
<==    Updates: 1
Releasing transactional SqlSession [org.apache.ibatis.session.defaults.DefaultSqlSession@5ceca60]
Fetched SqlSession [org.apache.ibatis.session.defaults.DefaultSqlSession@5ceca60] from current transaction
==>  Preparing: UPDATE order_info SET can_refund=?,after_sales_deadline=? WHERE (id = ?)
==> Parameters: 1(Integer), 2026-09-03T18:08:34.116070100(LocalDateTime), 301(Long)
<==    Updates: 1
Releasing transactional SqlSession [org.apache.ibatis.session.defaults.DefaultSqlSession@5ceca60]
Fetched SqlSession [org.apache.ibatis.session.defaults.DefaultSqlSession@5ceca60] from current transaction
==>  Preparing: SELECT id,order_id,product_type,product_id,product_name,price,quantity,status,create_time,update_time FROM order_item WHERE (order_id = ?)
==> Parameters: 301(Long)
<==    Columns: id, order_id, product_type, product_id, product_name, price, quantity, status, create_time, update_time
<==        Row: 30101, 301, NEW, 401, 鑷姩纭娴嬭瘯鍟嗗搧, 60.00, 2, 1, 2026-08-27 18:08:34.11107, 2026-08-27 18:08:34.11107
<==      Total: 1
Releasing transactional SqlSession [org.apache.ibatis.session.defaults.DefaultSqlSession@5ceca60]
Fetched SqlSession [org.apache.ibatis.session.defaults.DefaultSqlSession@5ceca60] from current transaction
==>  Preparing: SELECT id,shop_id,name,cover,images,description,price,category_id,sub_category_id,stock,status,create_time,update_time FROM product WHERE id=?
==> Parameters: 401(Long)
<==    Columns: id, shop_id, name, cover, images, description, price, category_id, sub_category_id, stock, status, create_time, update_time
<==        Row: 401, 501, 鑷姩纭娴嬭瘯鍟嗗搧, null, null, null, 60.00, null, null, 100, 1, 2026-08-27 18:08:34.11107, 2026-08-27 18:08:34.11107
<==      Total: 1
Releasing transactional SqlSession [org.apache.ibatis.session.defaults.DefaultSqlSession@5ceca60]
Fetched SqlSession [org.apache.ibatis.session.defaults.DefaultSqlSession@5ceca60] from current transaction
==>  Preparing: SELECT id,owner_user_id,name,logo,description,region,contact_name,contact_phone,id_card_no_masked,warehouse_addr,decoration_json,status FROM shop WHERE id=?
==> Parameters: 501(Long)
<==    Columns: id, owner_user_id, name, logo, description, region, contact_name, contact_phone, id_card_no_masked, warehouse_addr, decoration_json, status
<==        Row: 501, 10, 鍟嗗A搴楅摵, null, null, null, null, null, null, null, null, 1
<==      Total: 1
Releasing transactional SqlSession [org.apache.ibatis.session.defaults.DefaultSqlSession@5ceca60]
Fetched SqlSession [org.apache.ibatis.session.defaults.DefaultSqlSession@5ceca60] from current transaction
==>  Preparing: INSERT INTO notification ( user_id, title, content, target_path, is_read, create_time ) VALUES ( ?, ?, ?, ?, ?, ? )
==> Parameters: 1(Long), 订单已自动确认收货(String), 订单号：ORD_FLOW_301 已由系统自动确认收货。(String), /order/301(String), 0(Integer), 2026-08-27T18:08:34.128535300(LocalDateTime)
<==    Updates: 1
Releasing transactional SqlSession [org.apache.ibatis.session.defaults.DefaultSqlSession@5ceca60]
Fetched SqlSession [org.apache.ibatis.session.defaults.DefaultSqlSession@5ceca60] from current transaction
==>  Preparing: SELECT id,order_id,product_type,product_id,product_name,price,quantity,status,create_time,update_time FROM order_item WHERE (order_id = ?)
==> Parameters: 301(Long)
<==    Columns: id, order_id, product_type, product_id, product_name, price, quantity, status, create_time, update_time
<==        Row: 30101, 301, NEW, 401, 鑷姩纭娴嬭瘯鍟嗗搧, 60.00, 2, 1, 2026-08-27 18:08:34.11107, 2026-08-27 18:08:34.11107
<==      Total: 1
Releasing transactional SqlSession [org.apache.ibatis.session.defaults.DefaultSqlSession@5ceca60]
Fetched SqlSession [org.apache.ibatis.session.defaults.DefaultSqlSession@5ceca60] from current transaction
==>  Preparing: INSERT INTO notification ( user_id, title, content, target_path, is_read, create_time ) VALUES ( ?, ?, ?, ?, ?, ? )
==> Parameters: 10(Long), 订单已自动确认收货(String), 订单号：ORD_FLOW_301 已自动确认收货，交易资金已按规则结算。(String), /merchant/orders/301(String), 0(Integer), 2026-08-27T18:08:34.129543800(LocalDateTime)
<==    Updates: 1
Releasing transactional SqlSession [org.apache.ibatis.session.defaults.DefaultSqlSession@5ceca60]
Transaction synchronization committing SqlSession [org.apache.ibatis.session.defaults.DefaultSqlSession@5ceca60]
Transaction synchronization deregistering SqlSession [org.apache.ibatis.session.defaults.DefaultSqlSession@5ceca60]
Transaction synchronization closing SqlSession [org.apache.ibatis.session.defaults.DefaultSqlSession@5ceca60]
Creating a new SqlSession
SqlSession [org.apache.ibatis.session.defaults.DefaultSqlSession@73a0353f] was not registered for synchronization because synchronization is not active
JDBC Connection [HikariProxyConnection@1233704368 wrapping conn10: url=jdbc:h2:mem:segroup8_test user=SA] will not be managed by Spring
==>  Preparing: SELECT id,order_no,buyer_user_id,total_amount,pay_status,order_status,refund_status,refund_reason,refund_proof_urls,receiver_name,receiver_phone,receiver_province,receiver_city,receiver_detail_address,pay_method,delivery_no,remark,create_time,paid_time,shipped_time,received_time,completed_time,closed_time,refund_apply_time,refund_decision_time,refund_decision_user_id,refund_decision_remark,refund_decision_source,logistics_template_id,logistics_status,logistics_current_index,can_refund,after_sales_deadline,delivery_time,arrival_time,auto_confirm_deadline,refund_mode,voucher_id,voucher_discount_amount,seller_bear_amount,platform_bear_amount,payable_amount,version,update_time FROM order_info WHERE id=?
==> Parameters: 301(Long)
<==    Columns: id, order_no, buyer_user_id, total_amount, pay_status, order_status, refund_status, refund_reason, refund_proof_urls, receiver_name, receiver_phone, receiver_province, receiver_city, receiver_detail_address, pay_method, delivery_no, remark, create_time, paid_time, shipped_time, received_time, completed_time, closed_time, refund_apply_time, refund_decision_time, refund_decision_user_id, refund_decision_remark, refund_decision_source, logistics_template_id, logistics_status, logistics_current_index, can_refund, after_sales_deadline, delivery_time, arrival_time, auto_confirm_deadline, refund_mode, voucher_id, voucher_discount_amount, seller_bear_amount, platform_bear_amount, payable_amount, version, update_time
<==        Row: 301, ORD_FLOW_301, 1, 120.00, 1, 3, 0, null, null, null, null, null, null, null, null, null, null, 2026-08-27 18:08:34.11107, null, null, 2026-08-27 18:08:34.11607, null, null, null, null, null, null, null, null, ARRIVED, 2, 1, 2026-09-03 18:08:34.11607, null, null, 2026-08-27 16:08:34.11107, null, null, null, null, null, null, 1, 2026-08-27 18:08:34.11107
<==      Total: 1
Closing non transactional SqlSession [org.apache.ibatis.session.defaults.DefaultSqlSession@73a0353f]
Creating a new SqlSession
SqlSession [org.apache.ibatis.session.defaults.DefaultSqlSession@5fbd0979] was not registered for synchronization because synchronization is not active
JDBC Connection [HikariProxyConnection@149739161 wrapping conn10: url=jdbc:h2:mem:segroup8_test user=SA] will not be managed by Spring
==>  Preparing: SELECT user_id,personal_balance,business_balance,version,create_time,update_time FROM balance WHERE user_id=?
==> Parameters: 10(Long)
<==    Columns: user_id, personal_balance, business_balance, version, create_time, update_time
<==        Row: 10, 0.00, 120.00, 1, 2026-08-27 18:08:34.11107, 2026-08-27 18:08:34.11107
<==      Total: 1
Closing non transactional SqlSession [org.apache.ibatis.session.defaults.DefaultSqlSession@5fbd0979]
Creating a new SqlSession
SqlSession [org.apache.ibatis.session.defaults.DefaultSqlSession@7d49efaf] was not registered for synchronization because synchronization is not active
JDBC Connection [HikariProxyConnection@1122013169 wrapping conn10: url=jdbc:h2:mem:segroup8_test user=SA] will not be managed by Spring
==>  Preparing: SELECT id,order_id,user_id,account_type,change_type,trade_type,amount,balance_after,remark,create_time FROM transaction_record WHERE (user_id = ? AND order_id = ?) ORDER BY id ASC
==> Parameters: 10(Long), 301(Long)
<==    Columns: id, order_id, user_id, account_type, change_type, trade_type, amount, balance_after, remark, create_time
<==        Row: 7, 301, 10, BUSINESS, ESCROW_RELEASE_BUSINESS, INCOME_BUSINESS, 120.00, 120.00, 担保交易确认收货后释放资金, 2026-08-27 18:08:34.123663
<==      Total: 1
Closing non transactional SqlSession [org.apache.ibatis.session.defaults.DefaultSqlSession@7d49efaf]
]]></system-out>
  </testcase>
  <testcase name="refundSplitShouldHandleOnlyRefundAndTimeoutAutoRefund" classname="com.segroup8.platform.integration.OrderSettlementRefundFlowIntegrationTest(domain-c-uc14-20260827100804207)" time="0.051">
    <system-out><![CDATA[Creating a new SqlSession
Registering transaction synchronization for SqlSession [org.apache.ibatis.session.defaults.DefaultSqlSession@749bbb99]
JDBC Connection [HikariProxyConnection@994366731 wrapping conn10: url=jdbc:h2:mem:segroup8_test user=SA] will be managed by Spring
==>  Preparing: SELECT id,order_no,buyer_user_id,total_amount,pay_status,order_status,refund_status,refund_reason,refund_proof_urls,receiver_name,receiver_phone,receiver_province,receiver_city,receiver_detail_address,pay_method,delivery_no,remark,create_time,paid_time,shipped_time,received_time,completed_time,closed_time,refund_apply_time,refund_decision_time,refund_decision_user_id,refund_decision_remark,refund_decision_source,logistics_template_id,logistics_status,logistics_current_index,can_refund,after_sales_deadline,delivery_time,arrival_time,auto_confirm_deadline,refund_mode,voucher_id,voucher_discount_amount,seller_bear_amount,platform_bear_amount,payable_amount,version,update_time FROM order_info WHERE id=?
==> Parameters: 302(Long)
<==    Columns: id, order_no, buyer_user_id, total_amount, pay_status, order_status, refund_status, refund_reason, refund_proof_urls, receiver_name, receiver_phone, receiver_province, receiver_city, receiver_detail_address, pay_method, delivery_no, remark, create_time, paid_time, shipped_time, received_time, completed_time, closed_time, refund_apply_time, refund_decision_time, refund_decision_user_id, refund_decision_remark, refund_decision_source, logistics_template_id, logistics_status, logistics_current_index, can_refund, after_sales_deadline, delivery_time, arrival_time, auto_confirm_deadline, refund_mode, voucher_id, voucher_discount_amount, seller_bear_amount, platform_bear_amount, payable_amount, version, update_time
<==        Row: 302, ORD_FLOW_302, 1, 50.00, 1, 1, 0, null, null, null, null, null, null, null, null, null, null, 2026-08-27 18:08:34.150362, null, null, null, null, null, null, null, null, null, null, null, null, null, 1, null, null, null, null, null, null, null, null, null, null, 0, 2026-08-27 18:08:34.150362
<==      Total: 1
Releasing transactional SqlSession [org.apache.ibatis.session.defaults.DefaultSqlSession@749bbb99]
Fetched SqlSession [org.apache.ibatis.session.defaults.DefaultSqlSession@749bbb99] from current transaction
==>  Preparing: UPDATE order_info SET refund_status=?,refund_apply_time=?,refund_mode=?,refund_reason=?,version = version + 1 WHERE (id = ? AND buyer_user_id = ? AND refund_status IN (?,?) AND order_status <> ? AND order_status <> ? AND version = ?)
==> Parameters: 1(Integer), 2026-08-27T18:08:34.155622300(LocalDateTime), ONLY_REFUND(String), 未发货改主意(String), 302(Long), 1(Long), 0(Integer), 3(Integer), 0(Integer), 9(Integer), 0(Integer)
<==    Updates: 1
Releasing transactional SqlSession [org.apache.ibatis.session.defaults.DefaultSqlSession@749bbb99]
Fetched SqlSession [org.apache.ibatis.session.defaults.DefaultSqlSession@749bbb99] from current transaction
==>  Preparing: SELECT user_id,personal_balance,business_balance,version,create_time,update_time FROM balance WHERE user_id=?
==> Parameters: 1(Long)
<==    Columns: user_id, personal_balance, business_balance, version, create_time, update_time
<==        Row: 1, 0.00, 0.00, 0, 2026-08-27 18:08:34.150362, 2026-08-27 18:08:34.150362
<==      Total: 1
Releasing transactional SqlSession [org.apache.ibatis.session.defaults.DefaultSqlSession@749bbb99]
Fetched SqlSession [org.apache.ibatis.session.defaults.DefaultSqlSession@749bbb99] from current transaction
==>  Preparing: UPDATE balance SET personal_balance=?,business_balance=?,version = version + 1 WHERE (user_id = ? AND version = ?)
==> Parameters: 50.00(BigDecimal), 0.00(BigDecimal), 1(Long), 0(Integer)
<==    Updates: 1
Releasing transactional SqlSession [org.apache.ibatis.session.defaults.DefaultSqlSession@749bbb99]
Fetched SqlSession [org.apache.ibatis.session.defaults.DefaultSqlSession@749bbb99] from current transaction
==>  Preparing: INSERT INTO transaction_record ( order_id, user_id, account_type, change_type, trade_type, amount, balance_after, remark, create_time ) VALUES ( ?, ?, ?, ?, ?, ?, ?, ?, ? )
==> Parameters: 302(Long), 1(Long), PERSONAL(String), REFUND_ONLY(String), REFUND_BACKFLOW(String), 50.00(BigDecimal), 50.00(BigDecimal), 仅退款回流(String), 2026-08-27T18:08:34.158280100(LocalDateTime)
<==    Updates: 1
Releasing transactional SqlSession [org.apache.ibatis.session.defaults.DefaultSqlSession@749bbb99]
Fetched SqlSession [org.apache.ibatis.session.defaults.DefaultSqlSession@749bbb99] from current transaction
==>  Preparing: UPDATE order_info SET refund_status=?,order_status=?,refund_decision_time=?,refund_decision_user_id=?,refund_decision_remark=?,refund_decision_source=?,closed_time=?,can_refund=? WHERE (id = ?)
==> Parameters: 2(Integer), 9(Integer), 2026-08-27T18:08:34.155622300(LocalDateTime), 0(Long), 未发货，仅退款自动通过(String), SYSTEM(String), 2026-08-27T18:08:34.155622300(LocalDateTime), 0(Integer), 302(Long)
<==    Updates: 1
Releasing transactional SqlSession [org.apache.ibatis.session.defaults.DefaultSqlSession@749bbb99]
Fetched SqlSession [org.apache.ibatis.session.defaults.DefaultSqlSession@749bbb99] from current transaction
==>  Preparing: SELECT id,order_id,product_type,product_id,product_name,price,quantity,status,create_time,update_time FROM order_item WHERE (order_id = ?)
==> Parameters: 302(Long)
<==    Columns: id, order_id, product_type, product_id, product_name, price, quantity, status, create_time, update_time
<==        Row: 30201, 302, NEW, 402, 浠呴��娆炬祴璇曞晢鍝�, 50.00, 1, 1, 2026-08-27 18:08:34.150362, 2026-08-27 18:08:34.150362
<==      Total: 1
Releasing transactional SqlSession [org.apache.ibatis.session.defaults.DefaultSqlSession@749bbb99]
Fetched SqlSession [org.apache.ibatis.session.defaults.DefaultSqlSession@749bbb99] from current transaction
==>  Preparing: SELECT id,shop_id,name,cover,images,description,price,category_id,sub_category_id,stock,status,create_time,update_time FROM product WHERE id=?
==> Parameters: 402(Long)
<==    Columns: id, shop_id, name, cover, images, description, price, category_id, sub_category_id, stock, status, create_time, update_time
<==        Row: 402, 501, 浠呴��娆炬祴璇曞晢鍝�, null, null, null, 50.00, null, null, 100, 1, 2026-08-27 18:08:34.150362, 2026-08-27 18:08:34.150362
<==      Total: 1
Releasing transactional SqlSession [org.apache.ibatis.session.defaults.DefaultSqlSession@749bbb99]
Fetched SqlSession [org.apache.ibatis.session.defaults.DefaultSqlSession@749bbb99] from current transaction
==>  Preparing: UPDATE product SET shop_id=?, name=?, price=?, stock=?, status=?, create_time=?, update_time=? WHERE id=?
==> Parameters: 501(Long), 浠呴��娆炬祴璇曞晢鍝�(String), 50.00(BigDecimal), 101(Integer), 1(Integer), 2026-08-27T18:08:34.150362(LocalDateTime), 2026-08-27T18:08:34.150362(LocalDateTime), 402(Long)
<==    Updates: 1
Releasing transactional SqlSession [org.apache.ibatis.session.defaults.DefaultSqlSession@749bbb99]
Fetched SqlSession [org.apache.ibatis.session.defaults.DefaultSqlSession@749bbb99] from current transaction
==>  Preparing: SELECT id,order_id,action,operator_user_id,operator_role,remark,create_time FROM order_after_sale_log WHERE (order_id = ? AND action = ? AND operator_user_id = ? AND operator_role = ?) ORDER BY id DESC limit 1
==> Parameters: 302(Long), APPLY(String), 1(Long), BUYER(String)
<==      Total: 0
Releasing transactional SqlSession [org.apache.ibatis.session.defaults.DefaultSqlSession@749bbb99]
Fetched SqlSession [org.apache.ibatis.session.defaults.DefaultSqlSession@749bbb99] from current transaction
==>  Preparing: INSERT INTO order_after_sale_log ( order_id, action, operator_user_id, operator_role, remark, create_time ) VALUES ( ?, ?, ?, ?, ?, ? )
==> Parameters: 302(Long), APPLY(String), 1(Long), BUYER(String), 未发货改主意(String), 2026-08-27T18:08:34.163679900(LocalDateTime)
<==    Updates: 1
Releasing transactional SqlSession [org.apache.ibatis.session.defaults.DefaultSqlSession@749bbb99]
Fetched SqlSession [org.apache.ibatis.session.defaults.DefaultSqlSession@749bbb99] from current transaction
==>  Preparing: SELECT id,order_id,action,operator_user_id,operator_role,remark,create_time FROM order_after_sale_log WHERE (order_id = ? AND action = ? AND operator_user_id = ? AND operator_role = ?) ORDER BY id DESC limit 1
==> Parameters: 302(Long), APPROVE(String), 0(Long), ADMIN(String)
<==      Total: 0
Releasing transactional SqlSession [org.apache.ibatis.session.defaults.DefaultSqlSession@749bbb99]
Fetched SqlSession [org.apache.ibatis.session.defaults.DefaultSqlSession@749bbb99] from current transaction
==>  Preparing: INSERT INTO order_after_sale_log ( order_id, action, operator_user_id, operator_role, remark, create_time ) VALUES ( ?, ?, ?, ?, ?, ? )
==> Parameters: 302(Long), APPROVE(String), 0(Long), ADMIN(String), 未发货，仅退款自动通过(String), 2026-08-27T18:08:34.166017800(LocalDateTime)
<==    Updates: 1
Releasing transactional SqlSession [org.apache.ibatis.session.defaults.DefaultSqlSession@749bbb99]
Fetched SqlSession [org.apache.ibatis.session.defaults.DefaultSqlSession@749bbb99] from current transaction
==>  Preparing: SELECT id,order_id,product_type,product_id,product_name,price,quantity,status,create_time,update_time FROM order_item WHERE (order_id = ?)
==> Parameters: 302(Long)
<==    Columns: id, order_id, product_type, product_id, product_name, price, quantity, status, create_time, update_time
<==        Row: 30201, 302, NEW, 402, 浠呴��娆炬祴璇曞晢鍝�, 50.00, 1, 1, 2026-08-27 18:08:34.150362, 2026-08-27 18:08:34.150362
<==      Total: 1
Releasing transactional SqlSession [org.apache.ibatis.session.defaults.DefaultSqlSession@749bbb99]
Fetched SqlSession [org.apache.ibatis.session.defaults.DefaultSqlSession@749bbb99] from current transaction
==>  Preparing: SELECT id,shop_id,name,cover,images,description,price,category_id,sub_category_id,stock,status,create_time,update_time FROM product WHERE id=?
==> Parameters: 402(Long)
<==    Columns: id, shop_id, name, cover, images, description, price, category_id, sub_category_id, stock, status, create_time, update_time
<==        Row: 402, 501, 浠呴��娆炬祴璇曞晢鍝�, null, null, null, 50.00, null, null, 101, 1, 2026-08-27 18:08:34.150362, 2026-08-27 18:08:34.150362
<==      Total: 1
Releasing transactional SqlSession [org.apache.ibatis.session.defaults.DefaultSqlSession@749bbb99]
Fetched SqlSession [org.apache.ibatis.session.defaults.DefaultSqlSession@749bbb99] from current transaction
==>  Preparing: SELECT id,owner_user_id,name,logo,description,region,contact_name,contact_phone,id_card_no_masked,warehouse_addr,decoration_json,status FROM shop WHERE id=?
==> Parameters: 501(Long)
<==    Columns: id, owner_user_id, name, logo, description, region, contact_name, contact_phone, id_card_no_masked, warehouse_addr, decoration_json, status
<==        Row: 501, 10, 鍟嗗A搴楅摵, null, null, null, null, null, null, null, null, 1
<==      Total: 1
Releasing transactional SqlSession [org.apache.ibatis.session.defaults.DefaultSqlSession@749bbb99]
Fetched SqlSession [org.apache.ibatis.session.defaults.DefaultSqlSession@749bbb99] from current transaction
==>  Preparing: INSERT INTO notification ( user_id, title, content, target_path, is_read, create_time ) VALUES ( ?, ?, ?, ?, ?, ? )
==> Parameters: 1(Long), 退款已完成(String), 订单号：ORD_FLOW_302，未发货订单已自动退款。(String), /order/302(String), 0(Integer), 2026-08-27T18:08:34.168184(LocalDateTime)
<==    Updates: 1
Releasing transactional SqlSession [org.apache.ibatis.session.defaults.DefaultSqlSession@749bbb99]
Fetched SqlSession [org.apache.ibatis.session.defaults.DefaultSqlSession@749bbb99] from current transaction
==>  Preparing: SELECT id,order_id,product_type,product_id,product_name,price,quantity,status,create_time,update_time FROM order_item WHERE (order_id = ?)
==> Parameters: 302(Long)
<==    Columns: id, order_id, product_type, product_id, product_name, price, quantity, status, create_time, update_time
<==        Row: 30201, 302, NEW, 402, 浠呴��娆炬祴璇曞晢鍝�, 50.00, 1, 1, 2026-08-27 18:08:34.150362, 2026-08-27 18:08:34.150362
<==      Total: 1
Releasing transactional SqlSession [org.apache.ibatis.session.defaults.DefaultSqlSession@749bbb99]
Fetched SqlSession [org.apache.ibatis.session.defaults.DefaultSqlSession@749bbb99] from current transaction
==>  Preparing: INSERT INTO notification ( user_id, title, content, target_path, is_read, create_time ) VALUES ( ?, ?, ?, ?, ?, ? )
==> Parameters: 10(Long), 订单已退款(String), 订单号：ORD_FLOW_302，买家申请未发货退款，系统已自动处理。(String), /merchant/orders/302(String), 0(Integer), 2026-08-27T18:08:34.169191700(LocalDateTime)
<==    Updates: 1
Releasing transactional SqlSession [org.apache.ibatis.session.defaults.DefaultSqlSession@749bbb99]
Fetched SqlSession [org.apache.ibatis.session.defaults.DefaultSqlSession@749bbb99] from current transaction
==>  Preparing: SELECT id,order_no,buyer_user_id,total_amount,pay_status,order_status,refund_status,refund_reason,refund_proof_urls,receiver_name,receiver_phone,receiver_province,receiver_city,receiver_detail_address,pay_method,delivery_no,remark,create_time,paid_time,shipped_time,received_time,completed_time,closed_time,refund_apply_time,refund_decision_time,refund_decision_user_id,refund_decision_remark,refund_decision_source,logistics_template_id,logistics_status,logistics_current_index,can_refund,after_sales_deadline,delivery_time,arrival_time,auto_confirm_deadline,refund_mode,voucher_id,voucher_discount_amount,seller_bear_amount,platform_bear_amount,payable_amount,version,update_time FROM order_info WHERE id=?
==> Parameters: 302(Long)
<==    Columns: id, order_no, buyer_user_id, total_amount, pay_status, order_status, refund_status, refund_reason, refund_proof_urls, receiver_name, receiver_phone, receiver_province, receiver_city, receiver_detail_address, pay_method, delivery_no, remark, create_time, paid_time, shipped_time, received_time, completed_time, closed_time, refund_apply_time, refund_decision_time, refund_decision_user_id, refund_decision_remark, refund_decision_source, logistics_template_id, logistics_status, logistics_current_index, can_refund, after_sales_deadline, delivery_time, arrival_time, auto_confirm_deadline, refund_mode, voucher_id, voucher_discount_amount, seller_bear_amount, platform_bear_amount, payable_amount, version, update_time
<==        Row: 302, ORD_FLOW_302, 1, 50.00, 1, 9, 2, 未发货改主意, null, null, null, null, null, null, null, null, null, 2026-08-27 18:08:34.150362, null, null, null, null, 2026-08-27 18:08:34.155622, 2026-08-27 18:08:34.155622, 2026-08-27 18:08:34.155622, 0, 未发货，仅退款自动通过, SYSTEM, null, null, null, 0, null, null, null, null, ONLY_REFUND, null, null, null, null, null, 1, 2026-08-27 18:08:34.150362
<==      Total: 1
Releasing transactional SqlSession [org.apache.ibatis.session.defaults.DefaultSqlSession@749bbb99]
Fetched SqlSession [org.apache.ibatis.session.defaults.DefaultSqlSession@749bbb99] from current transaction
==>  Preparing: SELECT id,order_id,product_type,product_id,product_name,price,quantity,status,create_time,update_time FROM order_item WHERE (order_id = ?) ORDER BY id ASC
==> Parameters: 302(Long)
<==    Columns: id, order_id, product_type, product_id, product_name, price, quantity, status, create_time, update_time
<==        Row: 30201, 302, NEW, 402, 浠呴��娆炬祴璇曞晢鍝�, 50.00, 1, 1, 2026-08-27 18:08:34.150362, 2026-08-27 18:08:34.150362
<==      Total: 1
Releasing transactional SqlSession [org.apache.ibatis.session.defaults.DefaultSqlSession@749bbb99]
Fetched SqlSession [org.apache.ibatis.session.defaults.DefaultSqlSession@749bbb99] from current transaction
==>  Preparing: SELECT id,shop_id,name,cover,images,description,price,category_id,sub_category_id,stock,status,create_time,update_time FROM product WHERE id=?
==> Parameters: 402(Long)
<==    Columns: id, shop_id, name, cover, images, description, price, category_id, sub_category_id, stock, status, create_time, update_time
<==        Row: 402, 501, 浠呴��娆炬祴璇曞晢鍝�, null, null, null, 50.00, null, null, 101, 1, 2026-08-27 18:08:34.150362, 2026-08-27 18:08:34.150362
<==      Total: 1
Releasing transactional SqlSession [org.apache.ibatis.session.defaults.DefaultSqlSession@749bbb99]
Fetched SqlSession [org.apache.ibatis.session.defaults.DefaultSqlSession@749bbb99] from current transaction
==>  Preparing: SELECT id,owner_user_id,name,logo,description,region,contact_name,contact_phone,id_card_no_masked,warehouse_addr,decoration_json,status FROM shop WHERE id=?
==> Parameters: 501(Long)
<==    Columns: id, owner_user_id, name, logo, description, region, contact_name, contact_phone, id_card_no_masked, warehouse_addr, decoration_json, status
<==        Row: 501, 10, 鍟嗗A搴楅摵, null, null, null, null, null, null, null, null, 1
<==      Total: 1
Releasing transactional SqlSession [org.apache.ibatis.session.defaults.DefaultSqlSession@749bbb99]
Transaction synchronization committing SqlSession [org.apache.ibatis.session.defaults.DefaultSqlSession@749bbb99]
Transaction synchronization deregistering SqlSession [org.apache.ibatis.session.defaults.DefaultSqlSession@749bbb99]
Transaction synchronization closing SqlSession [org.apache.ibatis.session.defaults.DefaultSqlSession@749bbb99]
Creating a new SqlSession
SqlSession [org.apache.ibatis.session.defaults.DefaultSqlSession@23092aba] was not registered for synchronization because synchronization is not active
JDBC Connection [HikariProxyConnection@235322527 wrapping conn10: url=jdbc:h2:mem:segroup8_test user=SA] will not be managed by Spring
==>  Preparing: SELECT id,order_no,buyer_user_id,total_amount,pay_status,order_status,refund_status,refund_reason,refund_proof_urls,receiver_name,receiver_phone,receiver_province,receiver_city,receiver_detail_address,pay_method,delivery_no,remark,create_time,paid_time,shipped_time,received_time,completed_time,closed_time,refund_apply_time,refund_decision_time,refund_decision_user_id,refund_decision_remark,refund_decision_source,logistics_template_id,logistics_status,logistics_current_index,can_refund,after_sales_deadline,delivery_time,arrival_time,auto_confirm_deadline,refund_mode,voucher_id,voucher_discount_amount,seller_bear_amount,platform_bear_amount,payable_amount,version,update_time FROM order_info WHERE id=?
==> Parameters: 302(Long)
<==    Columns: id, order_no, buyer_user_id, total_amount, pay_status, order_status, refund_status, refund_reason, refund_proof_urls, receiver_name, receiver_phone, receiver_province, receiver_city, receiver_detail_address, pay_method, delivery_no, remark, create_time, paid_time, shipped_time, received_time, completed_time, closed_time, refund_apply_time, refund_decision_time, refund_decision_user_id, refund_decision_remark, refund_decision_source, logistics_template_id, logistics_status, logistics_current_index, can_refund, after_sales_deadline, delivery_time, arrival_time, auto_confirm_deadline, refund_mode, voucher_id, voucher_discount_amount, seller_bear_amount, platform_bear_amount, payable_amount, version, update_time
<==        Row: 302, ORD_FLOW_302, 1, 50.00, 1, 9, 2, 未发货改主意, null, null, null, null, null, null, null, null, null, 2026-08-27 18:08:34.150362, null, null, null, null, 2026-08-27 18:08:34.155622, 2026-08-27 18:08:34.155622, 2026-08-27 18:08:34.155622, 0, 未发货，仅退款自动通过, SYSTEM, null, null, null, 0, null, null, null, null, ONLY_REFUND, null, null, null, null, null, 1, 2026-08-27 18:08:34.150362
<==      Total: 1
Closing non transactional SqlSession [org.apache.ibatis.session.defaults.DefaultSqlSession@23092aba]
Creating a new SqlSession
SqlSession [org.apache.ibatis.session.defaults.DefaultSqlSession@18a63d08] was not registered for synchronization because synchronization is not active
JDBC Connection [HikariProxyConnection@1922078812 wrapping conn10: url=jdbc:h2:mem:segroup8_test user=SA] will not be managed by Spring
==>  Preparing: SELECT id,order_no,buyer_user_id,total_amount,pay_status,order_status,refund_status,refund_reason,refund_proof_urls,receiver_name,receiver_phone,receiver_province,receiver_city,receiver_detail_address,pay_method,delivery_no,remark,create_time,paid_time,shipped_time,received_time,completed_time,closed_time,refund_apply_time,refund_decision_time,refund_decision_user_id,refund_decision_remark,refund_decision_source,logistics_template_id,logistics_status,logistics_current_index,can_refund,after_sales_deadline,delivery_time,arrival_time,auto_confirm_deadline,refund_mode,voucher_id,voucher_discount_amount,seller_bear_amount,platform_bear_amount,payable_amount,version,update_time FROM order_info WHERE (refund_status = ? AND refund_apply_time <= ?) limit 200
==> Parameters: 1(Integer), 2026-08-20T18:08:34.174347800(LocalDateTime)
<==    Columns: id, order_no, buyer_user_id, total_amount, pay_status, order_status, refund_status, refund_reason, refund_proof_urls, receiver_name, receiver_phone, receiver_province, receiver_city, receiver_detail_address, pay_method, delivery_no, remark, create_time, paid_time, shipped_time, received_time, completed_time, closed_time, refund_apply_time, refund_decision_time, refund_decision_user_id, refund_decision_remark, refund_decision_source, logistics_template_id, logistics_status, logistics_current_index, can_refund, after_sales_deadline, delivery_time, arrival_time, auto_confirm_deadline, refund_mode, voucher_id, voucher_discount_amount, seller_bear_amount, platform_bear_amount, payable_amount, version, update_time
<==        Row: 303, ORD_FLOW_303, 1, 70.00, 1, 2, 1, null, null, null, null, null, null, null, null, null, null, 2026-08-27 18:08:34.15137, null, null, null, null, null, 2026-08-19 18:08:34.15137, null, null, null, null, null, null, null, 1, null, null, null, null, RETURN_REFUND, null, null, null, null, null, 0, 2026-08-27 18:08:34.15137
<==      Total: 1
Closing non transactional SqlSession [org.apache.ibatis.session.defaults.DefaultSqlSession@18a63d08]
Creating a new SqlSession
Registering transaction synchronization for SqlSession [org.apache.ibatis.session.defaults.DefaultSqlSession@49c930d5]
JDBC Connection [HikariProxyConnection@1617023365 wrapping conn10: url=jdbc:h2:mem:segroup8_test user=SA] will be managed by Spring
==>  Preparing: SELECT id,order_no,buyer_user_id,total_amount,pay_status,order_status,refund_status,refund_reason,refund_proof_urls,receiver_name,receiver_phone,receiver_province,receiver_city,receiver_detail_address,pay_method,delivery_no,remark,create_time,paid_time,shipped_time,received_time,completed_time,closed_time,refund_apply_time,refund_decision_time,refund_decision_user_id,refund_decision_remark,refund_decision_source,logistics_template_id,logistics_status,logistics_current_index,can_refund,after_sales_deadline,delivery_time,arrival_time,auto_confirm_deadline,refund_mode,voucher_id,voucher_discount_amount,seller_bear_amount,platform_bear_amount,payable_amount,version,update_time FROM order_info WHERE id=?
==> Parameters: 303(Long)
<==    Columns: id, order_no, buyer_user_id, total_amount, pay_status, order_status, refund_status, refund_reason, refund_proof_urls, receiver_name, receiver_phone, receiver_province, receiver_city, receiver_detail_address, pay_method, delivery_no, remark, create_time, paid_time, shipped_time, received_time, completed_time, closed_time, refund_apply_time, refund_decision_time, refund_decision_user_id, refund_decision_remark, refund_decision_source, logistics_template_id, logistics_status, logistics_current_index, can_refund, after_sales_deadline, delivery_time, arrival_time, auto_confirm_deadline, refund_mode, voucher_id, voucher_discount_amount, seller_bear_amount, platform_bear_amount, payable_amount, version, update_time
<==        Row: 303, ORD_FLOW_303, 1, 70.00, 1, 2, 1, null, null, null, null, null, null, null, null, null, null, 2026-08-27 18:08:34.15137, null, null, null, null, null, 2026-08-19 18:08:34.15137, null, null, null, null, null, null, null, 1, null, null, null, null, RETURN_REFUND, null, null, null, null, null, 0, 2026-08-27 18:08:34.15137
<==      Total: 1
Releasing transactional SqlSession [org.apache.ibatis.session.defaults.DefaultSqlSession@49c930d5]
Fetched SqlSession [org.apache.ibatis.session.defaults.DefaultSqlSession@49c930d5] from current transaction
==>  Preparing: UPDATE order_info SET refund_status=?,order_status=?,refund_decision_time=?,refund_decision_user_id=?,refund_decision_remark=?,refund_decision_source=?,closed_time=?,can_refund=?,version = version + 1 WHERE (id = ? AND refund_status = ? AND version = ?)
==> Parameters: 2(Integer), 9(Integer), 2026-08-27T18:08:34.178346200(LocalDateTime), 0(Long), 卖家超时 7 天未处理，系统自动退款(String), SYSTEM(String), 2026-08-27T18:08:34.178346200(LocalDateTime), 0(Integer), 303(Long), 1(Integer), 0(Integer)
<==    Updates: 1
Releasing transactional SqlSession [org.apache.ibatis.session.defaults.DefaultSqlSession@49c930d5]
Fetched SqlSession [org.apache.ibatis.session.defaults.DefaultSqlSession@49c930d5] from current transaction
==>  Preparing: SELECT user_id,personal_balance,business_balance,version,create_time,update_time FROM balance WHERE user_id=?
==> Parameters: 1(Long)
<==    Columns: user_id, personal_balance, business_balance, version, create_time, update_time
<==        Row: 1, 50.00, 0.00, 1, 2026-08-27 18:08:34.150362, 2026-08-27 18:08:34.150362
<==      Total: 1
Releasing transactional SqlSession [org.apache.ibatis.session.defaults.DefaultSqlSession@49c930d5]
Fetched SqlSession [org.apache.ibatis.session.defaults.DefaultSqlSession@49c930d5] from current transaction
==>  Preparing: UPDATE balance SET personal_balance=?,business_balance=?,version = version + 1 WHERE (user_id = ? AND version = ?)
==> Parameters: 120.00(BigDecimal), 0.00(BigDecimal), 1(Long), 1(Integer)
<==    Updates: 1
Releasing transactional SqlSession [org.apache.ibatis.session.defaults.DefaultSqlSession@49c930d5]
Fetched SqlSession [org.apache.ibatis.session.defaults.DefaultSqlSession@49c930d5] from current transaction
==>  Preparing: INSERT INTO transaction_record ( order_id, user_id, account_type, change_type, trade_type, amount, balance_after, remark, create_time ) VALUES ( ?, ?, ?, ?, ?, ?, ?, ?, ? )
==> Parameters: 303(Long), 1(Long), PERSONAL(String), REFUND_TIMEOUT_AUTO(String), REFUND_BACKFLOW(String), 70.00(BigDecimal), 120.00(BigDecimal), 卖家超时 7 天未处理，系统自动退款(String), 2026-08-27T18:08:34.180772(LocalDateTime)
<==    Updates: 1
Releasing transactional SqlSession [org.apache.ibatis.session.defaults.DefaultSqlSession@49c930d5]
Fetched SqlSession [org.apache.ibatis.session.defaults.DefaultSqlSession@49c930d5] from current transaction
==>  Preparing: SELECT id,order_id,action,operator_user_id,operator_role,remark,create_time FROM order_after_sale_log WHERE (order_id = ? AND action = ? AND operator_user_id = ? AND operator_role = ?) ORDER BY id DESC limit 1
==> Parameters: 303(Long), APPROVE(String), 0(Long), ADMIN(String)
<==      Total: 0
Releasing transactional SqlSession [org.apache.ibatis.session.defaults.DefaultSqlSession@49c930d5]
Fetched SqlSession [org.apache.ibatis.session.defaults.DefaultSqlSession@49c930d5] from current transaction
==>  Preparing: INSERT INTO order_after_sale_log ( order_id, action, operator_user_id, operator_role, remark, create_time ) VALUES ( ?, ?, ?, ?, ?, ? )
==> Parameters: 303(Long), APPROVE(String), 0(Long), ADMIN(String), 卖家超时 7 天未处理，系统自动退款(String), 2026-08-27T18:08:34.182439900(LocalDateTime)
<==    Updates: 1
Releasing transactional SqlSession [org.apache.ibatis.session.defaults.DefaultSqlSession@49c930d5]
Fetched SqlSession [org.apache.ibatis.session.defaults.DefaultSqlSession@49c930d5] from current transaction
==>  Preparing: SELECT id,order_id,product_type,product_id,product_name,price,quantity,status,create_time,update_time FROM order_item WHERE (order_id = ?)
==> Parameters: 303(Long)
<==    Columns: id, order_id, product_type, product_id, product_name, price, quantity, status, create_time, update_time
<==        Row: 30301, 303, NEW, 403, 瓒呮椂閫�娆炬祴璇曞晢鍝�, 70.00, 1, 1, 2026-08-27 18:08:34.15137, 2026-08-27 18:08:34.15137
<==      Total: 1
Releasing transactional SqlSession [org.apache.ibatis.session.defaults.DefaultSqlSession@49c930d5]
Fetched SqlSession [org.apache.ibatis.session.defaults.DefaultSqlSession@49c930d5] from current transaction
==>  Preparing: SELECT id,shop_id,name,cover,images,description,price,category_id,sub_category_id,stock,status,create_time,update_time FROM product WHERE id=?
==> Parameters: 403(Long)
<==    Columns: id, shop_id, name, cover, images, description, price, category_id, sub_category_id, stock, status, create_time, update_time
<==        Row: 403, 502, 瓒呮椂閫�娆炬祴璇曞晢鍝�, null, null, null, 70.00, null, null, 100, 1, 2026-08-27 18:08:34.150362, 2026-08-27 18:08:34.150362
<==      Total: 1
Releasing transactional SqlSession [org.apache.ibatis.session.defaults.DefaultSqlSession@49c930d5]
Fetched SqlSession [org.apache.ibatis.session.defaults.DefaultSqlSession@49c930d5] from current transaction
==>  Preparing: SELECT id,owner_user_id,name,logo,description,region,contact_name,contact_phone,id_card_no_masked,warehouse_addr,decoration_json,status FROM shop WHERE id=?
==> Parameters: 502(Long)
<==    Columns: id, owner_user_id, name, logo, description, region, contact_name, contact_phone, id_card_no_masked, warehouse_addr, decoration_json, status
<==        Row: 502, 11, 鍟嗗B搴楅摵, null, null, null, null, null, null, null, null, 1
<==      Total: 1
Releasing transactional SqlSession [org.apache.ibatis.session.defaults.DefaultSqlSession@49c930d5]
Fetched SqlSession [org.apache.ibatis.session.defaults.DefaultSqlSession@49c930d5] from current transaction
==>  Preparing: INSERT INTO notification ( user_id, title, content, target_path, is_read, create_time ) VALUES ( ?, ?, ?, ?, ?, ? )
==> Parameters: 1(Long), 退款已完成(String), 订单号：ORD_FLOW_303，系统已自动退款。(String), /order/303(String), 0(Integer), 2026-08-27T18:08:34.185440900(LocalDateTime)
<==    Updates: 1
Releasing transactional SqlSession [org.apache.ibatis.session.defaults.DefaultSqlSession@49c930d5]
Fetched SqlSession [org.apache.ibatis.session.defaults.DefaultSqlSession@49c930d5] from current transaction
==>  Preparing: SELECT id,order_id,product_type,product_id,product_name,price,quantity,status,create_time,update_time FROM order_item WHERE (order_id = ?)
==> Parameters: 303(Long)
<==    Columns: id, order_id, product_type, product_id, product_name, price, quantity, status, create_time, update_time
<==        Row: 30301, 303, NEW, 403, 瓒呮椂閫�娆炬祴璇曞晢鍝�, 70.00, 1, 1, 2026-08-27 18:08:34.15137, 2026-08-27 18:08:34.15137
<==      Total: 1
Releasing transactional SqlSession [org.apache.ibatis.session.defaults.DefaultSqlSession@49c930d5]
Fetched SqlSession [org.apache.ibatis.session.defaults.DefaultSqlSession@49c930d5] from current transaction
==>  Preparing: INSERT INTO notification ( user_id, title, content, target_path, is_read, create_time ) VALUES ( ?, ?, ?, ?, ?, ? )
==> Parameters: 11(Long), 订单已自动退款(String), 订单号：ORD_FLOW_303，因超时未处理，系统已自动退款。(String), /merchant/orders/303(String), 0(Integer), 2026-08-27T18:08:34.186441400(LocalDateTime)
<==    Updates: 1
Releasing transactional SqlSession [org.apache.ibatis.session.defaults.DefaultSqlSession@49c930d5]
Transaction synchronization committing SqlSession [org.apache.ibatis.session.defaults.DefaultSqlSession@49c930d5]
Transaction synchronization deregistering SqlSession [org.apache.ibatis.session.defaults.DefaultSqlSession@49c930d5]
Transaction synchronization closing SqlSession [org.apache.ibatis.session.defaults.DefaultSqlSession@49c930d5]
Creating a new SqlSession
SqlSession [org.apache.ibatis.session.defaults.DefaultSqlSession@682c8352] was not registered for synchronization because synchronization is not active
JDBC Connection [HikariProxyConnection@103782955 wrapping conn10: url=jdbc:h2:mem:segroup8_test user=SA] will not be managed by Spring
==>  Preparing: SELECT id,order_no,buyer_user_id,total_amount,pay_status,order_status,refund_status,refund_reason,refund_proof_urls,receiver_name,receiver_phone,receiver_province,receiver_city,receiver_detail_address,pay_method,delivery_no,remark,create_time,paid_time,shipped_time,received_time,completed_time,closed_time,refund_apply_time,refund_decision_time,refund_decision_user_id,refund_decision_remark,refund_decision_source,logistics_template_id,logistics_status,logistics_current_index,can_refund,after_sales_deadline,delivery_time,arrival_time,auto_confirm_deadline,refund_mode,voucher_id,voucher_discount_amount,seller_bear_amount,platform_bear_amount,payable_amount,version,update_time FROM order_info WHERE id=?
==> Parameters: 303(Long)
<==    Columns: id, order_no, buyer_user_id, total_amount, pay_status, order_status, refund_status, refund_reason, refund_proof_urls, receiver_name, receiver_phone, receiver_province, receiver_city, receiver_detail_address, pay_method, delivery_no, remark, create_time, paid_time, shipped_time, received_time, completed_time, closed_time, refund_apply_time, refund_decision_time, refund_decision_user_id, refund_decision_remark, refund_decision_source, logistics_template_id, logistics_status, logistics_current_index, can_refund, after_sales_deadline, delivery_time, arrival_time, auto_confirm_deadline, refund_mode, voucher_id, voucher_discount_amount, seller_bear_amount, platform_bear_amount, payable_amount, version, update_time
<==        Row: 303, ORD_FLOW_303, 1, 70.00, 1, 9, 2, null, null, null, null, null, null, null, null, null, null, 2026-08-27 18:08:34.15137, null, null, null, null, 2026-08-27 18:08:34.178346, 2026-08-19 18:08:34.15137, 2026-08-27 18:08:34.178346, 0, 卖家超时 7 天未处理，系统自动退款, SYSTEM, null, null, null, 0, null, null, null, null, RETURN_REFUND, null, null, null, null, null, 1, 2026-08-27 18:08:34.15137
<==      Total: 1
Closing non transactional SqlSession [org.apache.ibatis.session.defaults.DefaultSqlSession@682c8352]
Creating a new SqlSession
SqlSession [org.apache.ibatis.session.defaults.DefaultSqlSession@3feefdcc] was not registered for synchronization because synchronization is not active
JDBC Connection [HikariProxyConnection@2024965115 wrapping conn10: url=jdbc:h2:mem:segroup8_test user=SA] will not be managed by Spring
==>  Preparing: SELECT user_id,personal_balance,business_balance,version,create_time,update_time FROM balance WHERE user_id=?
==> Parameters: 1(Long)
<==    Columns: user_id, personal_balance, business_balance, version, create_time, update_time
<==        Row: 1, 120.00, 0.00, 2, 2026-08-27 18:08:34.150362, 2026-08-27 18:08:34.150362
<==      Total: 1
Closing non transactional SqlSession [org.apache.ibatis.session.defaults.DefaultSqlSession@3feefdcc]
Creating a new SqlSession
SqlSession [org.apache.ibatis.session.defaults.DefaultSqlSession@46441754] was not registered for synchronization because synchronization is not active
JDBC Connection [HikariProxyConnection@705030460 wrapping conn10: url=jdbc:h2:mem:segroup8_test user=SA] will not be managed by Spring
==>  Preparing: SELECT id,order_id,user_id,account_type,change_type,trade_type,amount,balance_after,remark,create_time FROM transaction_record WHERE (user_id = ?) ORDER BY id ASC
==> Parameters: 1(Long)
<==    Columns: id, order_id, user_id, account_type, change_type, trade_type, amount, balance_after, remark, create_time
<==        Row: 8, 302, 1, PERSONAL, REFUND_ONLY, REFUND_BACKFLOW, 50.00, 50.00, 仅退款回流, 2026-08-27 18:08:34.15828
<==        Row: 9, 303, 1, PERSONAL, REFUND_TIMEOUT_AUTO, REFUND_BACKFLOW, 70.00, 120.00, 卖家超时 7 天未处理，系统自动退款, 2026-08-27 18:08:34.180772
<==      Total: 2
Closing non transactional SqlSession [org.apache.ibatis.session.defaults.DefaultSqlSession@46441754]
]]></system-out>
  </testcase>
</testsuite>