<testsuites id="" name="" tests="1" failures="0" skipped="0" errors="0" time="17.63063">
<testsuite name="domain-c\uc14-after-sale.spec.ts" timestamp="2026-08-27T10:18:09.047Z" hostname="" tests="1" failures="0" skipped="0" time="14.805" errors="0">
<testcase name="@DOMAIN_C @UC14 after-sale refund › buyer applies and seller approves, then admin arbitrates" classname="domain-c\uc14-after-sale.spec.ts" time="14.805">
<system-out>
<![CDATA[
[[ATTACHMENT|test-results\domain-c-uc14-after-sale---86010-roves-then-admin-arbitrates\attachments\uc14-after-sale-persisted-4e95731a8ca0baaeabf9bba02330cb3e72bb6cb6.png]]
]]>
</system-out>
</testcase>
</testsuite>
</testsuites>