<?xml version="1.0" encoding="UTF-8"?>
<testsuite xmlns:xsi="http://www.w3.org/2001/XMLSchema-instance" xsi:noNamespaceSchemaLocation="https://maven.apache.org/surefire/maven-surefire-plugin/xsd/surefire-test-report-3.0.xsd" version="3.0" name="com.segroup8.catalog.CatalogApiIntegrationTest" time="5.08" tests="2" errors="0" skipped="0" failures="0">
  <properties>
[...]
</properties>
  <testcase name="combinedSearchAndPublicDetailUseTheDatabase" classname="com.segroup8.catalog.CatalogApiIntegrationTest" time="0.858">
    <system-out><![CDATA[10:42:03.013 [main] INFO org.springframework.test.context.support.AnnotationConfigContextLoaderUtils -- Could not detect default configuration classes for test class [com.segroup8.catalog.CatalogApiIntegrationTest]: CatalogApiIntegrationTest does not declare any static, non-private, non-final, nested classes annotated with @Configuration.
10:42:03.127 [main] INFO org.springframework.boot.test.context.SpringBootTestContextBootstrapper -- Found @SpringBootConfiguration com.segroup8.catalog.CatalogApplication for test class com.segroup8.catalog.CatalogApiIntegrationTest

  .   ____          _            __ _ _
 /\\ / ___'_ __ _ _(_)_ __  __ _ \ \ \ \
( ( )\___ | '_ | '_| | '_ \/ _` | \ \ \ \
 \\/  ___)| |_)| | | | | || (_| |  ) ) ) )
  '  |____| .__|_| |_|_| |_\__, | / / / /
 =========|_|==============|___/=/_/_/_/

 :: Spring Boot ::                (v3.3.4)

2026-08-27T10:42:03.550+08:00  INFO 21956 --- [           main] c.s.catalog.CatalogApiIntegrationTest    : Starting CatalogApiIntegrationTest using Java 17.0.13 with PID 21956 (started by 27872 in D:\softwhere_homework2026\SEGroup8\microservices\catalog-service)
2026-08-27T10:42:03.552+08:00  INFO 21956 --- [           main] c.s.catalog.CatalogApiIntegrationTest    : No active profile set, falling back to 1 default profile: "default"
2026-08-27T10:42:04.885+08:00  INFO 21956 --- [           main] com.zaxxer.hikari.HikariDataSource       : HikariPool-1 - Starting...
2026-08-27T10:42:05.136+08:00  INFO 21956 --- [           main] com.zaxxer.hikari.pool.HikariPool        : HikariPool-1 - Added connection conn0: url=jdbc:h2:mem:catalog user=SA
2026-08-27T10:42:05.136+08:00  INFO 21956 --- [           main] com.zaxxer.hikari.HikariDataSource       : HikariPool-1 - Start completed.
2026-08-27T10:42:06.853+08:00  INFO 21956 --- [           main] o.s.b.t.m.w.SpringBootMockServletContext : Initializing Spring TestDispatcherServlet ''
2026-08-27T10:42:06.853+08:00  INFO 21956 --- [           main] o.s.t.web.servlet.TestDispatcherServlet  : Initializing Servlet ''
2026-08-27T10:42:06.863+08:00  INFO 21956 --- [           main] o.s.b.a.e.web.EndpointLinksResolver      : Exposing 1 endpoint beneath base path '/actuator'
2026-08-27T10:42:06.878+08:00  INFO 21956 --- [           main] o.s.t.web.servlet.TestDispatcherServlet  : Completed initialization in 25 ms
2026-08-27T10:42:06.998+08:00  INFO 21956 --- [           main] c.s.catalog.CatalogApiIntegrationTest    : Started CatalogApiIntegrationTest in 3.729 seconds (process running for 4.519)
]]></system-out>
  </testcase>
  <testcase name="filtersSortsEmptyAndExceptionPaths" classname="com.segroup8.catalog.CatalogApiIntegrationTest" time="0.029">
    <system-out><![CDATA[2026-08-27T10:42:07.977+08:00  WARN 21956 --- [           main] .w.s.m.s.DefaultHandlerExceptionResolver : Resolved [org.springframework.web.method.annotation.MethodArgumentTypeMismatchException: Failed to convert value of type 'java.lang.String' to required type 'java.math.BigDecimal'; Character 非 is neither a decimal digit number, decimal point, nor "e" notation exponential mark.]
]]></system-out>
  </testcase>
</testsuite>