<testsuites id="" name="" tests="1" failures="0" skipped="0" errors="0" time="8.215277">
<testsuite name="domain-c\uc12-pay-cancel.spec.ts" timestamp="2026-08-27T08:51:04.870Z" hostname="" tests="1" failures="0" skipped="0" time="6.593" errors="0">
<testcase name="@DOMAIN_C @UC12 payment and cancellation › pays and cancels persisted orders through the browser" classname="domain-c\uc12-pay-cancel.spec.ts" time="6.593">
<system-out>
<![CDATA[
[[ATTACHMENT|test-results\domain-c-uc12-pay-cancel---23d4b--orders-through-the-browser\attachments\uc12-pay-cancel-persisted-9ff3aac52a9fcf81a53d4c82a7e0d3497081ab48.png]]
]]>
</system-out>
</testcase>
</testsuite>
</testsuites>