<?xml version="1.0" encoding="UTF-8"?>
<testsuite xmlns:xsi="http://www.w3.org/2001/XMLSchema-instance" xsi:noNamespaceSchemaLocation="https://maven.apache.org/surefire/maven-surefire-plugin/xsd/surefire-test-report-3.0.xsd" version="3.0" name="com.segroup8.identity.api.PublicApiSuccessCoverageTest" time="1.313" tests="3" errors="0" skipped="0" failures="0">
  <properties>
[...]
</properties>
  <testcase name="everyUserProfileAndAddressOperationHasASuccessAssertion" classname="com.segroup8.identity.api.PublicApiSuccessCoverageTest" time="0.293">
    <system-out><![CDATA[{"@timestamp":"2026-08-31T21:00:53.8082919+08:00","@version":"1","message":"Neither @ContextConfiguration nor @ContextHierarchy found for test class [PublicApiSuccessCoverageTest]: using SpringBootContextLoader","logger_name":"org.springframework.boot.test.context.SpringBootTestContextBootstrapper","thread_name":"main","level":"DEBUG","level_value":10000,"service":"identity-governance-service","eventId":""}
{"@timestamp":"2026-08-31T21:00:53.8119985+08:00","@version":"1","message":"Using ContextCustomizerFactory implementations for test class [PublicApiSuccessCoverageTest]: [ImportsContextCustomizerFactory, ExcludeFilterContextCustomizerFactory, HttpGraphQlTesterContextCustomizerFactory, DuplicateJsonObjectContextCustomizerFactory, MockitoContextCustomizerFactory, TestRestTemplateContextCustomizerFactory, WebTestClientContextCustomizerFactory, DisableReactorResourceFactoryGlobalResourcesContextCustomizerFactory, OverrideAutoConfigurationContextCustomizerFactory, ObservabilityContextCustomizerFactory, TypeExcludeFiltersContextCustomizerFactory, PropertyMappingContextCustomizerFactory, WebDriverContextCustomizerFactory, MockServerContainerContextCustomizerFactory, DynamicPropertiesContextCustomizerFactory]","logger_name":"org.springframework.boot.test.context.SpringBootTestContextBootstrapper","thread_name":"main","level":"DEBUG","level_value":10000,"service":"identity-governance-service","eventId":""}
{"@timestamp":"2026-08-31T21:00:53.813007+08:00","@version":"1","message":"Using ContextCustomizers for test class [PublicApiSuccessCoverageTest]: [ImportsContextCustomizer, ExcludeFilterContextCustomizer, DuplicateJsonObjectContextCustomizer, MockitoContextCustomizer, TestRestTemplateContextCustomizer, DisableReactorResourceFactoryGlobalResourcesContextCustomizerCustomizer, DisableObservabilityContextCustomizer, PropertyMappingContextCustomizer, WebDriverContextCustomizer]","logger_name":"org.springframework.boot.test.context.SpringBootTestContextBootstrapper","thread_name":"main","level":"DEBUG","level_value":10000,"service":"identity-governance-service","eventId":""}
{"@timestamp":"2026-08-31T21:00:53.813007+08:00","@version":"1","message":"Found @SpringBootConfiguration com.segroup8.identity.IdentityGovernanceApplication for test class com.segroup8.identity.api.PublicApiSuccessCoverageTest","logger_name":"org.springframework.boot.test.context.SpringBootTestContextBootstrapper","thread_name":"main","level":"INFO","level_value":20000,"service":"identity-governance-service","eventId":""}
{"@timestamp":"2026-08-31T21:00:53.813007+08:00","@version":"1","message":"Using TestExecutionListeners for test class [PublicApiSuccessCoverageTest]: [ServletTestExecutionListener, DirtiesContextBeforeModesTestExecutionListener, ApplicationEventsTestExecutionListener, MockitoTestExecutionListener, DependencyInjectionTestExecutionListener, DirtiesContextTestExecutionListener, TransactionalTestExecutionListener, SqlScriptsTestExecutionListener, EventPublishingTestExecutionListener, ResetMocksTestExecutionListener, RestDocsTestExecutionListener, MockRestServiceServerResetTestExecutionListener, MockMvcPrintOnlyOnFailureTestExecutionListener, WebDriverTestExecutionListener, MockWebServiceServerTestExecutionListener]","logger_name":"org.springframework.boot.test.context.SpringBootTestContextBootstrapper","thread_name":"main","level":"DEBUG","level_value":10000,"service":"identity-governance-service","eventId":""}
{"@timestamp":"2026-08-31T21:00:53.8214511+08:00","@version":"1","message":"Executing SQL statement [SET REFERENTIAL_INTEGRITY FALSE]","logger_name":"org.springframework.jdbc.core.JdbcTemplate","thread_name":"main","level":"DEBUG","level_value":10000,"service":"identity-governance-service","eventId":""}
{"@timestamp":"2026-08-31T21:00:53.8214511+08:00","@version":"1","message":"Executing SQL statement [TRUNCATE TABLE `outbox_event`]","logger_name":"org.springframework.jdbc.core.JdbcTemplate","thread_name":"main","level":"DEBUG","level_value":10000,"service":"identity-governance-service","eventId":""}
{"@timestamp":"2026-08-31T21:00:53.8214511+08:00","@version":"1","message":"Executing SQL statement [TRUNCATE TABLE `idempotency_record`]","logger_name":"org.springframework.jdbc.core.JdbcTemplate","thread_name":"main","level":"DEBUG","level_value":10000,"service":"identity-governance-service","eventId":""}
{"@timestamp":"2026-08-31T21:00:53.8232514+08:00","@version":"1","message":"Executing SQL statement [TRUNCATE TABLE `admin_audit_log`]","logger_name":"org.springframework.jdbc.core.JdbcTemplate","thread_name":"main","level":"DEBUG","level_value":10000,"service":"identity-governance-service","eventId":""}
{"@timestamp":"2026-08-31T21:00:53.8232514+08:00","@version":"1","message":"Executing SQL statement [TRUNCATE TABLE `credit_score_log`]","logger_name":"org.springframework.jdbc.core.JdbcTemplate","thread_name":"main","level":"DEBUG","level_value":10000,"service":"identity-governance-service","eventId":""}
{"@timestamp":"2026-08-31T21:00:53.8232514+08:00","@version":"1","message":"Executing SQL statement [TRUNCATE TABLE `user_block`]","logger_name":"org.springframework.jdbc.core.JdbcTemplate","thread_name":"main","level":"DEBUG","level_value":10000,"service":"identity-governance-service","eventId":""}
{"@timestamp":"2026-08-31T21:00:53.8244288+08:00","@version":"1","message":"Executing SQL statement [TRUNCATE TABLE `user_report`]","logger_name":"org.springframework.jdbc.core.JdbcTemplate","thread_name":"main","level":"DEBUG","level_value":10000,"service":"identity-governance-service","eventId":""}
{"@timestamp":"2026-08-31T21:00:53.8244288+08:00","@version":"1","message":"Executing SQL statement [TRUNCATE TABLE `report`]","logger_name":"org.springframework.jdbc.core.JdbcTemplate","thread_name":"main","level":"DEBUG","level_value":10000,"service":"identity-governance-service","eventId":""}
{"@timestamp":"2026-08-31T21:00:53.8244288+08:00","@version":"1","message":"Executing SQL statement [TRUNCATE TABLE `merchant_application`]","logger_name":"org.springframework.jdbc.core.JdbcTemplate","thread_name":"main","level":"DEBUG","level_value":10000,"service":"identity-governance-service","eventId":""}
{"@timestamp":"2026-08-31T21:00:53.8244288+08:00","@version":"1","message":"Executing SQL statement [TRUNCATE TABLE `address`]","logger_name":"org.springframework.jdbc.core.JdbcTemplate","thread_name":"main","level":"DEBUG","level_value":10000,"service":"identity-governance-service","eventId":""}
{"@timestamp":"2026-08-31T21:00:53.8244288+08:00","@version":"1","message":"Executing SQL statement [TRUNCATE TABLE `user`]","logger_name":"org.springframework.jdbc.core.JdbcTemplate","thread_name":"main","level":"DEBUG","level_value":10000,"service":"identity-governance-service","eventId":""}
{"@timestamp":"2026-08-31T21:00:53.8244288+08:00","@version":"1","message":"Executing SQL statement [SET REFERENTIAL_INTEGRITY TRUE]","logger_name":"org.springframework.jdbc.core.JdbcTemplate","thread_name":"main","level":"DEBUG","level_value":10000,"service":"identity-governance-service","eventId":""}
{"@timestamp":"2026-08-31T21:00:53.9036237+08:00","@version":"1","message":"Executing prepared SQL update","logger_name":"org.springframework.jdbc.core.JdbcTemplate","thread_name":"main","level":"DEBUG","level_value":10000,"service":"identity-governance-service","eventId":""}
{"@timestamp":"2026-08-31T21:00:53.9046565+08:00","@version":"1","message":"Executing prepared SQL statement [INSERT INTO `user`(username,password,nickname,role,status,credit_score,buyer_credit_score,seller_credit_score) VALUES(?,?,?,'ADMIN','NORMAL',100,100,100)]","logger_name":"org.springframework.jdbc.core.JdbcTemplate","thread_name":"main","level":"DEBUG","level_value":10000,"service":"identity-governance-service","eventId":""}
{"@timestamp":"2026-08-31T21:00:53.9066589+08:00","@version":"1","message":"Mapped to com.segroup8.identity.controller.AuthController#register(RegisterRequest)","logger_name":"org.springframework.web.servlet.mvc.method.annotation.RequestMappingHandlerMapping","thread_name":"main","level":"DEBUG","level_value":10000,"service":"identity-governance-service","eventId":""}
{"@timestamp":"2026-08-31T21:00:53.9066589+08:00","@version":"1","message":"Read \"application/json;charset=UTF-8\" to [RegisterRequest[username=profile-owner, password=User12345, nickname=profile-owner, phone=null, emai (truncated)...]","logger_name":"org.springframework.web.servlet.mvc.method.annotation.RequestResponseBodyMethodProcessor","thread_name":"main","level":"DEBUG","level_value":10000,"traceId":"be7408db-32fc-4fb1-9a73-c1c682096b14","requestId":"be7408db-32fc-4fb1-9a73-c1c682096b14","service":"identity-governance-service","eventId":""}
{"@timestamp":"2026-08-31T21:00:53.9076528+08:00","@version":"1","message":"Executing prepared SQL query","logger_name":"org.springframework.jdbc.core.JdbcTemplate","thread_name":"main","level":"DEBUG","level_value":10000,"traceId":"be7408db-32fc-4fb1-9a73-c1c682096b14","requestId":"be7408db-32fc-4fb1-9a73-c1c682096b14","service":"identity-governance-service","eventId":""}
{"@timestamp":"2026-08-31T21:00:53.9076528+08:00","@version":"1","message":"Executing prepared SQL statement [SELECT * FROM `user` WHERE username=?]","logger_name":"org.springframework.jdbc.core.JdbcTemplate","thread_name":"main","level":"DEBUG","level_value":10000,"traceId":"be7408db-32fc-4fb1-9a73-c1c682096b14","requestId":"be7408db-32fc-4fb1-9a73-c1c682096b14","service":"identity-governance-service","eventId":""}
{"@timestamp":"2026-08-31T21:00:53.9834358+08:00","@version":"1","message":"Executing prepared SQL update","logger_name":"org.springframework.jdbc.core.JdbcTemplate","thread_name":"main","level":"DEBUG","level_value":10000,"traceId":"be7408db-32fc-4fb1-9a73-c1c682096b14","requestId":"be7408db-32fc-4fb1-9a73-c1c682096b14","service":"identity-governance-service","eventId":""}
{"@timestamp":"2026-08-31T21:00:53.9834358+08:00","@version":"1","message":"Executing prepared SQL statement [INSERT INTO `user`(username,password,nickname,phone,email,role,status,credit_score,buyer_credit_score,seller_credit_score,access_version) VALUES(?,?,?,?,?,'USER','NORMAL',100,100,100,1)]","logger_name":"org.springframework.jdbc.core.JdbcTemplate","thread_name":"main","level":"DEBUG","level_value":10000,"traceId":"be7408db-32fc-4fb1-9a73-c1c682096b14","requestId":"be7408db-32fc-4fb1-9a73-c1c682096b14","service":"identity-governance-service","eventId":""}
{"@timestamp":"2026-08-31T21:00:53.9854149+08:00","@version":"1","message":"Using 'application/json', given [*/*] and supported [application/json, application/*+json]","logger_name":"org.springframework.web.servlet.mvc.method.annotation.RequestResponseBodyMethodProcessor","thread_name":"main","level":"DEBUG","level_value":10000,"traceId":"be7408db-32fc-4fb1-9a73-c1c682096b14","requestId":"be7408db-32fc-4fb1-9a73-c1c682096b14","service":"identity-governance-service","eventId":""}
{"@timestamp":"2026-08-31T21:00:53.9854149+08:00","@version":"1","message":"Writing [ApiResult[code=0, message=success, data=null]]","logger_name":"org.springframework.web.servlet.mvc.method.annotation.RequestResponseBodyMethodProcessor","thread_name":"main","level":"DEBUG","level_value":10000,"traceId":"be7408db-32fc-4fb1-9a73-c1c682096b14","requestId":"be7408db-32fc-4fb1-9a73-c1c682096b14","service":"identity-governance-service","eventId":""}
{"@timestamp":"2026-08-31T21:00:53.9864405+08:00","@version":"1","message":"Mapped to com.segroup8.identity.controller.AuthController#login(LoginRequest)","logger_name":"org.springframework.web.servlet.mvc.method.annotation.RequestMappingHandlerMapping","thread_name":"main","level":"DEBUG","level_value":10000,"service":"identity-governance-service","eventId":""}
{"@timestamp":"2026-08-31T21:00:53.987411+08:00","@version":"1","message":"Read \"application/json;charset=UTF-8\" to [LoginRequest[username=profile-owner, password=User12345]]","logger_name":"org.springframework.web.servlet.mvc.method.annotation.RequestResponseBodyMethodProcessor","thread_name":"main","level":"DEBUG","level_value":10000,"traceId":"25e5193e-00e2-429d-9eee-a8851c68cb24","requestId":"25e5193e-00e2-429d-9eee-a8851c68cb24","service":"identity-governance-service","eventId":""}
{"@timestamp":"2026-08-31T21:00:53.987411+08:00","@version":"1","message":"Executing prepared SQL query","logger_name":"org.springframework.jdbc.core.JdbcTemplate","thread_name":"main","level":"DEBUG","level_value":10000,"traceId":"25e5193e-00e2-429d-9eee-a8851c68cb24","requestId":"25e5193e-00e2-429d-9eee-a8851c68cb24","service":"identity-governance-service","eventId":""}
{"@timestamp":"2026-08-31T21:00:53.987411+08:00","@version":"1","message":"Executing prepared SQL statement [SELECT * FROM `user` WHERE username=?]","logger_name":"org.springframework.jdbc.core.JdbcTemplate","thread_name":"main","level":"DEBUG","level_value":10000,"traceId":"25e5193e-00e2-429d-9eee-a8851c68cb24","requestId":"25e5193e-00e2-429d-9eee-a8851c68cb24","service":"identity-governance-service","eventId":""}
{"@timestamp":"2026-08-31T21:00:54.0597911+08:00","@version":"1","message":"Using 'application/json', given [*/*] and supported [application/json, application/*+json]","logger_name":"org.springframework.web.servlet.mvc.method.annotation.RequestResponseBodyMethodProcessor","thread_name":"main","level":"DEBUG","level_value":10000,"traceId":"25e5193e-00e2-429d-9eee-a8851c68cb24","requestId":"25e5193e-00e2-429d-9eee-a8851c68cb24","service":"identity-governance-service","eventId":""}
{"@timestamp":"2026-08-31T21:00:54.0597911+08:00","@version":"1","message":"Writing [ApiResult[code=0, message=success, data={token=eyJhbGciOiJIUzI1NiJ9.eyJ1aWQiOjIsInVzZXJuYW1lIjoicHJv (truncated)...]","logger_name":"org.springframework.web.servlet.mvc.method.annotation.RequestResponseBodyMethodProcessor","thread_name":"main","level":"DEBUG","level_value":10000,"traceId":"25e5193e-00e2-429d-9eee-a8851c68cb24","requestId":"25e5193e-00e2-429d-9eee-a8851c68cb24","service":"identity-governance-service","eventId":""}
{"@timestamp":"2026-08-31T21:00:54.06178+08:00","@version":"1","message":"Mapped to com.segroup8.identity.controller.UserController#profile()","logger_name":"org.springframework.web.servlet.mvc.method.annotation.RequestMappingHandlerMapping","thread_name":"main","level":"DEBUG","level_value":10000,"service":"identity-governance-service","eventId":""}
{"@timestamp":"2026-08-31T21:00:54.06178+08:00","@version":"1","message":"Executing prepared SQL query","logger_name":"org.springframework.jdbc.core.JdbcTemplate","thread_name":"main","level":"DEBUG","level_value":10000,"traceId":"b71a46df-8612-4b46-a5ca-67b6b8d930b5","requestId":"b71a46df-8612-4b46-a5ca-67b6b8d930b5","service":"identity-governance-service","eventId":""}
{"@timestamp":"2026-08-31T21:00:54.06178+08:00","@version":"1","message":"Executing prepared SQL statement [SELECT * FROM `user` WHERE id=?]","logger_name":"org.springframework.jdbc.core.JdbcTemplate","thread_name":"main","level":"DEBUG","level_value":10000,"traceId":"b71a46df-8612-4b46-a5ca-67b6b8d930b5","requestId":"b71a46df-8612-4b46-a5ca-67b6b8d930b5","service":"identity-governance-service","eventId":""}
{"@timestamp":"2026-08-31T21:00:54.0637773+08:00","@version":"1","message":"Executing prepared SQL query","logger_name":"org.springframework.jdbc.core.JdbcTemplate","thread_name":"main","level":"DEBUG","level_value":10000,"traceId":"b71a46df-8612-4b46-a5ca-67b6b8d930b5","requestId":"b71a46df-8612-4b46-a5ca-67b6b8d930b5","service":"identity-governance-service","eventId":""}
{"@timestamp":"2026-08-31T21:00:54.0637773+08:00","@version":"1","message":"Executing prepared SQL statement [SELECT * FROM `user` WHERE id=?]","logger_name":"org.springframework.jdbc.core.JdbcTemplate","thread_name":"main","level":"DEBUG","level_value":10000,"traceId":"b71a46df-8612-4b46-a5ca-67b6b8d930b5","requestId":"b71a46df-8612-4b46-a5ca-67b6b8d930b5","service":"identity-governance-service","eventId":""}
{"@timestamp":"2026-08-31T21:00:54.065333+08:00","@version":"1","message":"Using 'application/json', given [*/*] and supported [application/json, application/*+json]","logger_name":"org.springframework.web.servlet.mvc.method.annotation.RequestResponseBodyMethodProcessor","thread_name":"main","level":"DEBUG","level_value":10000,"traceId":"b71a46df-8612-4b46-a5ca-67b6b8d930b5","requestId":"b71a46df-8612-4b46-a5ca-67b6b8d930b5","service":"identity-governance-service","eventId":""}
{"@timestamp":"2026-08-31T21:00:54.065333+08:00","@version":"1","message":"Writing [ApiResult[code=0, message=success, data={id=2, username=profile-owner, nickname=profile-owner, avata (truncated)...]","logger_name":"org.springframework.web.servlet.mvc.method.annotation.RequestResponseBodyMethodProcessor","thread_name":"main","level":"DEBUG","level_value":10000,"traceId":"b71a46df-8612-4b46-a5ca-67b6b8d930b5","requestId":"b71a46df-8612-4b46-a5ca-67b6b8d930b5","service":"identity-governance-service","eventId":""}
{"@timestamp":"2026-08-31T21:00:54.067379+08:00","@version":"1","message":"Mapped to com.segroup8.identity.controller.UserController#profile()","logger_name":"org.springframework.web.servlet.mvc.method.annotation.RequestMappingHandlerMapping","thread_name":"main","level":"DEBUG","level_value":10000,"service":"identity-governance-service","eventId":""}
{"@timestamp":"2026-08-31T21:00:54.0684051+08:00","@version":"1","message":"Executing prepared SQL query","logger_name":"org.springframework.jdbc.core.JdbcTemplate","thread_name":"main","level":"DEBUG","level_value":10000,"traceId":"f78c233b-fb4a-4717-84e4-d20b25d4859a","requestId":"f78c233b-fb4a-4717-84e4-d20b25d4859a","service":"identity-governance-service","eventId":""}
{"@timestamp":"2026-08-31T21:00:54.0684051+08:00","@version":"1","message":"Executing prepared SQL statement [SELECT * FROM `user` WHERE id=?]","logger_name":"org.springframework.jdbc.core.JdbcTemplate","thread_name":"main","level":"DEBUG","level_value":10000,"traceId":"f78c233b-fb4a-4717-84e4-d20b25d4859a","requestId":"f78c233b-fb4a-4717-84e4-d20b25d4859a","service":"identity-governance-service","eventId":""}
{"@timestamp":"2026-08-31T21:00:54.0684051+08:00","@version":"1","message":"Executing prepared SQL query","logger_name":"org.springframework.jdbc.core.JdbcTemplate","thread_name":"main","level":"DEBUG","level_value":10000,"traceId":"f78c233b-fb4a-4717-84e4-d20b25d4859a","requestId":"f78c233b-fb4a-4717-84e4-d20b25d4859a","service":"identity-governance-service","eventId":""}
{"@timestamp":"2026-08-31T21:00:54.0684051+08:00","@version":"1","message":"Executing prepared SQL statement [SELECT * FROM `user` WHERE id=?]","logger_name":"org.springframework.jdbc.core.JdbcTemplate","thread_name":"main","level":"DEBUG","level_value":10000,"traceId":"f78c233b-fb4a-4717-84e4-d20b25d4859a","requestId":"f78c233b-fb4a-4717-84e4-d20b25d4859a","service":"identity-governance-service","eventId":""}
{"@timestamp":"2026-08-31T21:00:54.0693821+08:00","@version":"1","message":"Using 'application/json', given [*/*] and supported [application/json, application/*+json]","logger_name":"org.springframework.web.servlet.mvc.method.annotation.RequestResponseBodyMethodProcessor","thread_name":"main","level":"DEBUG","level_value":10000,"traceId":"f78c233b-fb4a-4717-84e4-d20b25d4859a","requestId":"f78c233b-fb4a-4717-84e4-d20b25d4859a","service":"identity-governance-service","eventId":""}
{"@timestamp":"2026-08-31T21:00:54.0693821+08:00","@version":"1","message":"Writing [ApiResult[code=0, message=success, data={id=2, username=profile-owner, nickname=profile-owner, avata (truncated)...]","logger_name":"org.springframework.web.servlet.mvc.method.annotation.RequestResponseBodyMethodProcessor","thread_name":"main","level":"DEBUG","level_value":10000,"traceId":"f78c233b-fb4a-4717-84e4-d20b25d4859a","requestId":"f78c233b-fb4a-4717-84e4-d20b25d4859a","service":"identity-governance-service","eventId":""}
{"@timestamp":"2026-08-31T21:00:54.072383+08:00","@version":"1","message":"Mapped to com.segroup8.identity.controller.UserController#updateProfile(Map)","logger_name":"org.springframework.web.servlet.mvc.method.annotation.RequestMappingHandlerMapping","thread_name":"main","level":"DEBUG","level_value":10000,"service":"identity-governance-service","eventId":""}
{"@timestamp":"2026-08-31T21:00:54.0733991+08:00","@version":"1","message":"Executing prepared SQL query","logger_name":"org.springframework.jdbc.core.JdbcTemplate","thread_name":"main","level":"DEBUG","level_value":10000,"traceId":"a3a47af4-430e-4ed3-a39f-cca53d817159","requestId":"a3a47af4-430e-4ed3-a39f-cca53d817159","service":"identity-governance-service","eventId":""}
{"@timestamp":"2026-08-31T21:00:54.0733991+08:00","@version":"1","message":"Executing prepared SQL statement [SELECT * FROM `user` WHERE id=?]","logger_name":"org.springframework.jdbc.core.JdbcTemplate","thread_name":"main","level":"DEBUG","level_value":10000,"traceId":"a3a47af4-430e-4ed3-a39f-cca53d817159","requestId":"a3a47af4-430e-4ed3-a39f-cca53d817159","service":"identity-governance-service","eventId":""}
{"@timestamp":"2026-08-31T21:00:54.0765542+08:00","@version":"1","message":"Read \"application/json;charset=UTF-8\" to [{nickname=Updated Owner}]","logger_name":"org.springframework.web.servlet.mvc.method.annotation.RequestResponseBodyMethodProcessor","thread_name":"main","level":"DEBUG","level_value":10000,"traceId":"a3a47af4-430e-4ed3-a39f-cca53d817159","requestId":"a3a47af4-430e-4ed3-a39f-cca53d817159","service":"identity-governance-service","eventId":""}
{"@timestamp":"2026-08-31T21:00:54.0765542+08:00","@version":"1","message":"Executing prepared SQL update","logger_name":"org.springframework.jdbc.core.JdbcTemplate","thread_name":"main","level":"DEBUG","level_value":10000,"traceId":"a3a47af4-430e-4ed3-a39f-cca53d817159","requestId":"a3a47af4-430e-4ed3-a39f-cca53d817159","service":"identity-governance-service","eventId":""}
{"@timestamp":"2026-08-31T21:00:54.0771109+08:00","@version":"1","message":"Executing prepared SQL statement [UPDATE `user` SET nickname=COALESCE(?,nickname),avatar=COALESCE(?,avatar),phone=COALESCE(?,phone),email=COALESCE(?,email),update_time=CURRENT_TIMESTAMP WHERE id=?]","logger_name":"org.springframework.jdbc.core.JdbcTemplate","thread_name":"main","level":"DEBUG","level_value":10000,"traceId":"a3a47af4-430e-4ed3-a39f-cca53d817159","requestId":"a3a47af4-430e-4ed3-a39f-cca53d817159","service":"identity-governance-service","eventId":""}
{"@timestamp":"2026-08-31T21:00:54.0801715+08:00","@version":"1","message":"Using 'application/json', given [*/*] and supported [application/json, application/*+json]","logger_name":"org.springframework.web.servlet.mvc.method.annotation.RequestResponseBodyMethodProcessor","thread_name":"main","level":"DEBUG","level_value":10000,"traceId":"a3a47af4-430e-4ed3-a39f-cca53d817159","requestId":"a3a47af4-430e-4ed3-a39f-cca53d817159","service":"identity-governance-service","eventId":""}
{"@timestamp":"2026-08-31T21:00:54.0801715+08:00","@version":"1","message":"Writing [ApiResult[code=0, message=success, data=null]]","logger_name":"org.springframework.web.servlet.mvc.method.annotation.RequestResponseBodyMethodProcessor","thread_name":"main","level":"DEBUG","level_value":10000,"traceId":"a3a47af4-430e-4ed3-a39f-cca53d817159","requestId":"a3a47af4-430e-4ed3-a39f-cca53d817159","service":"identity-governance-service","eventId":""}
{"@timestamp":"2026-08-31T21:00:54.0822857+08:00","@version":"1","message":"Mapped to com.segroup8.identity.controller.UserController#search(String)","logger_name":"org.springframework.web.servlet.mvc.method.annotation.RequestMappingHandlerMapping","thread_name":"main","level":"DEBUG","level_value":10000,"service":"identity-governance-service","eventId":""}
{"@timestamp":"2026-08-31T21:00:54.08328+08:00","@version":"1","message":"Executing prepared SQL query","logger_name":"org.springframework.jdbc.core.JdbcTemplate","thread_name":"main","level":"DEBUG","level_value":10000,"traceId":"e5bcfa46-557a-4eb8-802e-adb842f6f1e8","requestId":"e5bcfa46-557a-4eb8-802e-adb842f6f1e8","service":"identity-governance-service","eventId":""}
{"@timestamp":"2026-08-31T21:00:54.08328+08:00","@version":"1","message":"Executing prepared SQL statement [SELECT * FROM `user` WHERE id=?]","logger_name":"org.springframework.jdbc.core.JdbcTemplate","thread_name":"main","level":"DEBUG","level_value":10000,"traceId":"e5bcfa46-557a-4eb8-802e-adb842f6f1e8","requestId":"e5bcfa46-557a-4eb8-802e-adb842f6f1e8","service":"identity-governance-service","eventId":""}
{"@timestamp":"2026-08-31T21:00:54.0842669+08:00","@version":"1","message":"Executing prepared SQL query","logger_name":"org.springframework.jdbc.core.JdbcTemplate","thread_name":"main","level":"DEBUG","level_value":10000,"traceId":"e5bcfa46-557a-4eb8-802e-adb842f6f1e8","requestId":"e5bcfa46-557a-4eb8-802e-adb842f6f1e8","service":"identity-governance-service","eventId":""}
{"@timestamp":"2026-08-31T21:00:54.0842669+08:00","@version":"1","message":"Executing prepared SQL statement [SELECT id,username,nickname,avatar,role,status FROM `user` WHERE username LIKE ? OR nickname LIKE ? ORDER BY id LIMIT 20]","logger_name":"org.springframework.jdbc.core.JdbcTemplate","thread_name":"main","level":"DEBUG","level_value":10000,"traceId":"e5bcfa46-557a-4eb8-802e-adb842f6f1e8","requestId":"e5bcfa46-557a-4eb8-802e-adb842f6f1e8","service":"identity-governance-service","eventId":""}
{"@timestamp":"2026-08-31T21:00:54.0862623+08:00","@version":"1","message":"Using 'application/json', given [*/*] and supported [application/json, application/*+json]","logger_name":"org.springframework.web.servlet.mvc.method.annotation.RequestResponseBodyMethodProcessor","thread_name":"main","level":"DEBUG","level_value":10000,"traceId":"e5bcfa46-557a-4eb8-802e-adb842f6f1e8","requestId":"e5bcfa46-557a-4eb8-802e-adb842f6f1e8","service":"identity-governance-service","eventId":""}
{"@timestamp":"2026-08-31T21:00:54.0862623+08:00","@version":"1","message":"Writing [ApiResult[code=0, message=success, data=[{id=2, username=profile-owner, nickname=Updated Owner, avat (truncated)...]","logger_name":"org.springframework.web.servlet.mvc.method.annotation.RequestResponseBodyMethodProcessor","thread_name":"main","level":"DEBUG","level_value":10000,"traceId":"e5bcfa46-557a-4eb8-802e-adb842f6f1e8","requestId":"e5bcfa46-557a-4eb8-802e-adb842f6f1e8","service":"identity-governance-service","eventId":""}
{"@timestamp":"2026-08-31T21:00:54.0882602+08:00","@version":"1","message":"Mapped to com.segroup8.identity.controller.UserController#addresses()","logger_name":"org.springframework.web.servlet.mvc.method.annotation.RequestMappingHandlerMapping","thread_name":"main","level":"DEBUG","level_value":10000,"service":"identity-governance-service","eventId":""}
{"@timestamp":"2026-08-31T21:00:54.0892953+08:00","@version":"1","message":"Executing prepared SQL query","logger_name":"org.springframework.jdbc.core.JdbcTemplate","thread_name":"main","level":"DEBUG","level_value":10000,"traceId":"5b15caf1-c205-47d0-b120-305556f37b36","requestId":"5b15caf1-c205-47d0-b120-305556f37b36","service":"identity-governance-service","eventId":""}
{"@timestamp":"2026-08-31T21:00:54.0892953+08:00","@version":"1","message":"Executing prepared SQL statement [SELECT * FROM `user` WHERE id=?]","logger_name":"org.springframework.jdbc.core.JdbcTemplate","thread_name":"main","level":"DEBUG","level_value":10000,"traceId":"5b15caf1-c205-47d0-b120-305556f37b36","requestId":"5b15caf1-c205-47d0-b120-305556f37b36","service":"identity-governance-service","eventId":""}
{"@timestamp":"2026-08-31T21:00:54.0892953+08:00","@version":"1","message":"Executing prepared SQL query","logger_name":"org.springframework.jdbc.core.JdbcTemplate","thread_name":"main","level":"DEBUG","level_value":10000,"traceId":"5b15caf1-c205-47d0-b120-305556f37b36","requestId":"5b15caf1-c205-47d0-b120-305556f37b36","service":"identity-governance-service","eventId":""}
{"@timestamp":"2026-08-31T21:00:54.0892953+08:00","@version":"1","message":"Executing prepared SQL statement [SELECT id,user_id,receiver_name,receiver_phone,province,city,detail_address,is_default,create_time,update_time FROM address WHERE user_id=? ORDER BY is_default DESC,id]","logger_name":"org.springframework.jdbc.core.JdbcTemplate","thread_name":"main","level":"DEBUG","level_value":10000,"traceId":"5b15caf1-c205-47d0-b120-305556f37b36","requestId":"5b15caf1-c205-47d0-b120-305556f37b36","service":"identity-governance-service","eventId":""}
{"@timestamp":"2026-08-31T21:00:54.0902621+08:00","@version":"1","message":"Using 'application/json', given [*/*] and supported [application/json, application/*+json]","logger_name":"org.springframework.web.servlet.mvc.method.annotation.RequestResponseBodyMethodProcessor","thread_name":"main","level":"DEBUG","level_value":10000,"traceId":"5b15caf1-c205-47d0-b120-305556f37b36","requestId":"5b15caf1-c205-47d0-b120-305556f37b36","service":"identity-governance-service","eventId":""}
{"@timestamp":"2026-08-31T21:00:54.0912616+08:00","@version":"1","message":"Writing [ApiResult[code=0, message=success, data=[]]]","logger_name":"org.springframework.web.servlet.mvc.method.annotation.RequestResponseBodyMethodProcessor","thread_name":"main","level":"DEBUG","level_value":10000,"traceId":"5b15caf1-c205-47d0-b120-305556f37b36","requestId":"5b15caf1-c205-47d0-b120-305556f37b36","service":"identity-governance-service","eventId":""}
{"@timestamp":"2026-08-31T21:00:54.0931454+08:00","@version":"1","message":"Mapped to com.segroup8.identity.controller.UserController#addAddress(Map)","logger_name":"org.springframework.web.servlet.mvc.method.annotation.RequestMappingHandlerMapping","thread_name":"main","level":"DEBUG","level_value":10000,"service":"identity-governance-service","eventId":""}
{"@timestamp":"2026-08-31T21:00:54.0941395+08:00","@version":"1","message":"Executing prepared SQL query","logger_name":"org.springframework.jdbc.core.JdbcTemplate","thread_name":"main","level":"DEBUG","level_value":10000,"traceId":"bcc88158-e926-4663-acc5-86d85c112c45","requestId":"bcc88158-e926-4663-acc5-86d85c112c45","service":"identity-governance-service","eventId":""}
{"@timestamp":"2026-08-31T21:00:54.0941395+08:00","@version":"1","message":"Executing prepared SQL statement [SELECT * FROM `user` WHERE id=?]","logger_name":"org.springframework.jdbc.core.JdbcTemplate","thread_name":"main","level":"DEBUG","level_value":10000,"traceId":"bcc88158-e926-4663-acc5-86d85c112c45","requestId":"bcc88158-e926-4663-acc5-86d85c112c45","service":"identity-governance-service","eventId":""}
{"@timestamp":"2026-08-31T21:00:54.0951484+08:00","@version":"1","message":"Read \"application/json;charset=UTF-8\" to [{detailAddress=Nanshan Road, province=Guangdong, receiverPhone=13800138000, receiverName=Receiver, c (truncated)...]","logger_name":"org.springframework.web.servlet.mvc.method.annotation.RequestResponseBodyMethodProcessor","thread_name":"main","level":"DEBUG","level_value":10000,"traceId":"bcc88158-e926-4663-acc5-86d85c112c45","requestId":"bcc88158-e926-4663-acc5-86d85c112c45","service":"identity-governance-service","eventId":""}
{"@timestamp":"2026-08-31T21:00:54.0961476+08:00","@version":"1","message":"Executing prepared SQL update","logger_name":"org.springframework.jdbc.core.JdbcTemplate","thread_name":"main","level":"DEBUG","level_value":10000,"traceId":"bcc88158-e926-4663-acc5-86d85c112c45","requestId":"bcc88158-e926-4663-acc5-86d85c112c45","service":"identity-governance-service","eventId":""}
{"@timestamp":"2026-08-31T21:00:54.0961476+08:00","@version":"1","message":"Executing prepared SQL statement [UPDATE address SET is_default=0 WHERE user_id=?]","logger_name":"org.springframework.jdbc.core.JdbcTemplate","thread_name":"main","level":"DEBUG","level_value":10000,"traceId":"bcc88158-e926-4663-acc5-86d85c112c45","requestId":"bcc88158-e926-4663-acc5-86d85c112c45","service":"identity-governance-service","eventId":""}
{"@timestamp":"2026-08-31T21:00:54.0961476+08:00","@version":"1","message":"Executing prepared SQL update","logger_name":"org.springframework.jdbc.core.JdbcTemplate","thread_name":"main","level":"DEBUG","level_value":10000,"traceId":"bcc88158-e926-4663-acc5-86d85c112c45","requestId":"bcc88158-e926-4663-acc5-86d85c112c45","service":"identity-governance-service","eventId":""}
{"@timestamp":"2026-08-31T21:00:54.0961476+08:00","@version":"1","message":"Executing prepared SQL statement [INSERT INTO address(user_id,receiver_name,receiver_phone,province,city,detail_address,is_default) VALUES(?,?,?,?,?,?,?)]","logger_name":"org.springframework.jdbc.core.JdbcTemplate","thread_name":"main","level":"DEBUG","level_value":10000,"traceId":"bcc88158-e926-4663-acc5-86d85c112c45","requestId":"bcc88158-e926-4663-acc5-86d85c112c45","service":"identity-governance-service","eventId":""}
{"@timestamp":"2026-08-31T21:00:54.0981504+08:00","@version":"1","message":"Using 'application/json', given [*/*] and supported [application/json, application/*+json]","logger_name":"org.springframework.web.servlet.mvc.method.annotation.RequestResponseBodyMethodProcessor","thread_name":"main","level":"DEBUG","level_value":10000,"traceId":"bcc88158-e926-4663-acc5-86d85c112c45","requestId":"bcc88158-e926-4663-acc5-86d85c112c45","service":"identity-governance-service","eventId":""}
{"@timestamp":"2026-08-31T21:00:54.0981504+08:00","@version":"1","message":"Writing [ApiResult[code=0, message=success, data=null]]","logger_name":"org.springframework.web.servlet.mvc.method.annotation.RequestResponseBodyMethodProcessor","thread_name":"main","level":"DEBUG","level_value":10000,"traceId":"bcc88158-e926-4663-acc5-86d85c112c45","requestId":"bcc88158-e926-4663-acc5-86d85c112c45","service":"identity-governance-service","eventId":""}
{"@timestamp":"2026-08-31T21:00:54.1001618+08:00","@version":"1","message":"Executing prepared SQL query","logger_name":"org.springframework.jdbc.core.JdbcTemplate","thread_name":"main","level":"DEBUG","level_value":10000,"service":"identity-governance-service","eventId":""}
{"@timestamp":"2026-08-31T21:00:54.1001618+08:00","@version":"1","message":"Executing prepared SQL statement [SELECT id FROM address WHERE user_id=?]","logger_name":"org.springframework.jdbc.core.JdbcTemplate","thread_name":"main","level":"DEBUG","level_value":10000,"service":"identity-governance-service","eventId":""}
{"@timestamp":"2026-08-31T21:00:54.101148+08:00","@version":"1","message":"Mapped to com.segroup8.identity.controller.UserController#updateAddress(long, Map)","logger_name":"org.springframework.web.servlet.mvc.method.annotation.RequestMappingHandlerMapping","thread_name":"main","level":"DEBUG","level_value":10000,"service":"identity-governance-service","eventId":""}
{"@timestamp":"2026-08-31T21:00:54.1021337+08:00","@version":"1","message":"Executing prepared SQL query","logger_name":"org.springframework.jdbc.core.JdbcTemplate","thread_name":"main","level":"DEBUG","level_value":10000,"traceId":"5ad1f3ab-a3f9-4888-bc6a-2386197cb037","requestId":"5ad1f3ab-a3f9-4888-bc6a-2386197cb037","service":"identity-governance-service","eventId":""}
{"@timestamp":"2026-08-31T21:00:54.1021337+08:00","@version":"1","message":"Executing prepared SQL statement [SELECT * FROM `user` WHERE id=?]","logger_name":"org.springframework.jdbc.core.JdbcTemplate","thread_name":"main","level":"DEBUG","level_value":10000,"traceId":"5ad1f3ab-a3f9-4888-bc6a-2386197cb037","requestId":"5ad1f3ab-a3f9-4888-bc6a-2386197cb037","service":"identity-governance-service","eventId":""}
{"@timestamp":"2026-08-31T21:00:54.1031701+08:00","@version":"1","message":"Read \"application/json;charset=UTF-8\" to [{detailAddress=Futian Road, province=Guangdong, receiverPhone=13800138000, receiverName=Receiver, ci (truncated)...]","logger_name":"org.springframework.web.servlet.mvc.method.annotation.RequestResponseBodyMethodProcessor","thread_name":"main","level":"DEBUG","level_value":10000,"traceId":"5ad1f3ab-a3f9-4888-bc6a-2386197cb037","requestId":"5ad1f3ab-a3f9-4888-bc6a-2386197cb037","service":"identity-governance-service","eventId":""}
{"@timestamp":"2026-08-31T21:00:54.1031701+08:00","@version":"1","message":"Executing prepared SQL query","logger_name":"org.springframework.jdbc.core.JdbcTemplate","thread_name":"main","level":"DEBUG","level_value":10000,"traceId":"5ad1f3ab-a3f9-4888-bc6a-2386197cb037","requestId":"5ad1f3ab-a3f9-4888-bc6a-2386197cb037","service":"identity-governance-service","eventId":""}
{"@timestamp":"2026-08-31T21:00:54.1031701+08:00","@version":"1","message":"Executing prepared SQL statement [SELECT COUNT(*) FROM address WHERE id=? AND user_id=?]","logger_name":"org.springframework.jdbc.core.JdbcTemplate","thread_name":"main","level":"DEBUG","level_value":10000,"traceId":"5ad1f3ab-a3f9-4888-bc6a-2386197cb037","requestId":"5ad1f3ab-a3f9-4888-bc6a-2386197cb037","service":"identity-governance-service","eventId":""}
{"@timestamp":"2026-08-31T21:00:54.1031701+08:00","@version":"1","message":"Executing prepared SQL update","logger_name":"org.springframework.jdbc.core.JdbcTemplate","thread_name":"main","level":"DEBUG","level_value":10000,"traceId":"5ad1f3ab-a3f9-4888-bc6a-2386197cb037","requestId":"5ad1f3ab-a3f9-4888-bc6a-2386197cb037","service":"identity-governance-service","eventId":""}
{"@timestamp":"2026-08-31T21:00:54.1031701+08:00","@version":"1","message":"Executing prepared SQL statement [UPDATE address SET is_default=0 WHERE user_id=?]","logger_name":"org.springframework.jdbc.core.JdbcTemplate","thread_name":"main","level":"DEBUG","level_value":10000,"traceId":"5ad1f3ab-a3f9-4888-bc6a-2386197cb037","requestId":"5ad1f3ab-a3f9-4888-bc6a-2386197cb037","service":"identity-governance-service","eventId":""}
{"@timestamp":"2026-08-31T21:00:54.1041672+08:00","@version":"1","message":"Executing prepared SQL update","logger_name":"org.springframework.jdbc.core.JdbcTemplate","thread_name":"main","level":"DEBUG","level_value":10000,"traceId":"5ad1f3ab-a3f9-4888-bc6a-2386197cb037","requestId":"5ad1f3ab-a3f9-4888-bc6a-2386197cb037","service":"identity-governance-service","eventId":""}
{"@timestamp":"2026-08-31T21:00:54.1041672+08:00","@version":"1","message":"Executing prepared SQL statement [UPDATE address SET receiver_name=?,receiver_phone=?,province=?,city=?,detail_address=?,is_default=?,update_time=CURRENT_TIMESTAMP WHERE id=? AND user_id=?]","logger_name":"org.springframework.jdbc.core.JdbcTemplate","thread_name":"main","level":"DEBUG","level_value":10000,"traceId":"5ad1f3ab-a3f9-4888-bc6a-2386197cb037","requestId":"5ad1f3ab-a3f9-4888-bc6a-2386197cb037","service":"identity-governance-service","eventId":""}
{"@timestamp":"2026-08-31T21:00:54.1051741+08:00","@version":"1","message":"Using 'application/json', given [*/*] and supported [application/json, application/*+json]","logger_name":"org.springframework.web.servlet.mvc.method.annotation.RequestResponseBodyMethodProcessor","thread_name":"main","level":"DEBUG","level_value":10000,"traceId":"5ad1f3ab-a3f9-4888-bc6a-2386197cb037","requestId":"5ad1f3ab-a3f9-4888-bc6a-2386197cb037","service":"identity-governance-service","eventId":""}
{"@timestamp":"2026-08-31T21:00:54.1051741+08:00","@version":"1","message":"Writing [ApiResult[code=0, message=success, data=null]]","logger_name":"org.springframework.web.servlet.mvc.method.annotation.RequestResponseBodyMethodProcessor","thread_name":"main","level":"DEBUG","level_value":10000,"traceId":"5ad1f3ab-a3f9-4888-bc6a-2386197cb037","requestId":"5ad1f3ab-a3f9-4888-bc6a-2386197cb037","service":"identity-governance-service","eventId":""}
{"@timestamp":"2026-08-31T21:00:54.1061745+08:00","@version":"1","message":"Mapped to com.segroup8.identity.controller.UserController#deleteAddress(long)","logger_name":"org.springframework.web.servlet.mvc.method.annotation.RequestMappingHandlerMapping","thread_name":"main","level":"DEBUG","level_value":10000,"service":"identity-governance-service","eventId":""}
{"@timestamp":"2026-08-31T21:00:54.1074853+08:00","@version":"1","message":"Executing prepared SQL query","logger_name":"org.springframework.jdbc.core.JdbcTemplate","thread_name":"main","level":"DEBUG","level_value":10000,"traceId":"7db81d8f-fb33-4598-a8c4-0d9bdc34092c","requestId":"7db81d8f-fb33-4598-a8c4-0d9bdc34092c","service":"identity-governance-service","eventId":""}
{"@timestamp":"2026-08-31T21:00:54.1074853+08:00","@version":"1","message":"Executing prepared SQL statement [SELECT * FROM `user` WHERE id=?]","logger_name":"org.springframework.jdbc.core.JdbcTemplate","thread_name":"main","level":"DEBUG","level_value":10000,"traceId":"7db81d8f-fb33-4598-a8c4-0d9bdc34092c","requestId":"7db81d8f-fb33-4598-a8c4-0d9bdc34092c","service":"identity-governance-service","eventId":""}
{"@timestamp":"2026-08-31T21:00:54.1087623+08:00","@version":"1","message":"Executing prepared SQL update","logger_name":"org.springframework.jdbc.core.JdbcTemplate","thread_name":"main","level":"DEBUG","level_value":10000,"traceId":"7db81d8f-fb33-4598-a8c4-0d9bdc34092c","requestId":"7db81d8f-fb33-4598-a8c4-0d9bdc34092c","service":"identity-governance-service","eventId":""}
{"@timestamp":"2026-08-31T21:00:54.1087623+08:00","@version":"1","message":"Executing prepared SQL statement [DELETE FROM address WHERE id=? AND user_id=?]","logger_name":"org.springframework.jdbc.core.JdbcTemplate","thread_name":"main","level":"DEBUG","level_value":10000,"traceId":"7db81d8f-fb33-4598-a8c4-0d9bdc34092c","requestId":"7db81d8f-fb33-4598-a8c4-0d9bdc34092c","service":"identity-governance-service","eventId":""}
{"@timestamp":"2026-08-31T21:00:54.1097715+08:00","@version":"1","message":"Using 'application/json', given [*/*] and supported [application/json, application/*+json]","logger_name":"org.springframework.web.servlet.mvc.method.annotation.RequestResponseBodyMethodProcessor","thread_name":"main","level":"DEBUG","level_value":10000,"traceId":"7db81d8f-fb33-4598-a8c4-0d9bdc34092c","requestId":"7db81d8f-fb33-4598-a8c4-0d9bdc34092c","service":"identity-governance-service","eventId":""}
{"@timestamp":"2026-08-31T21:00:54.1107725+08:00","@version":"1","message":"Writing [ApiResult[code=0, message=success, data=null]]","logger_name":"org.springframework.web.servlet.mvc.method.annotation.RequestResponseBodyMethodProcessor","thread_name":"main","level":"DEBUG","level_value":10000,"traceId":"7db81d8f-fb33-4598-a8c4-0d9bdc34092c","requestId":"7db81d8f-fb33-4598-a8c4-0d9bdc34092c","service":"identity-governance-service","eventId":""}
]]></system-out>
  </testcase>
  <testcase name="everyMerchantAndUserAdministrationOperationHasASuccessAssertion" classname="com.segroup8.identity.api.PublicApiSuccessCoverageTest" time="0.488">
    <system-out><![CDATA[{"@timestamp":"2026-08-31T21:00:54.1157712+08:00","@version":"1","message":"Executing SQL statement [SET REFERENTIAL_INTEGRITY FALSE]","logger_name":"org.springframework.jdbc.core.JdbcTemplate","thread_name":"main","level":"DEBUG","level_value":10000,"service":"identity-governance-service","eventId":""}
{"@timestamp":"2026-08-31T21:00:54.117241+08:00","@version":"1","message":"Executing SQL statement [TRUNCATE TABLE `outbox_event`]","logger_name":"org.springframework.jdbc.core.JdbcTemplate","thread_name":"main","level":"DEBUG","level_value":10000,"service":"identity-governance-service","eventId":""}
{"@timestamp":"2026-08-31T21:00:54.117241+08:00","@version":"1","message":"Executing SQL statement [TRUNCATE TABLE `idempotency_record`]","logger_name":"org.springframework.jdbc.core.JdbcTemplate","thread_name":"main","level":"DEBUG","level_value":10000,"service":"identity-governance-service","eventId":""}
{"@timestamp":"2026-08-31T21:00:54.1184002+08:00","@version":"1","message":"Executing SQL statement [TRUNCATE TABLE `admin_audit_log`]","logger_name":"org.springframework.jdbc.core.JdbcTemplate","thread_name":"main","level":"DEBUG","level_value":10000,"service":"identity-governance-service","eventId":""}
{"@timestamp":"2026-08-31T21:00:54.1184002+08:00","@version":"1","message":"Executing SQL statement [TRUNCATE TABLE `credit_score_log`]","logger_name":"org.springframework.jdbc.core.JdbcTemplate","thread_name":"main","level":"DEBUG","level_value":10000,"service":"identity-governance-service","eventId":""}
{"@timestamp":"2026-08-31T21:00:54.1184002+08:00","@version":"1","message":"Executing SQL statement [TRUNCATE TABLE `user_block`]","logger_name":"org.springframework.jdbc.core.JdbcTemplate","thread_name":"main","level":"DEBUG","level_value":10000,"service":"identity-governance-service","eventId":""}
{"@timestamp":"2026-08-31T21:00:54.1184002+08:00","@version":"1","message":"Executing SQL statement [TRUNCATE TABLE `user_report`]","logger_name":"org.springframework.jdbc.core.JdbcTemplate","thread_name":"main","level":"DEBUG","level_value":10000,"service":"identity-governance-service","eventId":""}
{"@timestamp":"2026-08-31T21:00:54.1196817+08:00","@version":"1","message":"Executing SQL statement [TRUNCATE TABLE `report`]","logger_name":"org.springframework.jdbc.core.JdbcTemplate","thread_name":"main","level":"DEBUG","level_value":10000,"service":"identity-governance-service","eventId":""}
{"@timestamp":"2026-08-31T21:00:54.1196817+08:00","@version":"1","message":"Executing SQL statement [TRUNCATE TABLE `merchant_application`]","logger_name":"org.springframework.jdbc.core.JdbcTemplate","thread_name":"main","level":"DEBUG","level_value":10000,"service":"identity-governance-service","eventId":""}
{"@timestamp":"2026-08-31T21:00:54.1196817+08:00","@version":"1","message":"Executing SQL statement [TRUNCATE TABLE `address`]","logger_name":"org.springframework.jdbc.core.JdbcTemplate","thread_name":"main","level":"DEBUG","level_value":10000,"service":"identity-governance-service","eventId":""}
{"@timestamp":"2026-08-31T21:00:54.1196817+08:00","@version":"1","message":"Executing SQL statement [TRUNCATE TABLE `user`]","logger_name":"org.springframework.jdbc.core.JdbcTemplate","thread_name":"main","level":"DEBUG","level_value":10000,"service":"identity-governance-service","eventId":""}
{"@timestamp":"2026-08-31T21:00:54.1196817+08:00","@version":"1","message":"Executing SQL statement [SET REFERENTIAL_INTEGRITY TRUE]","logger_name":"org.springframework.jdbc.core.JdbcTemplate","thread_name":"main","level":"DEBUG","level_value":10000,"service":"identity-governance-service","eventId":""}
{"@timestamp":"2026-08-31T21:00:54.1901509+08:00","@version":"1","message":"Executing prepared SQL update","logger_name":"org.springframework.jdbc.core.JdbcTemplate","thread_name":"main","level":"DEBUG","level_value":10000,"service":"identity-governance-service","eventId":""}
{"@timestamp":"2026-08-31T21:00:54.1901509+08:00","@version":"1","message":"Executing prepared SQL statement [INSERT INTO `user`(username,password,nickname,role,status,credit_score,buyer_credit_score,seller_credit_score) VALUES(?,?,?,'ADMIN','NORMAL',100,100,100)]","logger_name":"org.springframework.jdbc.core.JdbcTemplate","thread_name":"main","level":"DEBUG","level_value":10000,"service":"identity-governance-service","eventId":""}
{"@timestamp":"2026-08-31T21:00:54.1921526+08:00","@version":"1","message":"Mapped to com.segroup8.identity.controller.AuthController#register(RegisterRequest)","logger_name":"org.springframework.web.servlet.mvc.method.annotation.RequestMappingHandlerMapping","thread_name":"main","level":"DEBUG","level_value":10000,"service":"identity-governance-service","eventId":""}
{"@timestamp":"2026-08-31T21:00:54.1931573+08:00","@version":"1","message":"Read \"application/json;charset=UTF-8\" to [RegisterRequest[username=approved-merchant, password=User12345, nickname=approved-merchant, phone=nu (truncated)...]","logger_name":"org.springframework.web.servlet.mvc.method.annotation.RequestResponseBodyMethodProcessor","thread_name":"main","level":"DEBUG","level_value":10000,"traceId":"be1a5e74-2151-4575-9966-f9e1634e3ef1","requestId":"be1a5e74-2151-4575-9966-f9e1634e3ef1","service":"identity-governance-service","eventId":""}
{"@timestamp":"2026-08-31T21:00:54.1931573+08:00","@version":"1","message":"Executing prepared SQL query","logger_name":"org.springframework.jdbc.core.JdbcTemplate","thread_name":"main","level":"DEBUG","level_value":10000,"traceId":"be1a5e74-2151-4575-9966-f9e1634e3ef1","requestId":"be1a5e74-2151-4575-9966-f9e1634e3ef1","service":"identity-governance-service","eventId":""}
{"@timestamp":"2026-08-31T21:00:54.1931573+08:00","@version":"1","message":"Executing prepared SQL statement [SELECT * FROM `user` WHERE username=?]","logger_name":"org.springframework.jdbc.core.JdbcTemplate","thread_name":"main","level":"DEBUG","level_value":10000,"traceId":"be1a5e74-2151-4575-9966-f9e1634e3ef1","requestId":"be1a5e74-2151-4575-9966-f9e1634e3ef1","service":"identity-governance-service","eventId":""}
{"@timestamp":"2026-08-31T21:00:54.2607144+08:00","@version":"1","message":"Executing prepared SQL update","logger_name":"org.springframework.jdbc.core.JdbcTemplate","thread_name":"main","level":"DEBUG","level_value":10000,"traceId":"be1a5e74-2151-4575-9966-f9e1634e3ef1","requestId":"be1a5e74-2151-4575-9966-f9e1634e3ef1","service":"identity-governance-service","eventId":""}
{"@timestamp":"2026-08-31T21:00:54.2607144+08:00","@version":"1","message":"Executing prepared SQL statement [INSERT INTO `user`(username,password,nickname,phone,email,role,status,credit_score,buyer_credit_score,seller_credit_score,access_version) VALUES(?,?,?,?,?,'USER','NORMAL',100,100,100,1)]","logger_name":"org.springframework.jdbc.core.JdbcTemplate","thread_name":"main","level":"DEBUG","level_value":10000,"traceId":"be1a5e74-2151-4575-9966-f9e1634e3ef1","requestId":"be1a5e74-2151-4575-9966-f9e1634e3ef1","service":"identity-governance-service","eventId":""}
{"@timestamp":"2026-08-31T21:00:54.2617109+08:00","@version":"1","message":"Using 'application/json', given [*/*] and supported [application/json, application/*+json]","logger_name":"org.springframework.web.servlet.mvc.method.annotation.RequestResponseBodyMethodProcessor","thread_name":"main","level":"DEBUG","level_value":10000,"traceId":"be1a5e74-2151-4575-9966-f9e1634e3ef1","requestId":"be1a5e74-2151-4575-9966-f9e1634e3ef1","service":"identity-governance-service","eventId":""}
{"@timestamp":"2026-08-31T21:00:54.2617109+08:00","@version":"1","message":"Writing [ApiResult[code=0, message=success, data=null]]","logger_name":"org.springframework.web.servlet.mvc.method.annotation.RequestResponseBodyMethodProcessor","thread_name":"main","level":"DEBUG","level_value":10000,"traceId":"be1a5e74-2151-4575-9966-f9e1634e3ef1","requestId":"be1a5e74-2151-4575-9966-f9e1634e3ef1","service":"identity-governance-service","eventId":""}
{"@timestamp":"2026-08-31T21:00:54.2627202+08:00","@version":"1","message":"Mapped to com.segroup8.identity.controller.AuthController#register(RegisterRequest)","logger_name":"org.springframework.web.servlet.mvc.method.annotation.RequestMappingHandlerMapping","thread_name":"main","level":"DEBUG","level_value":10000,"service":"identity-governance-service","eventId":""}
{"@timestamp":"2026-08-31T21:00:54.2637248+08:00","@version":"1","message":"Read \"application/json;charset=UTF-8\" to [RegisterRequest[username=rejected-merchant, password=User12345, nickname=rejected-merchant, phone=nu (truncated)...]","logger_name":"org.springframework.web.servlet.mvc.method.annotation.RequestResponseBodyMethodProcessor","thread_name":"main","level":"DEBUG","level_value":10000,"traceId":"cf550f3c-1771-4ae0-a9ca-1c4c71111842","requestId":"cf550f3c-1771-4ae0-a9ca-1c4c71111842","service":"identity-governance-service","eventId":""}
{"@timestamp":"2026-08-31T21:00:54.2637248+08:00","@version":"1","message":"Executing prepared SQL query","logger_name":"org.springframework.jdbc.core.JdbcTemplate","thread_name":"main","level":"DEBUG","level_value":10000,"traceId":"cf550f3c-1771-4ae0-a9ca-1c4c71111842","requestId":"cf550f3c-1771-4ae0-a9ca-1c4c71111842","service":"identity-governance-service","eventId":""}
{"@timestamp":"2026-08-31T21:00:54.2637248+08:00","@version":"1","message":"Executing prepared SQL statement [SELECT * FROM `user` WHERE username=?]","logger_name":"org.springframework.jdbc.core.JdbcTemplate","thread_name":"main","level":"DEBUG","level_value":10000,"traceId":"cf550f3c-1771-4ae0-a9ca-1c4c71111842","requestId":"cf550f3c-1771-4ae0-a9ca-1c4c71111842","service":"identity-governance-service","eventId":""}
{"@timestamp":"2026-08-31T21:00:54.3268911+08:00","@version":"1","message":"Executing prepared SQL update","logger_name":"org.springframework.jdbc.core.JdbcTemplate","thread_name":"main","level":"DEBUG","level_value":10000,"traceId":"cf550f3c-1771-4ae0-a9ca-1c4c71111842","requestId":"cf550f3c-1771-4ae0-a9ca-1c4c71111842","service":"identity-governance-service","eventId":""}
{"@timestamp":"2026-08-31T21:00:54.3268911+08:00","@version":"1","message":"Executing prepared SQL statement [INSERT INTO `user`(username,password,nickname,phone,email,role,status,credit_score,buyer_credit_score,seller_credit_score,access_version) VALUES(?,?,?,?,?,'USER','NORMAL',100,100,100,1)]","logger_name":"org.springframework.jdbc.core.JdbcTemplate","thread_name":"main","level":"DEBUG","level_value":10000,"traceId":"cf550f3c-1771-4ae0-a9ca-1c4c71111842","requestId":"cf550f3c-1771-4ae0-a9ca-1c4c71111842","service":"identity-governance-service","eventId":""}
{"@timestamp":"2026-08-31T21:00:54.3278894+08:00","@version":"1","message":"Using 'application/json', given [*/*] and supported [application/json, application/*+json]","logger_name":"org.springframework.web.servlet.mvc.method.annotation.RequestResponseBodyMethodProcessor","thread_name":"main","level":"DEBUG","level_value":10000,"traceId":"cf550f3c-1771-4ae0-a9ca-1c4c71111842","requestId":"cf550f3c-1771-4ae0-a9ca-1c4c71111842","service":"identity-governance-service","eventId":""}
{"@timestamp":"2026-08-31T21:00:54.3278894+08:00","@version":"1","message":"Writing [ApiResult[code=0, message=success, data=null]]","logger_name":"org.springframework.web.servlet.mvc.method.annotation.RequestResponseBodyMethodProcessor","thread_name":"main","level":"DEBUG","level_value":10000,"traceId":"cf550f3c-1771-4ae0-a9ca-1c4c71111842","requestId":"cf550f3c-1771-4ae0-a9ca-1c4c71111842","service":"identity-governance-service","eventId":""}
{"@timestamp":"2026-08-31T21:00:54.328894+08:00","@version":"1","message":"Mapped to com.segroup8.identity.controller.AuthController#login(LoginRequest)","logger_name":"org.springframework.web.servlet.mvc.method.annotation.RequestMappingHandlerMapping","thread_name":"main","level":"DEBUG","level_value":10000,"service":"identity-governance-service","eventId":""}
{"@timestamp":"2026-08-31T21:00:54.329893+08:00","@version":"1","message":"Read \"application/json;charset=UTF-8\" to [LoginRequest[username=approved-merchant, password=User12345]]","logger_name":"org.springframework.web.servlet.mvc.method.annotation.RequestResponseBodyMethodProcessor","thread_name":"main","level":"DEBUG","level_value":10000,"traceId":"60f57739-e59b-4949-a898-6a9c3b0a53b1","requestId":"60f57739-e59b-4949-a898-6a9c3b0a53b1","service":"identity-governance-service","eventId":""}
{"@timestamp":"2026-08-31T21:00:54.329893+08:00","@version":"1","message":"Executing prepared SQL query","logger_name":"org.springframework.jdbc.core.JdbcTemplate","thread_name":"main","level":"DEBUG","level_value":10000,"traceId":"60f57739-e59b-4949-a898-6a9c3b0a53b1","requestId":"60f57739-e59b-4949-a898-6a9c3b0a53b1","service":"identity-governance-service","eventId":""}
{"@timestamp":"2026-08-31T21:00:54.329893+08:00","@version":"1","message":"Executing prepared SQL statement [SELECT * FROM `user` WHERE username=?]","logger_name":"org.springframework.jdbc.core.JdbcTemplate","thread_name":"main","level":"DEBUG","level_value":10000,"traceId":"60f57739-e59b-4949-a898-6a9c3b0a53b1","requestId":"60f57739-e59b-4949-a898-6a9c3b0a53b1","service":"identity-governance-service","eventId":""}
{"@timestamp":"2026-08-31T21:00:54.3952785+08:00","@version":"1","message":"Using 'application/json', given [*/*] and supported [application/json, application/*+json]","logger_name":"org.springframework.web.servlet.mvc.method.annotation.RequestResponseBodyMethodProcessor","thread_name":"main","level":"DEBUG","level_value":10000,"traceId":"60f57739-e59b-4949-a898-6a9c3b0a53b1","requestId":"60f57739-e59b-4949-a898-6a9c3b0a53b1","service":"identity-governance-service","eventId":""}
{"@timestamp":"2026-08-31T21:00:54.3952785+08:00","@version":"1","message":"Writing [ApiResult[code=0, message=success, data={token=eyJhbGciOiJIUzI1NiJ9.eyJ1aWQiOjIsInVzZXJuYW1lIjoiYXBw (truncated)...]","logger_name":"org.springframework.web.servlet.mvc.method.annotation.RequestResponseBodyMethodProcessor","thread_name":"main","level":"DEBUG","level_value":10000,"traceId":"60f57739-e59b-4949-a898-6a9c3b0a53b1","requestId":"60f57739-e59b-4949-a898-6a9c3b0a53b1","service":"identity-governance-service","eventId":""}
{"@timestamp":"2026-08-31T21:00:54.3972789+08:00","@version":"1","message":"Mapped to com.segroup8.identity.controller.AuthController#login(LoginRequest)","logger_name":"org.springframework.web.servlet.mvc.method.annotation.RequestMappingHandlerMapping","thread_name":"main","level":"DEBUG","level_value":10000,"service":"identity-governance-service","eventId":""}
{"@timestamp":"2026-08-31T21:00:54.3982455+08:00","@version":"1","message":"Read \"application/json;charset=UTF-8\" to [LoginRequest[username=rejected-merchant, password=User12345]]","logger_name":"org.springframework.web.servlet.mvc.method.annotation.RequestResponseBodyMethodProcessor","thread_name":"main","level":"DEBUG","level_value":10000,"traceId":"f332c2d0-b1a9-4282-96ed-ffecb552bd5d","requestId":"f332c2d0-b1a9-4282-96ed-ffecb552bd5d","service":"identity-governance-service","eventId":""}
{"@timestamp":"2026-08-31T21:00:54.3982455+08:00","@version":"1","message":"Executing prepared SQL query","logger_name":"org.springframework.jdbc.core.JdbcTemplate","thread_name":"main","level":"DEBUG","level_value":10000,"traceId":"f332c2d0-b1a9-4282-96ed-ffecb552bd5d","requestId":"f332c2d0-b1a9-4282-96ed-ffecb552bd5d","service":"identity-governance-service","eventId":""}
{"@timestamp":"2026-08-31T21:00:54.3982455+08:00","@version":"1","message":"Executing prepared SQL statement [SELECT * FROM `user` WHERE username=?]","logger_name":"org.springframework.jdbc.core.JdbcTemplate","thread_name":"main","level":"DEBUG","level_value":10000,"traceId":"f332c2d0-b1a9-4282-96ed-ffecb552bd5d","requestId":"f332c2d0-b1a9-4282-96ed-ffecb552bd5d","service":"identity-governance-service","eventId":""}
{"@timestamp":"2026-08-31T21:00:54.4671328+08:00","@version":"1","message":"Using 'application/json', given [*/*] and supported [application/json, application/*+json]","logger_name":"org.springframework.web.servlet.mvc.method.annotation.RequestResponseBodyMethodProcessor","thread_name":"main","level":"DEBUG","level_value":10000,"traceId":"f332c2d0-b1a9-4282-96ed-ffecb552bd5d","requestId":"f332c2d0-b1a9-4282-96ed-ffecb552bd5d","service":"identity-governance-service","eventId":""}
{"@timestamp":"2026-08-31T21:00:54.4671328+08:00","@version":"1","message":"Writing [ApiResult[code=0, message=success, data={token=eyJhbGciOiJIUzI1NiJ9.eyJ1aWQiOjMsInVzZXJuYW1lIjoicmVq (truncated)...]","logger_name":"org.springframework.web.servlet.mvc.method.annotation.RequestResponseBodyMethodProcessor","thread_name":"main","level":"DEBUG","level_value":10000,"traceId":"f332c2d0-b1a9-4282-96ed-ffecb552bd5d","requestId":"f332c2d0-b1a9-4282-96ed-ffecb552bd5d","service":"identity-governance-service","eventId":""}
{"@timestamp":"2026-08-31T21:00:54.4681421+08:00","@version":"1","message":"Mapped to com.segroup8.identity.controller.AuthController#login(LoginRequest)","logger_name":"org.springframework.web.servlet.mvc.method.annotation.RequestMappingHandlerMapping","thread_name":"main","level":"DEBUG","level_value":10000,"service":"identity-governance-service","eventId":""}
{"@timestamp":"2026-08-31T21:00:54.469246+08:00","@version":"1","message":"Read \"application/json;charset=UTF-8\" to [LoginRequest[username=admin, password=admin123]]","logger_name":"org.springframework.web.servlet.mvc.method.annotation.RequestResponseBodyMethodProcessor","thread_name":"main","level":"DEBUG","level_value":10000,"traceId":"796600f9-6fc5-46f6-a0b7-06030df2b202","requestId":"796600f9-6fc5-46f6-a0b7-06030df2b202","service":"identity-governance-service","eventId":""}
{"@timestamp":"2026-08-31T21:00:54.469246+08:00","@version":"1","message":"Executing prepared SQL query","logger_name":"org.springframework.jdbc.core.JdbcTemplate","thread_name":"main","level":"DEBUG","level_value":10000,"traceId":"796600f9-6fc5-46f6-a0b7-06030df2b202","requestId":"796600f9-6fc5-46f6-a0b7-06030df2b202","service":"identity-governance-service","eventId":""}
{"@timestamp":"2026-08-31T21:00:54.469246+08:00","@version":"1","message":"Executing prepared SQL statement [SELECT * FROM `user` WHERE username=?]","logger_name":"org.springframework.jdbc.core.JdbcTemplate","thread_name":"main","level":"DEBUG","level_value":10000,"traceId":"796600f9-6fc5-46f6-a0b7-06030df2b202","requestId":"796600f9-6fc5-46f6-a0b7-06030df2b202","service":"identity-governance-service","eventId":""}
{"@timestamp":"2026-08-31T21:00:54.5369591+08:00","@version":"1","message":"Using 'application/json', given [*/*] and supported [application/json, application/*+json]","logger_name":"org.springframework.web.servlet.mvc.method.annotation.RequestResponseBodyMethodProcessor","thread_name":"main","level":"DEBUG","level_value":10000,"traceId":"796600f9-6fc5-46f6-a0b7-06030df2b202","requestId":"796600f9-6fc5-46f6-a0b7-06030df2b202","service":"identity-governance-service","eventId":""}
{"@timestamp":"2026-08-31T21:00:54.5369591+08:00","@version":"1","message":"Writing [ApiResult[code=0, message=success, data={token=eyJhbGciOiJIUzI1NiJ9.eyJ1aWQiOjEsInVzZXJuYW1lIjoiYWRt (truncated)...]","logger_name":"org.springframework.web.servlet.mvc.method.annotation.RequestResponseBodyMethodProcessor","thread_name":"main","level":"DEBUG","level_value":10000,"traceId":"796600f9-6fc5-46f6-a0b7-06030df2b202","requestId":"796600f9-6fc5-46f6-a0b7-06030df2b202","service":"identity-governance-service","eventId":""}
{"@timestamp":"2026-08-31T21:00:54.53796+08:00","@version":"1","message":"Mapped to com.segroup8.identity.controller.UserController#submitMerchant(Map)","logger_name":"org.springframework.web.servlet.mvc.method.annotation.RequestMappingHandlerMapping","thread_name":"main","level":"DEBUG","level_value":10000,"service":"identity-governance-service","eventId":""}
{"@timestamp":"2026-08-31T21:00:54.5389675+08:00","@version":"1","message":"Executing prepared SQL query","logger_name":"org.springframework.jdbc.core.JdbcTemplate","thread_name":"main","level":"DEBUG","level_value":10000,"traceId":"3f8e8bbd-12f0-4fb5-bc8f-f9cb75b21090","requestId":"3f8e8bbd-12f0-4fb5-bc8f-f9cb75b21090","service":"identity-governance-service","eventId":""}
{"@timestamp":"2026-08-31T21:00:54.5389675+08:00","@version":"1","message":"Executing prepared SQL statement [SELECT * FROM `user` WHERE id=?]","logger_name":"org.springframework.jdbc.core.JdbcTemplate","thread_name":"main","level":"DEBUG","level_value":10000,"traceId":"3f8e8bbd-12f0-4fb5-bc8f-f9cb75b21090","requestId":"3f8e8bbd-12f0-4fb5-bc8f-f9cb75b21090","service":"identity-governance-service","eventId":""}
{"@timestamp":"2026-08-31T21:00:54.5399612+08:00","@version":"1","message":"Read \"application/json;charset=UTF-8\" to [{contactPhone=13800138000, bankCardNo=6222021234567890123, licenseImg=/license.png, warehouseCity=Sh (truncated)...]","logger_name":"org.springframework.web.servlet.mvc.method.annotation.RequestResponseBodyMethodProcessor","thread_name":"main","level":"DEBUG","level_value":10000,"traceId":"3f8e8bbd-12f0-4fb5-bc8f-f9cb75b21090","requestId":"3f8e8bbd-12f0-4fb5-bc8f-f9cb75b21090","service":"identity-governance-service","eventId":""}
{"@timestamp":"2026-08-31T21:00:54.5399612+08:00","@version":"1","message":"Executing prepared SQL query","logger_name":"org.springframework.jdbc.core.JdbcTemplate","thread_name":"main","level":"DEBUG","level_value":10000,"traceId":"3f8e8bbd-12f0-4fb5-bc8f-f9cb75b21090","requestId":"3f8e8bbd-12f0-4fb5-bc8f-f9cb75b21090","service":"identity-governance-service","eventId":""}
{"@timestamp":"2026-08-31T21:00:54.5399612+08:00","@version":"1","message":"Executing prepared SQL statement [SELECT COUNT(*) FROM merchant_application WHERE user_id=? AND status IN (0,1)]","logger_name":"org.springframework.jdbc.core.JdbcTemplate","thread_name":"main","level":"DEBUG","level_value":10000,"traceId":"3f8e8bbd-12f0-4fb5-bc8f-f9cb75b21090","requestId":"3f8e8bbd-12f0-4fb5-bc8f-f9cb75b21090","service":"identity-governance-service","eventId":""}
{"@timestamp":"2026-08-31T21:00:54.5411667+08:00","@version":"1","message":"Executing prepared SQL update","logger_name":"org.springframework.jdbc.core.JdbcTemplate","thread_name":"main","level":"DEBUG","level_value":10000,"traceId":"3f8e8bbd-12f0-4fb5-bc8f-f9cb75b21090","requestId":"3f8e8bbd-12f0-4fb5-bc8f-f9cb75b21090","service":"identity-governance-service","eventId":""}
{"@timestamp":"2026-08-31T21:00:54.5411667+08:00","@version":"1","message":"Executing prepared SQL statement [INSERT INTO merchant_application(user_id,store_name,category_id,id_card_no,bank_card_no,license_img,warehouse_addr,warehouse_province,warehouse_city,warehouse_detail,contact_name,contact_phone,status) VALUES(?,?,?,?,?,?,?,?,?,?,?,?,0)]","logger_name":"org.springframework.jdbc.core.JdbcTemplate","thread_name":"main","level":"DEBUG","level_value":10000,"traceId":"3f8e8bbd-12f0-4fb5-bc8f-f9cb75b21090","requestId":"3f8e8bbd-12f0-4fb5-bc8f-f9cb75b21090","service":"identity-governance-service","eventId":""}
{"@timestamp":"2026-08-31T21:00:54.5421841+08:00","@version":"1","message":"Using 'application/json', given [*/*] and supported [application/json, application/*+json]","logger_name":"org.springframework.web.servlet.mvc.method.annotation.RequestResponseBodyMethodProcessor","thread_name":"main","level":"DEBUG","level_value":10000,"traceId":"3f8e8bbd-12f0-4fb5-bc8f-f9cb75b21090","requestId":"3f8e8bbd-12f0-4fb5-bc8f-f9cb75b21090","service":"identity-governance-service","eventId":""}
{"@timestamp":"2026-08-31T21:00:54.5421841+08:00","@version":"1","message":"Writing [ApiResult[code=0, message=success, data=null]]","logger_name":"org.springframework.web.servlet.mvc.method.annotation.RequestResponseBodyMethodProcessor","thread_name":"main","level":"DEBUG","level_value":10000,"traceId":"3f8e8bbd-12f0-4fb5-bc8f-f9cb75b21090","requestId":"3f8e8bbd-12f0-4fb5-bc8f-f9cb75b21090","service":"identity-governance-service","eventId":""}
{"@timestamp":"2026-08-31T21:00:54.5431817+08:00","@version":"1","message":"Mapped to com.segroup8.identity.controller.UserController#submitMerchant(Map)","logger_name":"org.springframework.web.servlet.mvc.method.annotation.RequestMappingHandlerMapping","thread_name":"main","level":"DEBUG","level_value":10000,"service":"identity-governance-service","eventId":""}
{"@timestamp":"2026-08-31T21:00:54.5441755+08:00","@version":"1","message":"Executing prepared SQL query","logger_name":"org.springframework.jdbc.core.JdbcTemplate","thread_name":"main","level":"DEBUG","level_value":10000,"traceId":"d1dddb2b-0c1e-4a9b-b9d4-03593ceae4b0","requestId":"d1dddb2b-0c1e-4a9b-b9d4-03593ceae4b0","service":"identity-governance-service","eventId":""}
{"@timestamp":"2026-08-31T21:00:54.5441755+08:00","@version":"1","message":"Executing prepared SQL statement [SELECT * FROM `user` WHERE id=?]","logger_name":"org.springframework.jdbc.core.JdbcTemplate","thread_name":"main","level":"DEBUG","level_value":10000,"traceId":"d1dddb2b-0c1e-4a9b-b9d4-03593ceae4b0","requestId":"d1dddb2b-0c1e-4a9b-b9d4-03593ceae4b0","service":"identity-governance-service","eventId":""}
{"@timestamp":"2026-08-31T21:00:54.5441755+08:00","@version":"1","message":"Read \"application/json;charset=UTF-8\" to [{contactPhone=13800138000, bankCardNo=6222021234567890123, licenseImg=/license.png, warehouseCity=Sh (truncated)...]","logger_name":"org.springframework.web.servlet.mvc.method.annotation.RequestResponseBodyMethodProcessor","thread_name":"main","level":"DEBUG","level_value":10000,"traceId":"d1dddb2b-0c1e-4a9b-b9d4-03593ceae4b0","requestId":"d1dddb2b-0c1e-4a9b-b9d4-03593ceae4b0","service":"identity-governance-service","eventId":""}
{"@timestamp":"2026-08-31T21:00:54.5451828+08:00","@version":"1","message":"Executing prepared SQL query","logger_name":"org.springframework.jdbc.core.JdbcTemplate","thread_name":"main","level":"DEBUG","level_value":10000,"traceId":"d1dddb2b-0c1e-4a9b-b9d4-03593ceae4b0","requestId":"d1dddb2b-0c1e-4a9b-b9d4-03593ceae4b0","service":"identity-governance-service","eventId":""}
{"@timestamp":"2026-08-31T21:00:54.5451828+08:00","@version":"1","message":"Executing prepared SQL statement [SELECT COUNT(*) FROM merchant_application WHERE user_id=? AND status IN (0,1)]","logger_name":"org.springframework.jdbc.core.JdbcTemplate","thread_name":"main","level":"DEBUG","level_value":10000,"traceId":"d1dddb2b-0c1e-4a9b-b9d4-03593ceae4b0","requestId":"d1dddb2b-0c1e-4a9b-b9d4-03593ceae4b0","service":"identity-governance-service","eventId":""}
{"@timestamp":"2026-08-31T21:00:54.5451828+08:00","@version":"1","message":"Executing prepared SQL update","logger_name":"org.springframework.jdbc.core.JdbcTemplate","thread_name":"main","level":"DEBUG","level_value":10000,"traceId":"d1dddb2b-0c1e-4a9b-b9d4-03593ceae4b0","requestId":"d1dddb2b-0c1e-4a9b-b9d4-03593ceae4b0","service":"identity-governance-service","eventId":""}
{"@timestamp":"2026-08-31T21:00:54.5451828+08:00","@version":"1","message":"Executing prepared SQL statement [INSERT INTO merchant_application(user_id,store_name,category_id,id_card_no,bank_card_no,license_img,warehouse_addr,warehouse_province,warehouse_city,warehouse_detail,contact_name,contact_phone,status) VALUES(?,?,?,?,?,?,?,?,?,?,?,?,0)]","logger_name":"org.springframework.jdbc.core.JdbcTemplate","thread_name":"main","level":"DEBUG","level_value":10000,"traceId":"d1dddb2b-0c1e-4a9b-b9d4-03593ceae4b0","requestId":"d1dddb2b-0c1e-4a9b-b9d4-03593ceae4b0","service":"identity-governance-service","eventId":""}
{"@timestamp":"2026-08-31T21:00:54.5461767+08:00","@version":"1","message":"Using 'application/json', given [*/*] and supported [application/json, application/*+json]","logger_name":"org.springframework.web.servlet.mvc.method.annotation.RequestResponseBodyMethodProcessor","thread_name":"main","level":"DEBUG","level_value":10000,"traceId":"d1dddb2b-0c1e-4a9b-b9d4-03593ceae4b0","requestId":"d1dddb2b-0c1e-4a9b-b9d4-03593ceae4b0","service":"identity-governance-service","eventId":""}
{"@timestamp":"2026-08-31T21:00:54.5471812+08:00","@version":"1","message":"Writing [ApiResult[code=0, message=success, data=null]]","logger_name":"org.springframework.web.servlet.mvc.method.annotation.RequestResponseBodyMethodProcessor","thread_name":"main","level":"DEBUG","level_value":10000,"traceId":"d1dddb2b-0c1e-4a9b-b9d4-03593ceae4b0","requestId":"d1dddb2b-0c1e-4a9b-b9d4-03593ceae4b0","service":"identity-governance-service","eventId":""}
{"@timestamp":"2026-08-31T21:00:54.5481802+08:00","@version":"1","message":"Mapped to com.segroup8.identity.controller.UserController#myMerchant()","logger_name":"org.springframework.web.servlet.mvc.method.annotation.RequestMappingHandlerMapping","thread_name":"main","level":"DEBUG","level_value":10000,"service":"identity-governance-service","eventId":""}
{"@timestamp":"2026-08-31T21:00:54.5491925+08:00","@version":"1","message":"Executing prepared SQL query","logger_name":"org.springframework.jdbc.core.JdbcTemplate","thread_name":"main","level":"DEBUG","level_value":10000,"traceId":"473a1acd-185c-4708-8a3a-e7c86fa469cf","requestId":"473a1acd-185c-4708-8a3a-e7c86fa469cf","service":"identity-governance-service","eventId":""}
{"@timestamp":"2026-08-31T21:00:54.5491925+08:00","@version":"1","message":"Executing prepared SQL statement [SELECT * FROM `user` WHERE id=?]","logger_name":"org.springframework.jdbc.core.JdbcTemplate","thread_name":"main","level":"DEBUG","level_value":10000,"traceId":"473a1acd-185c-4708-8a3a-e7c86fa469cf","requestId":"473a1acd-185c-4708-8a3a-e7c86fa469cf","service":"identity-governance-service","eventId":""}
{"@timestamp":"2026-08-31T21:00:54.5491925+08:00","@version":"1","message":"Executing prepared SQL query","logger_name":"org.springframework.jdbc.core.JdbcTemplate","thread_name":"main","level":"DEBUG","level_value":10000,"traceId":"473a1acd-185c-4708-8a3a-e7c86fa469cf","requestId":"473a1acd-185c-4708-8a3a-e7c86fa469cf","service":"identity-governance-service","eventId":""}
{"@timestamp":"2026-08-31T21:00:54.5491925+08:00","@version":"1","message":"Executing prepared SQL statement [SELECT * FROM merchant_application WHERE user_id=? ORDER BY id DESC LIMIT 1]","logger_name":"org.springframework.jdbc.core.JdbcTemplate","thread_name":"main","level":"DEBUG","level_value":10000,"traceId":"473a1acd-185c-4708-8a3a-e7c86fa469cf","requestId":"473a1acd-185c-4708-8a3a-e7c86fa469cf","service":"identity-governance-service","eventId":""}
{"@timestamp":"2026-08-31T21:00:54.5501854+08:00","@version":"1","message":"Using 'application/json', given [*/*] and supported [application/json, application/*+json]","logger_name":"org.springframework.web.servlet.mvc.method.annotation.RequestResponseBodyMethodProcessor","thread_name":"main","level":"DEBUG","level_value":10000,"traceId":"473a1acd-185c-4708-8a3a-e7c86fa469cf","requestId":"473a1acd-185c-4708-8a3a-e7c86fa469cf","service":"identity-governance-service","eventId":""}
{"@timestamp":"2026-08-31T21:00:54.5501854+08:00","@version":"1","message":"Writing [ApiResult[code=0, message=success, data={id=1, userId=2, storeName=Approved Shop, categoryId=1, idCa (truncated)...]","logger_name":"org.springframework.web.servlet.mvc.method.annotation.RequestResponseBodyMethodProcessor","thread_name":"main","level":"DEBUG","level_value":10000,"traceId":"473a1acd-185c-4708-8a3a-e7c86fa469cf","requestId":"473a1acd-185c-4708-8a3a-e7c86fa469cf","service":"identity-governance-service","eventId":""}
{"@timestamp":"2026-08-31T21:00:54.5513793+08:00","@version":"1","message":"Mapped to com.segroup8.identity.controller.AdminController#merchantApplications(Integer, int, int)","logger_name":"org.springframework.web.servlet.mvc.method.annotation.RequestMappingHandlerMapping","thread_name":"main","level":"DEBUG","level_value":10000,"service":"identity-governance-service","eventId":""}
{"@timestamp":"2026-08-31T21:00:54.5528396+08:00","@version":"1","message":"Executing prepared SQL query","logger_name":"org.springframework.jdbc.core.JdbcTemplate","thread_name":"main","level":"DEBUG","level_value":10000,"traceId":"94b37e3e-efdc-434a-9415-228ceb81bf6c","requestId":"94b37e3e-efdc-434a-9415-228ceb81bf6c","service":"identity-governance-service","eventId":""}
{"@timestamp":"2026-08-31T21:00:54.5528396+08:00","@version":"1","message":"Executing prepared SQL statement [SELECT * FROM `user` WHERE id=?]","logger_name":"org.springframework.jdbc.core.JdbcTemplate","thread_name":"main","level":"DEBUG","level_value":10000,"traceId":"94b37e3e-efdc-434a-9415-228ceb81bf6c","requestId":"94b37e3e-efdc-434a-9415-228ceb81bf6c","service":"identity-governance-service","eventId":""}
{"@timestamp":"2026-08-31T21:00:54.5542524+08:00","@version":"1","message":"Executing prepared SQL query","logger_name":"org.springframework.jdbc.core.JdbcTemplate","thread_name":"main","level":"DEBUG","level_value":10000,"traceId":"94b37e3e-efdc-434a-9415-228ceb81bf6c","requestId":"94b37e3e-efdc-434a-9415-228ceb81bf6c","service":"identity-governance-service","eventId":""}
{"@timestamp":"2026-08-31T21:00:54.555262+08:00","@version":"1","message":"Executing prepared SQL statement [SELECT COUNT(*) FROM merchant_application]","logger_name":"org.springframework.jdbc.core.JdbcTemplate","thread_name":"main","level":"DEBUG","level_value":10000,"traceId":"94b37e3e-efdc-434a-9415-228ceb81bf6c","requestId":"94b37e3e-efdc-434a-9415-228ceb81bf6c","service":"identity-governance-service","eventId":""}
{"@timestamp":"2026-08-31T21:00:54.555262+08:00","@version":"1","message":"Executing prepared SQL query","logger_name":"org.springframework.jdbc.core.JdbcTemplate","thread_name":"main","level":"DEBUG","level_value":10000,"traceId":"94b37e3e-efdc-434a-9415-228ceb81bf6c","requestId":"94b37e3e-efdc-434a-9415-228ceb81bf6c","service":"identity-governance-service","eventId":""}
{"@timestamp":"2026-08-31T21:00:54.555262+08:00","@version":"1","message":"Executing prepared SQL statement [SELECT * FROM merchant_application ORDER BY id DESC LIMIT ? OFFSET ?]","logger_name":"org.springframework.jdbc.core.JdbcTemplate","thread_name":"main","level":"DEBUG","level_value":10000,"traceId":"94b37e3e-efdc-434a-9415-228ceb81bf6c","requestId":"94b37e3e-efdc-434a-9415-228ceb81bf6c","service":"identity-governance-service","eventId":""}
{"@timestamp":"2026-08-31T21:00:54.5566987+08:00","@version":"1","message":"Using 'application/json', given [*/*] and supported [application/json, application/*+json]","logger_name":"org.springframework.web.servlet.mvc.method.annotation.RequestResponseBodyMethodProcessor","thread_name":"main","level":"DEBUG","level_value":10000,"traceId":"94b37e3e-efdc-434a-9415-228ceb81bf6c","requestId":"94b37e3e-efdc-434a-9415-228ceb81bf6c","service":"identity-governance-service","eventId":""}
{"@timestamp":"2026-08-31T21:00:54.5566987+08:00","@version":"1","message":"Writing [ApiResult[code=0, message=success, data={total=2, pageNum=1, pageSize=10, records=[{id=2, userId=3,  (truncated)...]","logger_name":"org.springframework.web.servlet.mvc.method.annotation.RequestResponseBodyMethodProcessor","thread_name":"main","level":"DEBUG","level_value":10000,"traceId":"94b37e3e-efdc-434a-9415-228ceb81bf6c","requestId":"94b37e3e-efdc-434a-9415-228ceb81bf6c","service":"identity-governance-service","eventId":""}
{"@timestamp":"2026-08-31T21:00:54.5587073+08:00","@version":"1","message":"Executing prepared SQL query","logger_name":"org.springframework.jdbc.core.JdbcTemplate","thread_name":"main","level":"DEBUG","level_value":10000,"service":"identity-governance-service","eventId":""}
{"@timestamp":"2026-08-31T21:00:54.5587073+08:00","@version":"1","message":"Executing prepared SQL statement [SELECT id FROM merchant_application WHERE user_id=?]","logger_name":"org.springframework.jdbc.core.JdbcTemplate","thread_name":"main","level":"DEBUG","level_value":10000,"service":"identity-governance-service","eventId":""}
{"@timestamp":"2026-08-31T21:00:54.5601491+08:00","@version":"1","message":"Executing prepared SQL query","logger_name":"org.springframework.jdbc.core.JdbcTemplate","thread_name":"main","level":"DEBUG","level_value":10000,"service":"identity-governance-service","eventId":""}
{"@timestamp":"2026-08-31T21:00:54.5601491+08:00","@version":"1","message":"Executing prepared SQL statement [SELECT id FROM merchant_application WHERE user_id=?]","logger_name":"org.springframework.jdbc.core.JdbcTemplate","thread_name":"main","level":"DEBUG","level_value":10000,"service":"identity-governance-service","eventId":""}
[...]
{"@timestamp":"2026-08-31T21:00:55.0978544+08:00","@version":"1","message":"Mapped to com.segroup8.identity.controller.GovernanceController#credit(long)","logger_name":"org.springframework.web.servlet.mvc.method.annotation.RequestMappingHandlerMapping","thread_name":"main","level":"DEBUG","level_value":10000,"service":"identity-governance-service","eventId":""}
{"@timestamp":"2026-08-31T21:00:55.0988528+08:00","@version":"1","message":"Executing prepared SQL query","logger_name":"org.springframework.jdbc.core.JdbcTemplate","thread_name":"main","level":"DEBUG","level_value":10000,"traceId":"42aa5abb-1443-470a-be3e-56f59e0dc43e","requestId":"42aa5abb-1443-470a-be3e-56f59e0dc43e","service":"identity-governance-service","eventId":""}
{"@timestamp":"2026-08-31T21:00:55.0988528+08:00","@version":"1","message":"Executing prepared SQL statement [SELECT * FROM `user` WHERE id=?]","logger_name":"org.springframework.jdbc.core.JdbcTemplate","thread_name":"main","level":"DEBUG","level_value":10000,"traceId":"42aa5abb-1443-470a-be3e-56f59e0dc43e","requestId":"42aa5abb-1443-470a-be3e-56f59e0dc43e","service":"identity-governance-service","eventId":""}
{"@timestamp":"2026-08-31T21:00:55.0988528+08:00","@version":"1","message":"Executing prepared SQL query","logger_name":"org.springframework.jdbc.core.JdbcTemplate","thread_name":"main","level":"DEBUG","level_value":10000,"traceId":"42aa5abb-1443-470a-be3e-56f59e0dc43e","requestId":"42aa5abb-1443-470a-be3e-56f59e0dc43e","service":"identity-governance-service","eventId":""}
{"@timestamp":"2026-08-31T21:00:55.0988528+08:00","@version":"1","message":"Executing prepared SQL statement [SELECT * FROM `user` WHERE id=?]","logger_name":"org.springframework.jdbc.core.JdbcTemplate","thread_name":"main","level":"DEBUG","level_value":10000,"traceId":"42aa5abb-1443-470a-be3e-56f59e0dc43e","requestId":"42aa5abb-1443-470a-be3e-56f59e0dc43e","service":"identity-governance-service","eventId":""}
{"@timestamp":"2026-08-31T21:00:55.0988528+08:00","@version":"1","message":"Executing prepared SQL query","logger_name":"org.springframework.jdbc.core.JdbcTemplate","thread_name":"main","level":"DEBUG","level_value":10000,"traceId":"42aa5abb-1443-470a-be3e-56f59e0dc43e","requestId":"42aa5abb-1443-470a-be3e-56f59e0dc43e","service":"identity-governance-service","eventId":""}
{"@timestamp":"2026-08-31T21:00:55.0988528+08:00","@version":"1","message":"Executing prepared SQL statement [SELECT * FROM credit_score_log WHERE user_id=? ORDER BY id DESC]","logger_name":"org.springframework.jdbc.core.JdbcTemplate","thread_name":"main","level":"DEBUG","level_value":10000,"traceId":"42aa5abb-1443-470a-be3e-56f59e0dc43e","requestId":"42aa5abb-1443-470a-be3e-56f59e0dc43e","service":"identity-governance-service","eventId":""}
{"@timestamp":"2026-08-31T21:00:55.0998543+08:00","@version":"1","message":"Using 'application/json', given [*/*] and supported [application/json, application/*+json]","logger_name":"org.springframework.web.servlet.mvc.method.annotation.RequestResponseBodyMethodProcessor","thread_name":"main","level":"DEBUG","level_value":10000,"traceId":"42aa5abb-1443-470a-be3e-56f59e0dc43e","requestId":"42aa5abb-1443-470a-be3e-56f59e0dc43e","service":"identity-governance-service","eventId":""}
{"@timestamp":"2026-08-31T21:00:55.0998543+08:00","@version":"1","message":"Writing [ApiResult[code=0, message=success, data={userId=3, buyerScore=100, sellerScore=100, logs=[]}]]","logger_name":"org.springframework.web.servlet.mvc.method.annotation.RequestResponseBodyMethodProcessor","thread_name":"main","level":"DEBUG","level_value":10000,"traceId":"42aa5abb-1443-470a-be3e-56f59e0dc43e","requestId":"42aa5abb-1443-470a-be3e-56f59e0dc43e","service":"identity-governance-service","eventId":""}
{"@timestamp":"2026-08-31T21:00:55.1008688+08:00","@version":"1","message":"Mapped to com.segroup8.identity.controller.GovernanceController#reports(int, int, Integer, Long)","logger_name":"org.springframework.web.servlet.mvc.method.annotation.RequestMappingHandlerMapping","thread_name":"main","level":"DEBUG","level_value":10000,"service":"identity-governance-service","eventId":""}
{"@timestamp":"2026-08-31T21:00:55.1018771+08:00","@version":"1","message":"Executing prepared SQL query","logger_name":"org.springframework.jdbc.core.JdbcTemplate","thread_name":"main","level":"DEBUG","level_value":10000,"traceId":"01531686-4666-401d-9121-e606145e7521","requestId":"01531686-4666-401d-9121-e606145e7521","service":"identity-governance-service","eventId":""}
{"@timestamp":"2026-08-31T21:00:55.1018771+08:00","@version":"1","message":"Executing prepared SQL statement [SELECT * FROM `user` WHERE id=?]","logger_name":"org.springframework.jdbc.core.JdbcTemplate","thread_name":"main","level":"DEBUG","level_value":10000,"traceId":"01531686-4666-401d-9121-e606145e7521","requestId":"01531686-4666-401d-9121-e606145e7521","service":"identity-governance-service","eventId":""}
{"@timestamp":"2026-08-31T21:00:55.102882+08:00","@version":"1","message":"Executing prepared SQL query","logger_name":"org.springframework.jdbc.core.JdbcTemplate","thread_name":"main","level":"DEBUG","level_value":10000,"traceId":"01531686-4666-401d-9121-e606145e7521","requestId":"01531686-4666-401d-9121-e606145e7521","service":"identity-governance-service","eventId":""}
{"@timestamp":"2026-08-31T21:00:55.102882+08:00","@version":"1","message":"Executing prepared SQL statement [SELECT COUNT(*) FROM user_report]","logger_name":"org.springframework.jdbc.core.JdbcTemplate","thread_name":"main","level":"DEBUG","level_value":10000,"traceId":"01531686-4666-401d-9121-e606145e7521","requestId":"01531686-4666-401d-9121-e606145e7521","service":"identity-governance-service","eventId":""}
{"@timestamp":"2026-08-31T21:00:55.102882+08:00","@version":"1","message":"Executing prepared SQL query","logger_name":"org.springframework.jdbc.core.JdbcTemplate","thread_name":"main","level":"DEBUG","level_value":10000,"traceId":"01531686-4666-401d-9121-e606145e7521","requestId":"01531686-4666-401d-9121-e606145e7521","service":"identity-governance-service","eventId":""}
{"@timestamp":"2026-08-31T21:00:55.102882+08:00","@version":"1","message":"Executing prepared SQL statement [SELECT * FROM user_report ORDER BY id DESC LIMIT ? OFFSET ?]","logger_name":"org.springframework.jdbc.core.JdbcTemplate","thread_name":"main","level":"DEBUG","level_value":10000,"traceId":"01531686-4666-401d-9121-e606145e7521","requestId":"01531686-4666-401d-9121-e606145e7521","service":"identity-governance-service","eventId":""}
{"@timestamp":"2026-08-31T21:00:55.1038808+08:00","@version":"1","message":"Using 'application/json', given [*/*] and supported [application/json, application/*+json]","logger_name":"org.springframework.web.servlet.mvc.method.annotation.RequestResponseBodyMethodProcessor","thread_name":"main","level":"DEBUG","level_value":10000,"traceId":"01531686-4666-401d-9121-e606145e7521","requestId":"01531686-4666-401d-9121-e606145e7521","service":"identity-governance-service","eventId":""}
{"@timestamp":"2026-08-31T21:00:55.1038808+08:00","@version":"1","message":"Writing [ApiResult[code=0, message=success, data={total=1, pageNum=1, pageSize=10, records=[{id=1, reporterId (truncated)...]","logger_name":"org.springframework.web.servlet.mvc.method.annotation.RequestResponseBodyMethodProcessor","thread_name":"main","level":"DEBUG","level_value":10000,"traceId":"01531686-4666-401d-9121-e606145e7521","requestId":"01531686-4666-401d-9121-e606145e7521","service":"identity-governance-service","eventId":""}
{"@timestamp":"2026-08-31T21:00:55.1048843+08:00","@version":"1","message":"Executing SQL query [SELECT id FROM user_report]","logger_name":"org.springframework.jdbc.core.JdbcTemplate","thread_name":"main","level":"DEBUG","level_value":10000,"service":"identity-governance-service","eventId":""}
{"@timestamp":"2026-08-31T21:00:55.1058815+08:00","@version":"1","message":"Mapped to com.segroup8.identity.controller.GovernanceController#audit(Map)","logger_name":"org.springframework.web.servlet.mvc.method.annotation.RequestMappingHandlerMapping","thread_name":"main","level":"DEBUG","level_value":10000,"service":"identity-governance-service","eventId":""}
{"@timestamp":"2026-08-31T21:00:55.1068768+08:00","@version":"1","message":"Executing prepared SQL query","logger_name":"org.springframework.jdbc.core.JdbcTemplate","thread_name":"main","level":"DEBUG","level_value":10000,"traceId":"afbe591b-c665-4474-8644-f943f292e347","requestId":"afbe591b-c665-4474-8644-f943f292e347","service":"identity-governance-service","eventId":""}
{"@timestamp":"2026-08-31T21:00:55.1068768+08:00","@version":"1","message":"Executing prepared SQL statement [SELECT * FROM `user` WHERE id=?]","logger_name":"org.springframework.jdbc.core.JdbcTemplate","thread_name":"main","level":"DEBUG","level_value":10000,"traceId":"afbe591b-c665-4474-8644-f943f292e347","requestId":"afbe591b-c665-4474-8644-f943f292e347","service":"identity-governance-service","eventId":""}
{"@timestamp":"2026-08-31T21:00:55.1083759+08:00","@version":"1","message":"Read \"application/json;charset=UTF-8\" to [{decision=1, reportId=1, adminRemark=confirmed}]","logger_name":"org.springframework.web.servlet.mvc.method.annotation.RequestResponseBodyMethodProcessor","thread_name":"main","level":"DEBUG","level_value":10000,"traceId":"afbe591b-c665-4474-8644-f943f292e347","requestId":"afbe591b-c665-4474-8644-f943f292e347","service":"identity-governance-service","eventId":""}
{"@timestamp":"2026-08-31T21:00:55.1083759+08:00","@version":"1","message":"Executing prepared SQL query","logger_name":"org.springframework.jdbc.core.JdbcTemplate","thread_name":"main","level":"DEBUG","level_value":10000,"traceId":"afbe591b-c665-4474-8644-f943f292e347","requestId":"afbe591b-c665-4474-8644-f943f292e347","service":"identity-governance-service","eventId":""}
{"@timestamp":"2026-08-31T21:00:55.1083759+08:00","@version":"1","message":"Executing prepared SQL statement [SELECT * FROM user_report WHERE id=?]","logger_name":"org.springframework.jdbc.core.JdbcTemplate","thread_name":"main","level":"DEBUG","level_value":10000,"traceId":"afbe591b-c665-4474-8644-f943f292e347","requestId":"afbe591b-c665-4474-8644-f943f292e347","service":"identity-governance-service","eventId":""}
{"@timestamp":"2026-08-31T21:00:55.1094042+08:00","@version":"1","message":"Executing prepared SQL update","logger_name":"org.springframework.jdbc.core.JdbcTemplate","thread_name":"main","level":"DEBUG","level_value":10000,"traceId":"afbe591b-c665-4474-8644-f943f292e347","requestId":"afbe591b-c665-4474-8644-f943f292e347","service":"identity-governance-service","eventId":""}
{"@timestamp":"2026-08-31T21:00:55.1094042+08:00","@version":"1","message":"Executing prepared SQL statement [UPDATE user_report SET status=?,admin_id=?,admin_remark=?,audit_time=CURRENT_TIMESTAMP,update_time=CURRENT_TIMESTAMP WHERE id=?]","logger_name":"org.springframework.jdbc.core.JdbcTemplate","thread_name":"main","level":"DEBUG","level_value":10000,"traceId":"afbe591b-c665-4474-8644-f943f292e347","requestId":"afbe591b-c665-4474-8644-f943f292e347","service":"identity-governance-service","eventId":""}
{"@timestamp":"2026-08-31T21:00:55.1103847+08:00","@version":"1","message":"Executing prepared SQL update","logger_name":"org.springframework.jdbc.core.JdbcTemplate","thread_name":"main","level":"DEBUG","level_value":10000,"traceId":"afbe591b-c665-4474-8644-f943f292e347","requestId":"afbe591b-c665-4474-8644-f943f292e347","service":"identity-governance-service","eventId":""}
{"@timestamp":"2026-08-31T21:00:55.1103847+08:00","@version":"1","message":"Executing prepared SQL statement [UPDATE `user` SET credit_score=GREATEST(0,credit_score-?),buyer_credit_score=GREATEST(0,buyer_credit_score-?) WHERE id=?]","logger_name":"org.springframework.jdbc.core.JdbcTemplate","thread_name":"main","level":"DEBUG","level_value":10000,"traceId":"afbe591b-c665-4474-8644-f943f292e347","requestId":"afbe591b-c665-4474-8644-f943f292e347","service":"identity-governance-service","eventId":""}
{"@timestamp":"2026-08-31T21:00:55.1103847+08:00","@version":"1","message":"Executing prepared SQL update","logger_name":"org.springframework.jdbc.core.JdbcTemplate","thread_name":"main","level":"DEBUG","level_value":10000,"traceId":"afbe591b-c665-4474-8644-f943f292e347","requestId":"afbe591b-c665-4474-8644-f943f292e347","service":"identity-governance-service","eventId":""}
{"@timestamp":"2026-08-31T21:00:55.1103847+08:00","@version":"1","message":"Executing prepared SQL statement [INSERT INTO credit_score_log(user_id,role,delta,reason_code,reason_desc,ref_id,operator_id) VALUES(?,'BUYER',?,'REPORT_UPHELD',?,?,?)]","logger_name":"org.springframework.jdbc.core.JdbcTemplate","thread_name":"main","level":"DEBUG","level_value":10000,"traceId":"afbe591b-c665-4474-8644-f943f292e347","requestId":"afbe591b-c665-4474-8644-f943f292e347","service":"identity-governance-service","eventId":""}
{"@timestamp":"2026-08-31T21:00:55.1113905+08:00","@version":"1","message":"Executing prepared SQL update","logger_name":"org.springframework.jdbc.core.JdbcTemplate","thread_name":"main","level":"DEBUG","level_value":10000,"traceId":"afbe591b-c665-4474-8644-f943f292e347","requestId":"afbe591b-c665-4474-8644-f943f292e347","service":"identity-governance-service","eventId":""}
{"@timestamp":"2026-08-31T21:00:55.1113905+08:00","@version":"1","message":"Executing prepared SQL statement [INSERT INTO admin_audit_log(admin_user_id,admin_username,action,target_type,target_id,detail) VALUES(?,?,?,?,?,?)]","logger_name":"org.springframework.jdbc.core.JdbcTemplate","thread_name":"main","level":"DEBUG","level_value":10000,"traceId":"afbe591b-c665-4474-8644-f943f292e347","requestId":"afbe591b-c665-4474-8644-f943f292e347","service":"identity-governance-service","eventId":""}
{"@timestamp":"2026-08-31T21:00:55.1123892+08:00","@version":"1","message":"Using 'application/json', given [*/*] and supported [application/json, application/*+json]","logger_name":"org.springframework.web.servlet.mvc.method.annotation.RequestResponseBodyMethodProcessor","thread_name":"main","level":"DEBUG","level_value":10000,"traceId":"afbe591b-c665-4474-8644-f943f292e347","requestId":"afbe591b-c665-4474-8644-f943f292e347","service":"identity-governance-service","eventId":""}
{"@timestamp":"2026-08-31T21:00:55.1123892+08:00","@version":"1","message":"Writing [ApiResult[code=0, message=success, data=null]]","logger_name":"org.springframework.web.servlet.mvc.method.annotation.RequestResponseBodyMethodProcessor","thread_name":"main","level":"DEBUG","level_value":10000,"traceId":"afbe591b-c665-4474-8644-f943f292e347","requestId":"afbe591b-c665-4474-8644-f943f292e347","service":"identity-governance-service","eventId":""}
{"@timestamp":"2026-08-31T21:00:55.113388+08:00","@version":"1","message":"Mapped to com.segroup8.identity.controller.GovernanceController#adjust(long, String, int, String)","logger_name":"org.springframework.web.servlet.mvc.method.annotation.RequestMappingHandlerMapping","thread_name":"main","level":"DEBUG","level_value":10000,"service":"identity-governance-service","eventId":""}
{"@timestamp":"2026-08-31T21:00:55.1143841+08:00","@version":"1","message":"Executing prepared SQL query","logger_name":"org.springframework.jdbc.core.JdbcTemplate","thread_name":"main","level":"DEBUG","level_value":10000,"traceId":"f52cc77d-9217-4aaf-bca7-5b4e4950ffee","requestId":"f52cc77d-9217-4aaf-bca7-5b4e4950ffee","service":"identity-governance-service","eventId":""}
{"@timestamp":"2026-08-31T21:00:55.1143841+08:00","@version":"1","message":"Executing prepared SQL statement [SELECT * FROM `user` WHERE id=?]","logger_name":"org.springframework.jdbc.core.JdbcTemplate","thread_name":"main","level":"DEBUG","level_value":10000,"traceId":"f52cc77d-9217-4aaf-bca7-5b4e4950ffee","requestId":"f52cc77d-9217-4aaf-bca7-5b4e4950ffee","service":"identity-governance-service","eventId":""}
{"@timestamp":"2026-08-31T21:00:55.1157944+08:00","@version":"1","message":"Executing prepared SQL update","logger_name":"org.springframework.jdbc.core.JdbcTemplate","thread_name":"main","level":"DEBUG","level_value":10000,"traceId":"f52cc77d-9217-4aaf-bca7-5b4e4950ffee","requestId":"f52cc77d-9217-4aaf-bca7-5b4e4950ffee","service":"identity-governance-service","eventId":""}
{"@timestamp":"2026-08-31T21:00:55.1157944+08:00","@version":"1","message":"Executing prepared SQL statement [UPDATE `user` SET seller_credit_score=LEAST(100,GREATEST(0,seller_credit_score+?)) WHERE id=?]","logger_name":"org.springframework.jdbc.core.JdbcTemplate","thread_name":"main","level":"DEBUG","level_value":10000,"traceId":"f52cc77d-9217-4aaf-bca7-5b4e4950ffee","requestId":"f52cc77d-9217-4aaf-bca7-5b4e4950ffee","service":"identity-governance-service","eventId":""}
{"@timestamp":"2026-08-31T21:00:55.1167843+08:00","@version":"1","message":"Executing prepared SQL update","logger_name":"org.springframework.jdbc.core.JdbcTemplate","thread_name":"main","level":"DEBUG","level_value":10000,"traceId":"f52cc77d-9217-4aaf-bca7-5b4e4950ffee","requestId":"f52cc77d-9217-4aaf-bca7-5b4e4950ffee","service":"identity-governance-service","eventId":""}
{"@timestamp":"2026-08-31T21:00:55.1167843+08:00","@version":"1","message":"Executing prepared SQL statement [INSERT INTO credit_score_log(user_id,role,delta,reason_code,reason_desc,operator_id) VALUES(?,?,?,'ADMIN_ADJUST',?,?)]","logger_name":"org.springframework.jdbc.core.JdbcTemplate","thread_name":"main","level":"DEBUG","level_value":10000,"traceId":"f52cc77d-9217-4aaf-bca7-5b4e4950ffee","requestId":"f52cc77d-9217-4aaf-bca7-5b4e4950ffee","service":"identity-governance-service","eventId":""}
{"@timestamp":"2026-08-31T21:00:55.1178575+08:00","@version":"1","message":"Executing prepared SQL update","logger_name":"org.springframework.jdbc.core.JdbcTemplate","thread_name":"main","level":"DEBUG","level_value":10000,"traceId":"f52cc77d-9217-4aaf-bca7-5b4e4950ffee","requestId":"f52cc77d-9217-4aaf-bca7-5b4e4950ffee","service":"identity-governance-service","eventId":""}
{"@timestamp":"2026-08-31T21:00:55.1178575+08:00","@version":"1","message":"Executing prepared SQL statement [INSERT INTO admin_audit_log(admin_user_id,admin_username,action,target_type,target_id,detail) VALUES(?,?,?,?,?,?)]","logger_name":"org.springframework.jdbc.core.JdbcTemplate","thread_name":"main","level":"DEBUG","level_value":10000,"traceId":"f52cc77d-9217-4aaf-bca7-5b4e4950ffee","requestId":"f52cc77d-9217-4aaf-bca7-5b4e4950ffee","service":"identity-governance-service","eventId":""}
{"@timestamp":"2026-08-31T21:00:55.118868+08:00","@version":"1","message":"Using 'application/json', given [*/*] and supported [application/json, application/*+json]","logger_name":"org.springframework.web.servlet.mvc.method.annotation.RequestResponseBodyMethodProcessor","thread_name":"main","level":"DEBUG","level_value":10000,"traceId":"f52cc77d-9217-4aaf-bca7-5b4e4950ffee","requestId":"f52cc77d-9217-4aaf-bca7-5b4e4950ffee","service":"identity-governance-service","eventId":""}
{"@timestamp":"2026-08-31T21:00:55.118868+08:00","@version":"1","message":"Writing [ApiResult[code=0, message=success, data=null]]","logger_name":"org.springframework.web.servlet.mvc.method.annotation.RequestResponseBodyMethodProcessor","thread_name":"main","level":"DEBUG","level_value":10000,"traceId":"f52cc77d-9217-4aaf-bca7-5b4e4950ffee","requestId":"f52cc77d-9217-4aaf-bca7-5b4e4950ffee","service":"identity-governance-service","eventId":""}
]]></system-out>
  </testcase>
</testsuite>